[0.352s] DEBUG:colcon:Command line arguments: ['/usr/bin/colcon', 'list', '-p', '--base-paths', '/home/mohamad/Inmind/Johnny-Answers-Session11']
[0.352s] DEBUG:colcon:Parsed command line arguments: Namespace(log_base=None, log_level=None, verb_name='list', build_base='build', ignore_user_meta=False, metas=['./colcon.meta'], base_paths=['/home/mohamad/Inmind/Johnny-Answers-Session11'], packages_ignore=None, packages_ignore_regex=None, paths=None, packages_up_to=None, packages_up_to_regex=None, packages_above=None, packages_above_and_dependencies=None, packages_above_depth=None, packages_select_by_dep=None, packages_skip_by_dep=None, packages_skip_up_to=None, packages_select_build_failed=False, packages_skip_build_finished=False, packages_select_test_failures=False, packages_skip_test_passed=False, packages_select=None, packages_skip=None, packages_select_regex=None, packages_skip_regex=None, packages_start=None, packages_end=None, allow_overriding=[], topological_order=False, names_only=False, paths_only=True, topological_graph=False, topological_graph_dot=False, topological_graph_density=False, topological_graph_legend=False, topological_graph_dot_cluster=False, topological_graph_dot_include_skipped=False, verb_parser=<colcon_defaults.argument_parser.defaults.DefaultArgumentsDecorator object at 0x710afc325db0>, verb_extension=<colcon_package_information.verb.list.ListVerb object at 0x710afc42df60>, main=<bound method ListVerb.main of <colcon_package_information.verb.list.ListVerb object at 0x710afc42df60>>)
[1.452s] Level 1:colcon.colcon_core.package_discovery:discover_packages(colcon_meta) check parameters
[1.453s] Level 1:colcon.colcon_core.package_discovery:discover_packages(recursive) check parameters
[1.453s] Level 1:colcon.colcon_core.package_discovery:discover_packages(ignore) check parameters
[1.453s] Level 1:colcon.colcon_core.package_discovery:discover_packages(path) check parameters
[1.453s] Level 1:colcon.colcon_core.package_discovery:discover_packages(recursive) discover
[1.453s] INFO:colcon.colcon_core.package_discovery:Crawling recursively for packages in '/home/mohamad/Inmind/Johnny-Answers-Session11'
[1.453s] Level 1:colcon.colcon_core.package_identification:_identify(/home/mohamad/Inmind/Johnny-Answers-Session11) by extensions ['ignore', 'ignore_ament_install']
[1.453s] Level 1:colcon.colcon_core.package_identification:_identify(/home/mohamad/Inmind/Johnny-Answers-Session11) by extension 'ignore'
[1.453s] Level 1:colcon.colcon_core.package_identification:_identify(/home/mohamad/Inmind/Johnny-Answers-Session11) by extension 'ignore_ament_install'
[1.454s] Level 1:colcon.colcon_core.package_identification:_identify(/home/mohamad/Inmind/Johnny-Answers-Session11) by extensions ['colcon_pkg']
[1.454s] Level 1:colcon.colcon_core.package_identification:_identify(/home/mohamad/Inmind/Johnny-Answers-Session11) by extension 'colcon_pkg'
[1.454s] Level 1:colcon.colcon_core.package_identification:_identify(/home/mohamad/Inmind/Johnny-Answers-Session11) by extensions ['colcon_meta']
[1.454s] Level 1:colcon.colcon_core.package_identification:_identify(/home/mohamad/Inmind/Johnny-Answers-Session11) by extension 'colcon_meta'
[1.454s] Level 1:colcon.colcon_core.package_identification:_identify(/home/mohamad/Inmind/Johnny-Answers-Session11) by extensions ['ros']
[1.454s] Level 1:colcon.colcon_core.package_identification:_identify(/home/mohamad/Inmind/Johnny-Answers-Session11) by extension 'ros'
[1.633s] Level 1:colcon.colcon_core.package_identification:_identify(/home/mohamad/Inmind/Johnny-Answers-Session11) by extensions ['cmake', 'python']
[1.633s] Level 1:colcon.colcon_core.package_identification:_identify(/home/mohamad/Inmind/Johnny-Answers-Session11) by extension 'cmake'
[1.633s] Level 1:colcon.colcon_core.package_identification:_identify(/home/mohamad/Inmind/Johnny-Answers-Session11) by extension 'python'
[1.633s] Level 1:colcon.colcon_core.package_identification:_identify(/home/mohamad/Inmind/Johnny-Answers-Session11) by extensions ['python_setup_py']
[1.633s] Level 1:colcon.colcon_core.package_identification:_identify(/home/mohamad/Inmind/Johnny-Answers-Session11) by extension 'python_setup_py'
[1.662s] Level 1:colcon.colcon_core.package_identification:_identify(/home/mohamad/Inmind/Johnny-Answers-Session11/build) by extensions ['ignore', 'ignore_ament_install']
[1.663s] Level 1:colcon.colcon_core.package_identification:_identify(/home/mohamad/Inmind/Johnny-Answers-Session11/build) by extension 'ignore'
[1.663s] Level 1:colcon.colcon_core.package_identification:_identify(/home/mohamad/Inmind/Johnny-Answers-Session11/build) ignored
[1.663s] Level 1:colcon.colcon_core.package_identification:_identify(/home/mohamad/Inmind/Johnny-Answers-Session11/install) by extensions ['ignore', 'ignore_ament_install']
[1.673s] Level 1:colcon.colcon_core.package_identification:_identify(/home/mohamad/Inmind/Johnny-Answers-Session11/install) by extension 'ignore'
[1.674s] Level 1:colcon.colcon_core.package_identification:_identify(/home/mohamad/Inmind/Johnny-Answers-Session11/install) ignored
[1.674s] Level 1:colcon.colcon_core.package_identification:_identify(/home/mohamad/Inmind/Johnny-Answers-Session11/log) by extensions ['ignore', 'ignore_ament_install']
[1.675s] Level 1:colcon.colcon_core.package_identification:_identify(/home/mohamad/Inmind/Johnny-Answers-Session11/log) by extension 'ignore'
[1.675s] Level 1:colcon.colcon_core.package_identification:_identify(/home/mohamad/Inmind/Johnny-Answers-Session11/log) ignored
[1.676s] Level 1:colcon.colcon_core.package_identification:_identify(/home/mohamad/Inmind/Johnny-Answers-Session11/src) by extensions ['ignore', 'ignore_ament_install']
[1.676s] Level 1:colcon.colcon_core.package_identification:_identify(/home/mohamad/Inmind/Johnny-Answers-Session11/src) by extension 'ignore'
[1.676s] Level 1:colcon.colcon_core.package_identification:_identify(/home/mohamad/Inmind/Johnny-Answers-Session11/src) by extension 'ignore_ament_install'
[1.676s] Level 1:colcon.colcon_core.package_identification:_identify(/home/mohamad/Inmind/Johnny-Answers-Session11/src) by extensions ['colcon_pkg']
[1.676s] Level 1:colcon.colcon_core.package_identification:_identify(/home/mohamad/Inmind/Johnny-Answers-Session11/src) by extension 'colcon_pkg'
[1.676s] Level 1:colcon.colcon_core.package_identification:_identify(/home/mohamad/Inmind/Johnny-Answers-Session11/src) by extensions ['colcon_meta']
[1.676s] Level 1:colcon.colcon_core.package_identification:_identify(/home/mohamad/Inmind/Johnny-Answers-Session11/src) by extension 'colcon_meta'
[1.676s] Level 1:colcon.colcon_core.package_identification:_identify(/home/mohamad/Inmind/Johnny-Answers-Session11/src) by extensions ['ros']
[1.676s] Level 1:colcon.colcon_core.package_identification:_identify(/home/mohamad/Inmind/Johnny-Answers-Session11/src) by extension 'ros'
[1.676s] Level 1:colcon.colcon_core.package_identification:_identify(/home/mohamad/Inmind/Johnny-Answers-Session11/src) by extensions ['cmake', 'python']
[1.676s] Level 1:colcon.colcon_core.package_identification:_identify(/home/mohamad/Inmind/Johnny-Answers-Session11/src) by extension 'cmake'
[1.676s] Level 1:colcon.colcon_core.package_identification:_identify(/home/mohamad/Inmind/Johnny-Answers-Session11/src) by extension 'python'
[1.676s] Level 1:colcon.colcon_core.package_identification:_identify(/home/mohamad/Inmind/Johnny-Answers-Session11/src) by extensions ['python_setup_py']
[1.676s] Level 1:colcon.colcon_core.package_identification:_identify(/home/mohamad/Inmind/Johnny-Answers-Session11/src) by extension 'python_setup_py'
[1.677s] Level 1:colcon.colcon_core.package_identification:_identify(/home/mohamad/Inmind/Johnny-Answers-Session11/src/robot_avoidance) by extensions ['ignore', 'ignore_ament_install']
[1.677s] Level 1:colcon.colcon_core.package_identification:_identify(/home/mohamad/Inmind/Johnny-Answers-Session11/src/robot_avoidance) by extension 'ignore'
[1.677s] Level 1:colcon.colcon_core.package_identification:_identify(/home/mohamad/Inmind/Johnny-Answers-Session11/src/robot_avoidance) by extension 'ignore_ament_install'
[1.677s] Level 1:colcon.colcon_core.package_identification:_identify(/home/mohamad/Inmind/Johnny-Answers-Session11/src/robot_avoidance) by extensions ['colcon_pkg']
[1.678s] Level 1:colcon.colcon_core.package_identification:_identify(/home/mohamad/Inmind/Johnny-Answers-Session11/src/robot_avoidance) by extension 'colcon_pkg'
[1.678s] Level 1:colcon.colcon_core.package_identification:_identify(/home/mohamad/Inmind/Johnny-Answers-Session11/src/robot_avoidance) by extensions ['colcon_meta']
[1.678s] Level 1:colcon.colcon_core.package_identification:_identify(/home/mohamad/Inmind/Johnny-Answers-Session11/src/robot_avoidance) by extension 'colcon_meta'
[1.678s] Level 1:colcon.colcon_core.package_identification:_identify(/home/mohamad/Inmind/Johnny-Answers-Session11/src/robot_avoidance) by extensions ['ros']
[1.678s] Level 1:colcon.colcon_core.package_identification:_identify(/home/mohamad/Inmind/Johnny-Answers-Session11/src/robot_avoidance) by extension 'ros'
[1.785s] DEBUG:colcon.colcon_core.package_identification:Package '/home/mohamad/Inmind/Johnny-Answers-Session11/src/robot_avoidance' with type 'ros.ament_cmake' and name 'robot_avoidance'
[1.786s] Level 1:colcon.colcon_core.package_discovery:discover_packages(recursive) using defaults
