[0.879s] DEBUG:colcon:Command line arguments: ['/usr/bin/colcon', 'build']
[0.879s] DEBUG:colcon:Parsed command line arguments: Namespace(log_base=None, log_level=None, verb_name='build', build_base='build', install_base='install', merge_install=False, symlink_install=False, test_result_base=None, continue_on_error=False, executor='parallel', parallel_workers=4, event_handlers=None, ignore_user_meta=False, metas=['./colcon.meta'], base_paths=['.'], packages_ignore=None, packages_ignore_regex=None, paths=None, packages_up_to=None, packages_up_to_regex=None, packages_above=None, packages_above_and_dependencies=None, packages_above_depth=None, packages_select_by_dep=None, packages_skip_by_dep=None, packages_skip_up_to=None, packages_select_build_failed=False, packages_skip_build_finished=False, packages_select_test_failures=False, packages_skip_test_passed=False, packages_select=None, packages_skip=None, packages_select_regex=None, packages_skip_regex=None, packages_start=None, packages_end=None, allow_overriding=[], cmake_args=None, cmake_target=None, cmake_target_skip_unavailable=False, cmake_clean_cache=False, cmake_clean_first=False, cmake_force_configure=False, ament_cmake_args=None, catkin_cmake_args=None, catkin_skip_building_tests=False, verb_parser=<colcon_defaults.argument_parser.defaults.DefaultArgumentsDecorator object at 0x79513b6353c0>, verb_extension=<colcon_core.verb.build.BuildVerb object at 0x79513b634e80>, main=<bound method BuildVerb.main of <colcon_core.verb.build.BuildVerb object at 0x79513b634e80>>)
[4.630s] Level 1:colcon.colcon_core.package_discovery:discover_packages(colcon_meta) check parameters
[4.630s] Level 1:colcon.colcon_core.package_discovery:discover_packages(recursive) check parameters
[4.630s] Level 1:colcon.colcon_core.package_discovery:discover_packages(ignore) check parameters
[4.630s] Level 1:colcon.colcon_core.package_discovery:discover_packages(path) check parameters
[4.630s] Level 1:colcon.colcon_core.package_discovery:discover_packages(colcon_meta) discover
[4.631s] Level 1:colcon.colcon_core.package_discovery:discover_packages(recursive) discover
[4.631s] INFO:colcon.colcon_core.package_discovery:Crawling recursively for packages in '/home/mohamad/Inmind/Johnny-Answers-Session11'
[4.631s] Level 1:colcon.colcon_core.package_identification:_identify(.) by extensions ['ignore', 'ignore_ament_install']
[4.631s] Level 1:colcon.colcon_core.package_identification:_identify(.) by extension 'ignore'
[4.631s] Level 1:colcon.colcon_core.package_identification:_identify(.) by extension 'ignore_ament_install'
[4.631s] Level 1:colcon.colcon_core.package_identification:_identify(.) by extensions ['colcon_pkg']
[4.631s] Level 1:colcon.colcon_core.package_identification:_identify(.) by extension 'colcon_pkg'
[4.631s] Level 1:colcon.colcon_core.package_identification:_identify(.) by extensions ['colcon_meta']
[4.631s] Level 1:colcon.colcon_core.package_identification:_identify(.) by extension 'colcon_meta'
[4.631s] Level 1:colcon.colcon_core.package_identification:_identify(.) by extensions ['ros']
[4.631s] Level 1:colcon.colcon_core.package_identification:_identify(.) by extension 'ros'
[4.810s] Level 1:colcon.colcon_core.package_identification:_identify(.) by extensions ['cmake', 'python']
[4.811s] Level 1:colcon.colcon_core.package_identification:_identify(.) by extension 'cmake'
[4.818s] Level 1:colcon.colcon_core.package_identification:_identify(.) by extension 'python'
[4.818s] Level 1:colcon.colcon_core.package_identification:_identify(.) by extensions ['python_setup_py']
[4.818s] Level 1:colcon.colcon_core.package_identification:_identify(.) by extension 'python_setup_py'
[4.818s] Level 1:colcon.colcon_core.package_identification:_identify(build) by extensions ['ignore', 'ignore_ament_install']
[4.818s] Level 1:colcon.colcon_core.package_identification:_identify(build) by extension 'ignore'
[4.818s] Level 1:colcon.colcon_core.package_identification:_identify(build) ignored
[4.819s] Level 1:colcon.colcon_core.package_identification:_identify(install) by extensions ['ignore', 'ignore_ament_install']
[4.819s] Level 1:colcon.colcon_core.package_identification:_identify(install) by extension 'ignore'
[4.819s] Level 1:colcon.colcon_core.package_identification:_identify(install) ignored
[4.819s] Level 1:colcon.colcon_core.package_identification:_identify(log) by extensions ['ignore', 'ignore_ament_install']
[4.819s] Level 1:colcon.colcon_core.package_identification:_identify(log) by extension 'ignore'
[4.819s] Level 1:colcon.colcon_core.package_identification:_identify(log) ignored
[4.819s] Level 1:colcon.colcon_core.package_identification:_identify(src) by extensions ['ignore', 'ignore_ament_install']
[4.819s] Level 1:colcon.colcon_core.package_identification:_identify(src) by extension 'ignore'
[4.820s] Level 1:colcon.colcon_core.package_identification:_identify(src) by extension 'ignore_ament_install'
[4.820s] Level 1:colcon.colcon_core.package_identification:_identify(src) by extensions ['colcon_pkg']
[4.820s] Level 1:colcon.colcon_core.package_identification:_identify(src) by extension 'colcon_pkg'
[4.820s] Level 1:colcon.colcon_core.package_identification:_identify(src) by extensions ['colcon_meta']
[4.820s] Level 1:colcon.colcon_core.package_identification:_identify(src) by extension 'colcon_meta'
[4.820s] Level 1:colcon.colcon_core.package_identification:_identify(src) by extensions ['ros']
[4.820s] Level 1:colcon.colcon_core.package_identification:_identify(src) by extension 'ros'
[4.820s] Level 1:colcon.colcon_core.package_identification:_identify(src) by extensions ['cmake', 'python']
[4.832s] Level 1:colcon.colcon_core.package_identification:_identify(src) by extension 'cmake'
[4.833s] Level 1:colcon.colcon_core.package_identification:_identify(src) by extension 'python'
[4.833s] Level 1:colcon.colcon_core.package_identification:_identify(src) by extensions ['python_setup_py']
[4.833s] Level 1:colcon.colcon_core.package_identification:_identify(src) by extension 'python_setup_py'
[4.843s] Level 1:colcon.colcon_core.package_identification:_identify(src/robot_avoidance) by extensions ['ignore', 'ignore_ament_install']
[4.843s] Level 1:colcon.colcon_core.package_identification:_identify(src/robot_avoidance) by extension 'ignore'
[4.843s] Level 1:colcon.colcon_core.package_identification:_identify(src/robot_avoidance) by extension 'ignore_ament_install'
[4.844s] Level 1:colcon.colcon_core.package_identification:_identify(src/robot_avoidance) by extensions ['colcon_pkg']
[4.844s] Level 1:colcon.colcon_core.package_identification:_identify(src/robot_avoidance) by extension 'colcon_pkg'
[4.844s] Level 1:colcon.colcon_core.package_identification:_identify(src/robot_avoidance) by extensions ['colcon_meta']
[4.844s] Level 1:colcon.colcon_core.package_identification:_identify(src/robot_avoidance) by extension 'colcon_meta'
[4.844s] Level 1:colcon.colcon_core.package_identification:_identify(src/robot_avoidance) by extensions ['ros']
[4.845s] Level 1:colcon.colcon_core.package_identification:_identify(src/robot_avoidance) by extension 'ros'
[4.916s] DEBUG:colcon.colcon_core.package_identification:Package 'src/robot_avoidance' with type 'ros.ament_cmake' and name 'robot_avoidance'
[4.919s] Level 1:colcon.colcon_core.package_discovery:discover_packages(recursive) using defaults
[4.920s] Level 1:colcon.colcon_core.package_discovery:discover_packages(ignore) discover
[4.920s] Level 1:colcon.colcon_core.package_discovery:discover_packages(ignore) using defaults
[4.921s] Level 1:colcon.colcon_core.package_discovery:discover_packages(path) discover
[4.921s] Level 1:colcon.colcon_core.package_discovery:discover_packages(path) using defaults
[5.223s] Level 1:colcon.colcon_core.package_discovery:discover_packages(prefix_path) check parameters
[5.224s] Level 1:colcon.colcon_core.package_discovery:discover_packages(prefix_path) discover
[5.301s] DEBUG:colcon.colcon_installed_package_information.package_discovery:Found 1 installed packages in /home/mohamad/Inmind/Johnny-Answers-Session11/install
[5.303s] DEBUG:colcon.colcon_installed_package_information.package_discovery:Found 2 installed packages in /home/mohamad/Inmind/Robotics-Session9-Assignment/Session9_ros2_ws/install
[5.304s] DEBUG:colcon.colcon_installed_package_information.package_discovery:Found 2 installed packages in /home/mohamad/Inmind/Robotics-Session7-Assignment/Session7_ros2_ws/install
[5.306s] DEBUG:colcon.colcon_installed_package_information.package_discovery:Found 2 installed packages in /home/mohamad/Inmind/Robotics-Session6-Assignment/Session6_ros2_ws/install
[5.309s] DEBUG:colcon.colcon_installed_package_information.package_discovery:Found 1 installed packages in /home/mohamad/Inmind/Robotics-Session5-Ros2/session5_ros2_ws/install
[5.313s] DEBUG:colcon.colcon_installed_package_information.package_discovery:Found 1 installed packages in /home/mohamad/Inmind/ros2_ws/install
[5.314s] DEBUG:colcon.colcon_installed_package_information.package_discovery:Found 1 installed packages in /home/mohamad/ros2_ws/install
[5.319s] DEBUG:colcon.colcon_installed_package_information.package_discovery:Found 337 installed packages in /opt/ros/humble
[5.395s] Level 1:colcon.colcon_core.package_discovery:discover_packages(prefix_path) using defaults
[6.066s] Level 5:colcon.colcon_core.verb:set package 'robot_avoidance' build argument 'cmake_args' from command line to 'None'
[6.066s] Level 5:colcon.colcon_core.verb:set package 'robot_avoidance' build argument 'cmake_target' from command line to 'None'
[6.066s] Level 5:colcon.colcon_core.verb:set package 'robot_avoidance' build argument 'cmake_target_skip_unavailable' from command line to 'False'
[6.066s] Level 5:colcon.colcon_core.verb:set package 'robot_avoidance' build argument 'cmake_clean_cache' from command line to 'False'
[6.066s] Level 5:colcon.colcon_core.verb:set package 'robot_avoidance' build argument 'cmake_clean_first' from command line to 'False'
[6.066s] Level 5:colcon.colcon_core.verb:set package 'robot_avoidance' build argument 'cmake_force_configure' from command line to 'False'
[6.066s] Level 5:colcon.colcon_core.verb:set package 'robot_avoidance' build argument 'ament_cmake_args' from command line to 'None'
[6.066s] Level 5:colcon.colcon_core.verb:set package 'robot_avoidance' build argument 'catkin_cmake_args' from command line to 'None'
[6.067s] Level 5:colcon.colcon_core.verb:set package 'robot_avoidance' build argument 'catkin_skip_building_tests' from command line to 'False'
[6.067s] DEBUG:colcon.colcon_core.verb:Building package 'robot_avoidance' with the following arguments: {'ament_cmake_args': None, 'build_base': '/home/mohamad/Inmind/Johnny-Answers-Session11/build/robot_avoidance', 'catkin_cmake_args': None, 'catkin_skip_building_tests': False, 'cmake_args': None, 'cmake_clean_cache': False, 'cmake_clean_first': False, 'cmake_force_configure': False, 'cmake_target': None, 'cmake_target_skip_unavailable': False, 'install_base': '/home/mohamad/Inmind/Johnny-Answers-Session11/install/robot_avoidance', 'merge_install': False, 'path': '/home/mohamad/Inmind/Johnny-Answers-Session11/src/robot_avoidance', 'symlink_install': False, 'test_result_base': None}
[6.067s] INFO:colcon.colcon_core.executor:Executing jobs using 'parallel' executor
[6.070s] DEBUG:colcon.colcon_parallel_executor.executor.parallel:run_until_complete
[6.070s] INFO:colcon.colcon_ros.task.ament_cmake.build:Building ROS package in '/home/mohamad/Inmind/Johnny-Answers-Session11/src/robot_avoidance' with build type 'ament_cmake'
[6.070s] INFO:colcon.colcon_cmake.task.cmake.build:Building CMake package in '/home/mohamad/Inmind/Johnny-Answers-Session11/src/robot_avoidance'
[6.082s] INFO:colcon.colcon_core.plugin_system:Skipping extension 'colcon_core.shell.bat': Not used on non-Windows systems
[6.082s] INFO:colcon.colcon_core.shell:Skip shell extension 'powershell' for command environment: Not usable outside of PowerShell
[6.082s] DEBUG:colcon.colcon_core.shell:Skip shell extension 'dsv' for command environment
[6.576s] DEBUG:colcon.colcon_core.event_handler.log_command:Invoking command in '/home/mohamad/Inmind/Johnny-Answers-Session11/build/robot_avoidance': CMAKE_PREFIX_PATH=${CMAKE_PREFIX_PATH}:/home/mohamad/Inmind/Robotics-Session7-Assignment/Session7_ros2_ws/install/navigation_robot:/home/mohamad/Inmind/Robotics-Session6-Assignment/Session6_ros2_ws/install/session6_assignment:/home/mohamad/Inmind/ros2_ws/install/session5_academy:/home/mohamad/Inmind/Robotics-Session5-Ros2/session5_ros2_ws/install/session5_assignment:/home/mohamad/ros2_ws/install/my_robot_controller:/opt/ros/humble /usr/bin/cmake --build /home/mohamad/Inmind/Johnny-Answers-Session11/build/robot_avoidance -- -j4 -l4
[85.282s] DEBUG:colcon.colcon_core.event_handler.log_command:Invoked command in '/home/mohamad/Inmind/Johnny-Answers-Session11/build/robot_avoidance' returned '0': CMAKE_PREFIX_PATH=${CMAKE_PREFIX_PATH}:/home/mohamad/Inmind/Robotics-Session7-Assignment/Session7_ros2_ws/install/navigation_robot:/home/mohamad/Inmind/Robotics-Session6-Assignment/Session6_ros2_ws/install/session6_assignment:/home/mohamad/Inmind/ros2_ws/install/session5_academy:/home/mohamad/Inmind/Robotics-Session5-Ros2/session5_ros2_ws/install/session5_assignment:/home/mohamad/ros2_ws/install/my_robot_controller:/opt/ros/humble /usr/bin/cmake --build /home/mohamad/Inmind/Johnny-Answers-Session11/build/robot_avoidance -- -j4 -l4
[87.218s] DEBUG:colcon.colcon_core.event_handler.log_command:Invoking command in '/home/mohamad/Inmind/Johnny-Answers-Session11/build/robot_avoidance': CMAKE_PREFIX_PATH=${CMAKE_PREFIX_PATH}:/home/mohamad/Inmind/Robotics-Session7-Assignment/Session7_ros2_ws/install/navigation_robot:/home/mohamad/Inmind/Robotics-Session6-Assignment/Session6_ros2_ws/install/session6_assignment:/home/mohamad/Inmind/ros2_ws/install/session5_academy:/home/mohamad/Inmind/Robotics-Session5-Ros2/session5_ros2_ws/install/session5_assignment:/home/mohamad/ros2_ws/install/my_robot_controller:/opt/ros/humble /usr/bin/cmake --install /home/mohamad/Inmind/Johnny-Answers-Session11/build/robot_avoidance
[87.962s] Level 1:colcon.colcon_core.environment:create_environment_scripts_only(robot_avoidance)
[88.000s] DEBUG:colcon.colcon_core.event_handler.log_command:Invoked command in '/home/mohamad/Inmind/Johnny-Answers-Session11/build/robot_avoidance' returned '0': CMAKE_PREFIX_PATH=${CMAKE_PREFIX_PATH}:/home/mohamad/Inmind/Robotics-Session7-Assignment/Session7_ros2_ws/install/navigation_robot:/home/mohamad/Inmind/Robotics-Session6-Assignment/Session6_ros2_ws/install/session6_assignment:/home/mohamad/Inmind/ros2_ws/install/session5_academy:/home/mohamad/Inmind/Robotics-Session5-Ros2/session5_ros2_ws/install/session5_assignment:/home/mohamad/ros2_ws/install/my_robot_controller:/opt/ros/humble /usr/bin/cmake --install /home/mohamad/Inmind/Johnny-Answers-Session11/build/robot_avoidance
[88.284s] Level 1:colcon.colcon_core.environment:checking '/home/mohamad/Inmind/Johnny-Answers-Session11/install/robot_avoidance' for CMake module files
[88.370s] Level 1:colcon.colcon_core.environment:checking '/home/mohamad/Inmind/Johnny-Answers-Session11/install/robot_avoidance' for CMake config files
[88.371s] Level 1:colcon.colcon_core.shell:create_environment_hook('robot_avoidance', 'cmake_prefix_path')
[88.371s] INFO:colcon.colcon_core.shell:Creating environment hook '/home/mohamad/Inmind/Johnny-Answers-Session11/install/robot_avoidance/share/robot_avoidance/hook/cmake_prefix_path.ps1'
[88.384s] INFO:colcon.colcon_core.shell:Creating environment descriptor '/home/mohamad/Inmind/Johnny-Answers-Session11/install/robot_avoidance/share/robot_avoidance/hook/cmake_prefix_path.dsv'
[88.434s] INFO:colcon.colcon_core.shell:Creating environment hook '/home/mohamad/Inmind/Johnny-Answers-Session11/install/robot_avoidance/share/robot_avoidance/hook/cmake_prefix_path.sh'
[88.452s] Level 1:colcon.colcon_core.environment:checking '/home/mohamad/Inmind/Johnny-Answers-Session11/install/robot_avoidance/lib'
[88.452s] Level 1:colcon.colcon_core.environment:checking '/home/mohamad/Inmind/Johnny-Answers-Session11/install/robot_avoidance/bin'
[88.460s] Level 1:colcon.colcon_core.environment:checking '/home/mohamad/Inmind/Johnny-Answers-Session11/install/robot_avoidance/lib/pkgconfig/robot_avoidance.pc'
[88.460s] Level 1:colcon.colcon_core.environment:checking '/home/mohamad/Inmind/Johnny-Answers-Session11/install/robot_avoidance/lib/python3.10/site-packages'
[88.460s] Level 1:colcon.colcon_core.environment:checking '/home/mohamad/Inmind/Johnny-Answers-Session11/install/robot_avoidance/bin'
[88.498s] INFO:colcon.colcon_core.shell:Creating package script '/home/mohamad/Inmind/Johnny-Answers-Session11/install/robot_avoidance/share/robot_avoidance/package.ps1'
[88.500s] INFO:colcon.colcon_core.shell:Creating package descriptor '/home/mohamad/Inmind/Johnny-Answers-Session11/install/robot_avoidance/share/robot_avoidance/package.dsv'
[88.537s] INFO:colcon.colcon_core.shell:Creating package script '/home/mohamad/Inmind/Johnny-Answers-Session11/install/robot_avoidance/share/robot_avoidance/package.sh'
[88.573s] INFO:colcon.colcon_core.shell:Creating package script '/home/mohamad/Inmind/Johnny-Answers-Session11/install/robot_avoidance/share/robot_avoidance/package.bash'
[88.579s] INFO:colcon.colcon_core.shell:Creating package script '/home/mohamad/Inmind/Johnny-Answers-Session11/install/robot_avoidance/share/robot_avoidance/package.zsh'
[88.632s] Level 1:colcon.colcon_core.environment:create_file_with_runtime_dependencies(/home/mohamad/Inmind/Johnny-Answers-Session11/install/robot_avoidance/share/colcon-core/packages/robot_avoidance)
[90.310s] Level 1:colcon.colcon_core.environment:create_environment_scripts_only(robot_avoidance)
[90.318s] Level 1:colcon.colcon_core.environment:checking '/home/mohamad/Inmind/Johnny-Answers-Session11/install/robot_avoidance' for CMake module files
[90.318s] Level 1:colcon.colcon_core.environment:checking '/home/mohamad/Inmind/Johnny-Answers-Session11/install/robot_avoidance' for CMake config files
[90.323s] Level 1:colcon.colcon_core.shell:create_environment_hook('robot_avoidance', 'cmake_prefix_path')
[90.324s] INFO:colcon.colcon_core.shell:Creating environment hook '/home/mohamad/Inmind/Johnny-Answers-Session11/install/robot_avoidance/share/robot_avoidance/hook/cmake_prefix_path.ps1'
[90.374s] INFO:colcon.colcon_core.shell:Creating environment descriptor '/home/mohamad/Inmind/Johnny-Answers-Session11/install/robot_avoidance/share/robot_avoidance/hook/cmake_prefix_path.dsv'
[90.376s] INFO:colcon.colcon_core.shell:Creating environment hook '/home/mohamad/Inmind/Johnny-Answers-Session11/install/robot_avoidance/share/robot_avoidance/hook/cmake_prefix_path.sh'
[90.378s] Level 1:colcon.colcon_core.environment:checking '/home/mohamad/Inmind/Johnny-Answers-Session11/install/robot_avoidance/lib'
[90.378s] Level 1:colcon.colcon_core.environment:checking '/home/mohamad/Inmind/Johnny-Answers-Session11/install/robot_avoidance/bin'
[90.379s] Level 1:colcon.colcon_core.environment:checking '/home/mohamad/Inmind/Johnny-Answers-Session11/install/robot_avoidance/lib/pkgconfig/robot_avoidance.pc'
[90.380s] Level 1:colcon.colcon_core.environment:checking '/home/mohamad/Inmind/Johnny-Answers-Session11/install/robot_avoidance/lib/python3.10/site-packages'
[90.382s] Level 1:colcon.colcon_core.environment:checking '/home/mohamad/Inmind/Johnny-Answers-Session11/install/robot_avoidance/bin'
[90.384s] INFO:colcon.colcon_core.shell:Creating package script '/home/mohamad/Inmind/Johnny-Answers-Session11/install/robot_avoidance/share/robot_avoidance/package.ps1'
[90.389s] INFO:colcon.colcon_core.shell:Creating package descriptor '/home/mohamad/Inmind/Johnny-Answers-Session11/install/robot_avoidance/share/robot_avoidance/package.dsv'
[90.424s] INFO:colcon.colcon_core.shell:Creating package script '/home/mohamad/Inmind/Johnny-Answers-Session11/install/robot_avoidance/share/robot_avoidance/package.sh'
[90.547s] INFO:colcon.colcon_core.shell:Creating package script '/home/mohamad/Inmind/Johnny-Answers-Session11/install/robot_avoidance/share/robot_avoidance/package.bash'
[90.550s] INFO:colcon.colcon_core.shell:Creating package script '/home/mohamad/Inmind/Johnny-Answers-Session11/install/robot_avoidance/share/robot_avoidance/package.zsh'
[90.553s] Level 1:colcon.colcon_core.environment:create_file_with_runtime_dependencies(/home/mohamad/Inmind/Johnny-Answers-Session11/install/robot_avoidance/share/colcon-core/packages/robot_avoidance)
[90.617s] DEBUG:colcon.colcon_parallel_executor.executor.parallel:closing loop
[90.618s] DEBUG:colcon.colcon_parallel_executor.executor.parallel:loop closed
[90.618s] DEBUG:colcon.colcon_parallel_executor.executor.parallel:run_until_complete finished with '0'
[90.622s] DEBUG:colcon.colcon_core.event_reactor:joining thread
[90.865s] INFO:colcon.colcon_core.plugin_system:Skipping extension 'colcon_notification.desktop_notification.terminal_notifier': Not used on non-Darwin systems
[90.867s] INFO:colcon.colcon_core.plugin_system:Skipping extension 'colcon_notification.desktop_notification.win32': Not used on non-Windows systems
[90.867s] INFO:colcon.colcon_notification.desktop_notification:Sending desktop notification using 'notify2'
[91.170s] DEBUG:colcon.colcon_core.event_reactor:joined thread
[91.171s] INFO:colcon.colcon_core.shell:Creating prefix script '/home/mohamad/Inmind/Johnny-Answers-Session11/install/local_setup.ps1'
[91.175s] INFO:colcon.colcon_core.shell:Creating prefix util module '/home/mohamad/Inmind/Johnny-Answers-Session11/install/_local_setup_util_ps1.py'
[91.323s] INFO:colcon.colcon_core.shell:Creating prefix chain script '/home/mohamad/Inmind/Johnny-Answers-Session11/install/setup.ps1'
[91.332s] INFO:colcon.colcon_core.shell:Creating prefix script '/home/mohamad/Inmind/Johnny-Answers-Session11/install/local_setup.sh'
[91.334s] INFO:colcon.colcon_core.shell:Creating prefix util module '/home/mohamad/Inmind/Johnny-Answers-Session11/install/_local_setup_util_sh.py'
[91.337s] INFO:colcon.colcon_core.shell:Creating prefix chain script '/home/mohamad/Inmind/Johnny-Answers-Session11/install/setup.sh'
[91.341s] INFO:colcon.colcon_core.shell:Creating prefix script '/home/mohamad/Inmind/Johnny-Answers-Session11/install/local_setup.bash'
[91.351s] INFO:colcon.colcon_core.shell:Creating prefix chain script '/home/mohamad/Inmind/Johnny-Answers-Session11/install/setup.bash'
[91.356s] INFO:colcon.colcon_core.shell:Creating prefix script '/home/mohamad/Inmind/Johnny-Answers-Session11/install/local_setup.zsh'
[91.363s] INFO:colcon.colcon_core.shell:Creating prefix chain script '/home/mohamad/Inmind/Johnny-Answers-Session11/install/setup.zsh'
