[0.005s] Invoking command in '/home/jhny56/Desktop/Session11Test/GroupRMJ-VFF-Avoidance/build/robot_avoidance': CMAKE_PREFIX_PATH=/opt/ros/humble /usr/bin/cmake /home/jhny56/Desktop/Session11Test/GroupRMJ-VFF-Avoidance/src/robot_avoidance -DCMAKE_INSTALL_PREFIX=/home/jhny56/Desktop/Session11Test/GroupRMJ-VFF-Avoidance/install/robot_avoidance
[0.054s] -- The C compiler identification is GNU 11.4.0
[0.098s] -- The CXX compiler identification is GNU 11.4.0
[0.103s] -- Detecting C compiler ABI info
[0.164s] -- Detecting C compiler ABI info - done
[0.171s] -- Check for working C compiler: /usr/bin/cc - skipped
[0.171s] -- Detecting C compile features
[0.171s] -- Detecting C compile features - done
[0.175s] -- Detecting CXX compiler ABI info
[0.232s] -- Detecting CXX compiler ABI info - done
[0.237s] -- Check for working CXX compiler: /usr/bin/c++ - skipped
[0.237s] -- Detecting CXX compile features
[0.238s] -- Detecting CXX compile features - done
[0.239s] -- Found ament_cmake: 1.3.9 (/opt/ros/humble/share/ament_cmake/cmake)
[0.354s] -- Found Python3: /usr/bin/python3 (found version "3.10.12") found components: Interpreter 
[0.409s] -- Found rclcpp: 16.0.9 (/opt/ros/humble/share/rclcpp/cmake)
[0.442s] -- Found rosidl_generator_c: 3.1.5 (/opt/ros/humble/share/rosidl_generator_c/cmake)
[0.445s] -- Found rosidl_adapter: 3.1.5 (/opt/ros/humble/share/rosidl_adapter/cmake)
[0.450s] -- Found rosidl_generator_cpp: 3.1.5 (/opt/ros/humble/share/rosidl_generator_cpp/cmake)
[0.459s] -- Using all available rosidl_typesupport_c: rosidl_typesupport_fastrtps_c;rosidl_typesupport_introspection_c
[0.471s] -- Using all available rosidl_typesupport_cpp: rosidl_typesupport_fastrtps_cpp;rosidl_typesupport_introspection_cpp
[0.515s] -- Found rmw_implementation_cmake: 6.1.2 (/opt/ros/humble/share/rmw_implementation_cmake/cmake)
[0.517s] -- Found rmw_fastrtps_cpp: 6.2.6 (/opt/ros/humble/share/rmw_fastrtps_cpp/cmake)
[0.578s] -- Found OpenSSL: /usr/lib/x86_64-linux-gnu/libcrypto.so (found version "3.0.2")  
[0.600s] -- Found FastRTPS: /opt/ros/humble/include  
[0.630s] -- Using RMW implementation 'rmw_fastrtps_cpp' as default
[0.636s] -- Looking for pthread.h
[0.691s] -- Looking for pthread.h - found
[0.691s] -- Performing Test CMAKE_HAVE_LIBC_PTHREAD
[0.758s] -- Performing Test CMAKE_HAVE_LIBC_PTHREAD - Success
[0.759s] -- Found Threads: TRUE  
[0.866s] -- Found sensor_msgs: 4.2.4 (/opt/ros/humble/share/sensor_msgs/cmake)
[0.950s] -- Found visualization_msgs: 4.2.4 (/opt/ros/humble/share/visualization_msgs/cmake)
[1.031s] -- Found nav_msgs: 4.2.4 (/opt/ros/humble/share/nav_msgs/cmake)
[1.087s] -- Found tf2: 0.25.7 (/opt/ros/humble/share/tf2/cmake)
[1.096s] -- Found tf2_geometry_msgs: 0.25.7 (/opt/ros/humble/share/tf2_geometry_msgs/cmake)
[1.105s] -- Found eigen3_cmake_module: 0.1.1 (/opt/ros/humble/share/eigen3_cmake_module/cmake)
[1.106s] -- Found Eigen3: TRUE (found version "3.4.0") 
[1.106s] -- Ensuring Eigen3 include directory is part of orocos-kdl CMake target
[1.336s] -- Found ament_lint_auto: 0.12.11 (/opt/ros/humble/share/ament_lint_auto/cmake)
[1.388s] -- Added test 'cppcheck' to perform static code analysis on C / C++ code
[1.389s] -- Configured cppcheck include dirs: /home/jhny56/Desktop/Session11Test/GroupRMJ-VFF-Avoidance/src/robot_avoidance/include
[1.389s] -- Configured cppcheck exclude dirs and/or files: 
[1.389s] -- Added test 'flake8' to check Python code syntax and style conventions
[1.390s] -- Added test 'lint_cmake' to check CMake code style
[1.390s] -- Added test 'pep257' to check Python code against some of the docstring style conventions in PEP 257
[1.391s] -- Added test 'uncrustify' to check C / C++ code style
[1.391s] -- Configured uncrustify additional arguments: 
[1.391s] -- Added test 'xmllint' to check XML markup files
[1.392s] -- Configuring done
[1.399s] -- Generating done
[1.401s] -- Build files have been written to: /home/jhny56/Desktop/Session11Test/GroupRMJ-VFF-Avoidance/build/robot_avoidance
[1.407s] Invoked command in '/home/jhny56/Desktop/Session11Test/GroupRMJ-VFF-Avoidance/build/robot_avoidance' returned '0': CMAKE_PREFIX_PATH=/opt/ros/humble /usr/bin/cmake /home/jhny56/Desktop/Session11Test/GroupRMJ-VFF-Avoidance/src/robot_avoidance -DCMAKE_INSTALL_PREFIX=/home/jhny56/Desktop/Session11Test/GroupRMJ-VFF-Avoidance/install/robot_avoidance
[1.408s] Invoking command in '/home/jhny56/Desktop/Session11Test/GroupRMJ-VFF-Avoidance/build/robot_avoidance': CMAKE_PREFIX_PATH=/opt/ros/humble /usr/bin/cmake --build /home/jhny56/Desktop/Session11Test/GroupRMJ-VFF-Avoidance/build/robot_avoidance -- -j16 -l16
[1.447s] [ 50%] [32mBuilding CXX object CMakeFiles/avoidance.dir/src/avoidance_vff_main.cpp.o[0m
[2.953s] In file included from [01m[K/home/jhny56/Desktop/Session11Test/GroupRMJ-VFF-Avoidance/src/robot_avoidance/src/avoidance_vff_main.cpp:2[m[K:
[2.953s] [01m[K/home/jhny56/Desktop/Session11Test/GroupRMJ-VFF-Avoidance/src/robot_avoidance/src/./vff_avoidance/avoidance.cpp:[m[K In member function ‘[01m[Kvoid AvoidanceNode::odom_callback(nav_msgs::msg::Odometry_<std::allocator<void> >::SharedPtr)[m[K’:
[2.953s] [01m[K/home/jhny56/Desktop/Session11Test/GroupRMJ-VFF-Avoidance/src/robot_avoidance/src/./vff_avoidance/avoidance.cpp:78:76:[m[K [01;35m[Kwarning: [m[Kunused parameter ‘[01m[Kmsg[m[K’ [[01;35m[K]8;;https://gcc.gnu.org/onlinedocs/gcc/Warning-Options.html#index-Wunused-parameter-Wunused-parameter]8;;[m[K]
[2.953s]    78 | idanceNode::odom_callback([01;35m[Kconst nav_msgs::msg::Odometry::SharedPtr msg[m[K)
[2.953s]       |                           [01;35m[K~~~~~~~~~~~~~~~~~~~~~~~~~~~~~~~~~~~~~~~~~^~~[m[K
[2.953s] 
[8.710s] [100%] [32m[1mLinking CXX executable avoidance[0m
[9.097s] [100%] Built target avoidance
[9.104s] Invoked command in '/home/jhny56/Desktop/Session11Test/GroupRMJ-VFF-Avoidance/build/robot_avoidance' returned '0': CMAKE_PREFIX_PATH=/opt/ros/humble /usr/bin/cmake --build /home/jhny56/Desktop/Session11Test/GroupRMJ-VFF-Avoidance/build/robot_avoidance -- -j16 -l16
[9.132s] Invoking command in '/home/jhny56/Desktop/Session11Test/GroupRMJ-VFF-Avoidance/build/robot_avoidance': CMAKE_PREFIX_PATH=/opt/ros/humble /usr/bin/cmake --install /home/jhny56/Desktop/Session11Test/GroupRMJ-VFF-Avoidance/build/robot_avoidance
[9.138s] -- Install configuration: ""
[9.138s] -- Installing: /home/jhny56/Desktop/Session11Test/GroupRMJ-VFF-Avoidance/install/robot_avoidance/lib/robot_avoidance/avoidance
[9.144s] -- Set runtime path of "/home/jhny56/Desktop/Session11Test/GroupRMJ-VFF-Avoidance/install/robot_avoidance/lib/robot_avoidance/avoidance" to ""
[9.144s] -- Installing: /home/jhny56/Desktop/Session11Test/GroupRMJ-VFF-Avoidance/install/robot_avoidance/share/robot_avoidance/launch
[9.144s] -- Installing: /home/jhny56/Desktop/Session11Test/GroupRMJ-VFF-Avoidance/install/robot_avoidance/share/robot_avoidance/launch/robot_avoidance_launch.py
[9.145s] -- Installing: /home/jhny56/Desktop/Session11Test/GroupRMJ-VFF-Avoidance/install/robot_avoidance/share/ament_index/resource_index/package_run_dependencies/robot_avoidance
[9.145s] -- Installing: /home/jhny56/Desktop/Session11Test/GroupRMJ-VFF-Avoidance/install/robot_avoidance/share/ament_index/resource_index/parent_prefix_path/robot_avoidance
[9.145s] -- Installing: /home/jhny56/Desktop/Session11Test/GroupRMJ-VFF-Avoidance/install/robot_avoidance/share/robot_avoidance/environment/ament_prefix_path.sh
[9.145s] -- Installing: /home/jhny56/Desktop/Session11Test/GroupRMJ-VFF-Avoidance/install/robot_avoidance/share/robot_avoidance/environment/ament_prefix_path.dsv
[9.145s] -- Installing: /home/jhny56/Desktop/Session11Test/GroupRMJ-VFF-Avoidance/install/robot_avoidance/share/robot_avoidance/environment/path.sh
[9.145s] -- Installing: /home/jhny56/Desktop/Session11Test/GroupRMJ-VFF-Avoidance/install/robot_avoidance/share/robot_avoidance/environment/path.dsv
[9.145s] -- Installing: /home/jhny56/Desktop/Session11Test/GroupRMJ-VFF-Avoidance/install/robot_avoidance/share/robot_avoidance/local_setup.bash
[9.145s] -- Installing: /home/jhny56/Desktop/Session11Test/GroupRMJ-VFF-Avoidance/install/robot_avoidance/share/robot_avoidance/local_setup.sh
[9.145s] -- Installing: /home/jhny56/Desktop/Session11Test/GroupRMJ-VFF-Avoidance/install/robot_avoidance/share/robot_avoidance/local_setup.zsh
[9.145s] -- Installing: /home/jhny56/Desktop/Session11Test/GroupRMJ-VFF-Avoidance/install/robot_avoidance/share/robot_avoidance/local_setup.dsv
[9.145s] -- Installing: /home/jhny56/Desktop/Session11Test/GroupRMJ-VFF-Avoidance/install/robot_avoidance/share/robot_avoidance/package.dsv
[9.146s] -- Installing: /home/jhny56/Desktop/Session11Test/GroupRMJ-VFF-Avoidance/install/robot_avoidance/share/ament_index/resource_index/packages/robot_avoidance
[9.146s] -- Installing: /home/jhny56/Desktop/Session11Test/GroupRMJ-VFF-Avoidance/install/robot_avoidance/share/robot_avoidance/cmake/robot_avoidanceConfig.cmake
[9.146s] -- Installing: /home/jhny56/Desktop/Session11Test/GroupRMJ-VFF-Avoidance/install/robot_avoidance/share/robot_avoidance/cmake/robot_avoidanceConfig-version.cmake
[9.146s] -- Installing: /home/jhny56/Desktop/Session11Test/GroupRMJ-VFF-Avoidance/install/robot_avoidance/share/robot_avoidance/package.xml
[9.147s] Invoked command in '/home/jhny56/Desktop/Session11Test/GroupRMJ-VFF-Avoidance/build/robot_avoidance' returned '0': CMAKE_PREFIX_PATH=/opt/ros/humble /usr/bin/cmake --install /home/jhny56/Desktop/Session11Test/GroupRMJ-VFF-Avoidance/build/robot_avoidance
