[1.731s] DEBUG:colcon:Command line arguments: ['/usr/bin/colcon', 'build']
[1.731s] DEBUG:colcon:Parsed command line arguments: Namespace(log_base=None, log_level=None, verb_name='build', build_base='build', install_base='install', merge_install=False, symlink_install=False, test_result_base=None, continue_on_error=False, executor='parallel', parallel_workers=4, event_handlers=None, ignore_user_meta=False, metas=['./colcon.meta'], base_paths=['.'], packages_ignore=None, packages_ignore_regex=None, paths=None, packages_up_to=None, packages_up_to_regex=None, packages_above=None, packages_above_and_dependencies=None, packages_above_depth=None, packages_select_by_dep=None, packages_skip_by_dep=None, packages_skip_up_to=None, packages_select_build_failed=False, packages_skip_build_finished=False, packages_select_test_failures=False, packages_skip_test_passed=False, packages_select=None, packages_skip=None, packages_select_regex=None, packages_skip_regex=None, packages_start=None, packages_end=None, allow_overriding=[], cmake_args=None, cmake_target=None, cmake_target_skip_unavailable=False, cmake_clean_cache=False, cmake_clean_first=False, cmake_force_configure=False, ament_cmake_args=None, catkin_cmake_args=None, catkin_skip_building_tests=False, verb_parser=<colcon_defaults.argument_parser.defaults.DefaultArgumentsDecorator object at 0x7a3f92429360>, verb_extension=<colcon_core.verb.build.BuildVerb object at 0x7a3f92428e20>, main=<bound method BuildVerb.main of <colcon_core.verb.build.BuildVerb object at 0x7a3f92428e20>>)
[8.375s] Level 1:colcon.colcon_core.package_discovery:discover_packages(colcon_meta) check parameters
[8.375s] Level 1:colcon.colcon_core.package_discovery:discover_packages(recursive) check parameters
[8.375s] Level 1:colcon.colcon_core.package_discovery:discover_packages(ignore) check parameters
[8.375s] Level 1:colcon.colcon_core.package_discovery:discover_packages(path) check parameters
[8.375s] Level 1:colcon.colcon_core.package_discovery:discover_packages(colcon_meta) discover
[8.375s] Level 1:colcon.colcon_core.package_discovery:discover_packages(recursive) discover
[8.375s] INFO:colcon.colcon_core.package_discovery:Crawling recursively for packages in '/home/mohamad/Inmind/Johnny-Answers-Session11'
[8.376s] Level 1:colcon.colcon_core.package_identification:_identify(.) by extensions ['ignore', 'ignore_ament_install']
[8.376s] Level 1:colcon.colcon_core.package_identification:_identify(.) by extension 'ignore'
[8.376s] Level 1:colcon.colcon_core.package_identification:_identify(.) by extension 'ignore_ament_install'
[8.376s] Level 1:colcon.colcon_core.package_identification:_identify(.) by extensions ['colcon_pkg']
[8.376s] Level 1:colcon.colcon_core.package_identification:_identify(.) by extension 'colcon_pkg'
[8.376s] Level 1:colcon.colcon_core.package_identification:_identify(.) by extensions ['colcon_meta']
[8.376s] Level 1:colcon.colcon_core.package_identification:_identify(.) by extension 'colcon_meta'
[8.376s] Level 1:colcon.colcon_core.package_identification:_identify(.) by extensions ['ros']
[8.376s] Level 1:colcon.colcon_core.package_identification:_identify(.) by extension 'ros'
[8.554s] Level 1:colcon.colcon_core.package_identification:_identify(.) by extensions ['cmake', 'python']
[8.554s] Level 1:colcon.colcon_core.package_identification:_identify(.) by extension 'cmake'
[8.554s] Level 1:colcon.colcon_core.package_identification:_identify(.) by extension 'python'
[8.554s] Level 1:colcon.colcon_core.package_identification:_identify(.) by extensions ['python_setup_py']
[8.554s] Level 1:colcon.colcon_core.package_identification:_identify(.) by extension 'python_setup_py'
[8.555s] Level 1:colcon.colcon_core.package_identification:_identify(build) by extensions ['ignore', 'ignore_ament_install']
[8.555s] Level 1:colcon.colcon_core.package_identification:_identify(build) by extension 'ignore'
[8.555s] Level 1:colcon.colcon_core.package_identification:_identify(build) ignored
[8.555s] Level 1:colcon.colcon_core.package_identification:_identify(install) by extensions ['ignore', 'ignore_ament_install']
[8.556s] Level 1:colcon.colcon_core.package_identification:_identify(install) by extension 'ignore'
[8.556s] Level 1:colcon.colcon_core.package_identification:_identify(install) ignored
[8.556s] Level 1:colcon.colcon_core.package_identification:_identify(log) by extensions ['ignore', 'ignore_ament_install']
[8.557s] Level 1:colcon.colcon_core.package_identification:_identify(log) by extension 'ignore'
[8.557s] Level 1:colcon.colcon_core.package_identification:_identify(log) ignored
[8.569s] Level 1:colcon.colcon_core.package_identification:_identify(src) by extensions ['ignore', 'ignore_ament_install']
[8.569s] Level 1:colcon.colcon_core.package_identification:_identify(src) by extension 'ignore'
[8.569s] Level 1:colcon.colcon_core.package_identification:_identify(src) by extension 'ignore_ament_install'
[8.570s] Level 1:colcon.colcon_core.package_identification:_identify(src) by extensions ['colcon_pkg']
[8.570s] Level 1:colcon.colcon_core.package_identification:_identify(src) by extension 'colcon_pkg'
[8.570s] Level 1:colcon.colcon_core.package_identification:_identify(src) by extensions ['colcon_meta']
[8.570s] Level 1:colcon.colcon_core.package_identification:_identify(src) by extension 'colcon_meta'
[8.570s] Level 1:colcon.colcon_core.package_identification:_identify(src) by extensions ['ros']
[8.570s] Level 1:colcon.colcon_core.package_identification:_identify(src) by extension 'ros'
[8.570s] Level 1:colcon.colcon_core.package_identification:_identify(src) by extensions ['cmake', 'python']
[8.570s] Level 1:colcon.colcon_core.package_identification:_identify(src) by extension 'cmake'
[8.570s] Level 1:colcon.colcon_core.package_identification:_identify(src) by extension 'python'
[8.570s] Level 1:colcon.colcon_core.package_identification:_identify(src) by extensions ['python_setup_py']
[8.570s] Level 1:colcon.colcon_core.package_identification:_identify(src) by extension 'python_setup_py'
[8.570s] Level 1:colcon.colcon_core.package_identification:_identify(src/robot_avoidance) by extensions ['ignore', 'ignore_ament_install']
[8.571s] Level 1:colcon.colcon_core.package_identification:_identify(src/robot_avoidance) by extension 'ignore'
[8.571s] Level 1:colcon.colcon_core.package_identification:_identify(src/robot_avoidance) by extension 'ignore_ament_install'
[8.571s] Level 1:colcon.colcon_core.package_identification:_identify(src/robot_avoidance) by extensions ['colcon_pkg']
[8.571s] Level 1:colcon.colcon_core.package_identification:_identify(src/robot_avoidance) by extension 'colcon_pkg'
[8.571s] Level 1:colcon.colcon_core.package_identification:_identify(src/robot_avoidance) by extensions ['colcon_meta']
[8.571s] Level 1:colcon.colcon_core.package_identification:_identify(src/robot_avoidance) by extension 'colcon_meta'
[8.619s] Level 1:colcon.colcon_core.package_identification:_identify(src/robot_avoidance) by extensions ['ros']
[8.619s] Level 1:colcon.colcon_core.package_identification:_identify(src/robot_avoidance) by extension 'ros'
[8.672s] DEBUG:colcon.colcon_core.package_identification:Package 'src/robot_avoidance' with type 'ros.ament_cmake' and name 'robot_avoidance'
[8.672s] Level 1:colcon.colcon_core.package_discovery:discover_packages(recursive) using defaults
[8.672s] Level 1:colcon.colcon_core.package_discovery:discover_packages(ignore) discover
[8.672s] Level 1:colcon.colcon_core.package_discovery:discover_packages(ignore) using defaults
[8.672s] Level 1:colcon.colcon_core.package_discovery:discover_packages(path) discover
[8.672s] Level 1:colcon.colcon_core.package_discovery:discover_packages(path) using defaults
[9.095s] Level 1:colcon.colcon_core.package_discovery:discover_packages(prefix_path) check parameters
[9.097s] Level 1:colcon.colcon_core.package_discovery:discover_packages(prefix_path) discover
[9.138s] DEBUG:colcon.colcon_installed_package_information.package_discovery:Found 1 installed packages in /home/mohamad/Inmind/Johnny-Answers-Session11/install
[9.139s] DEBUG:colcon.colcon_installed_package_information.package_discovery:Found 2 installed packages in /home/mohamad/Inmind/Robotics-Session9-Assignment/Session9_ros2_ws/install
[9.140s] DEBUG:colcon.colcon_installed_package_information.package_discovery:Found 2 installed packages in /home/mohamad/Inmind/Robotics-Session7-Assignment/Session7_ros2_ws/install
[9.140s] DEBUG:colcon.colcon_installed_package_information.package_discovery:Found 2 installed packages in /home/mohamad/Inmind/Robotics-Session6-Assignment/Session6_ros2_ws/install
[9.141s] DEBUG:colcon.colcon_installed_package_information.package_discovery:Found 1 installed packages in /home/mohamad/Inmind/Robotics-Session5-Ros2/session5_ros2_ws/install
[9.144s] DEBUG:colcon.colcon_installed_package_information.package_discovery:Found 1 installed packages in /home/mohamad/Inmind/ros2_ws/install
[9.146s] DEBUG:colcon.colcon_installed_package_information.package_discovery:Found 1 installed packages in /home/mohamad/ros2_ws/install
[9.152s] DEBUG:colcon.colcon_installed_package_information.package_discovery:Found 337 installed packages in /opt/ros/humble
[9.157s] Level 1:colcon.colcon_core.package_discovery:discover_packages(prefix_path) using defaults
[14.961s] Level 5:colcon.colcon_core.verb:set package 'robot_avoidance' build argument 'cmake_args' from command line to 'None'
[14.961s] Level 5:colcon.colcon_core.verb:set package 'robot_avoidance' build argument 'cmake_target' from command line to 'None'
[14.961s] Level 5:colcon.colcon_core.verb:set package 'robot_avoidance' build argument 'cmake_target_skip_unavailable' from command line to 'False'
[14.962s] Level 5:colcon.colcon_core.verb:set package 'robot_avoidance' build argument 'cmake_clean_cache' from command line to 'False'
[14.963s] Level 5:colcon.colcon_core.verb:set package 'robot_avoidance' build argument 'cmake_clean_first' from command line to 'False'
[14.964s] Level 5:colcon.colcon_core.verb:set package 'robot_avoidance' build argument 'cmake_force_configure' from command line to 'False'
[14.964s] Level 5:colcon.colcon_core.verb:set package 'robot_avoidance' build argument 'ament_cmake_args' from command line to 'None'
[14.965s] Level 5:colcon.colcon_core.verb:set package 'robot_avoidance' build argument 'catkin_cmake_args' from command line to 'None'
[14.965s] Level 5:colcon.colcon_core.verb:set package 'robot_avoidance' build argument 'catkin_skip_building_tests' from command line to 'False'
[14.965s] DEBUG:colcon.colcon_core.verb:Building package 'robot_avoidance' with the following arguments: {'ament_cmake_args': None, 'build_base': '/home/mohamad/Inmind/Johnny-Answers-Session11/build/robot_avoidance', 'catkin_cmake_args': None, 'catkin_skip_building_tests': False, 'cmake_args': None, 'cmake_clean_cache': False, 'cmake_clean_first': False, 'cmake_force_configure': False, 'cmake_target': None, 'cmake_target_skip_unavailable': False, 'install_base': '/home/mohamad/Inmind/Johnny-Answers-Session11/install/robot_avoidance', 'merge_install': False, 'path': '/home/mohamad/Inmind/Johnny-Answers-Session11/src/robot_avoidance', 'symlink_install': False, 'test_result_base': None}
[14.966s] INFO:colcon.colcon_core.executor:Executing jobs using 'parallel' executor
[14.990s] DEBUG:colcon.colcon_parallel_executor.executor.parallel:run_until_complete
[14.991s] INFO:colcon.colcon_ros.task.ament_cmake.build:Building ROS package in '/home/mohamad/Inmind/Johnny-Answers-Session11/src/robot_avoidance' with build type 'ament_cmake'
[14.991s] INFO:colcon.colcon_cmake.task.cmake.build:Building CMake package in '/home/mohamad/Inmind/Johnny-Answers-Session11/src/robot_avoidance'
[15.127s] INFO:colcon.colcon_core.plugin_system:Skipping extension 'colcon_core.shell.bat': Not used on non-Windows systems
[15.127s] INFO:colcon.colcon_core.shell:Skip shell extension 'powershell' for command environment: Not usable outside of PowerShell
[15.128s] DEBUG:colcon.colcon_core.shell:Skip shell extension 'dsv' for command environment
[15.466s] DEBUG:colcon.colcon_core.event_handler.log_command:Invoking command in '/home/mohamad/Inmind/Johnny-Answers-Session11/build/robot_avoidance': CMAKE_PREFIX_PATH=${CMAKE_PREFIX_PATH}:/home/mohamad/Inmind/Robotics-Session7-Assignment/Session7_ros2_ws/install/navigation_robot:/home/mohamad/Inmind/Robotics-Session6-Assignment/Session6_ros2_ws/install/session6_assignment:/home/mohamad/Inmind/ros2_ws/install/session5_academy:/home/mohamad/Inmind/Robotics-Session5-Ros2/session5_ros2_ws/install/session5_assignment:/home/mohamad/ros2_ws/install/my_robot_controller:/opt/ros/humble /usr/bin/cmake --build /home/mohamad/Inmind/Johnny-Answers-Session11/build/robot_avoidance -- -j4 -l4
[70.164s] DEBUG:colcon.colcon_core.event_handler.log_command:Invoked command in '/home/mohamad/Inmind/Johnny-Answers-Session11/build/robot_avoidance' returned '0': CMAKE_PREFIX_PATH=${CMAKE_PREFIX_PATH}:/home/mohamad/Inmind/Robotics-Session7-Assignment/Session7_ros2_ws/install/navigation_robot:/home/mohamad/Inmind/Robotics-Session6-Assignment/Session6_ros2_ws/install/session6_assignment:/home/mohamad/Inmind/ros2_ws/install/session5_academy:/home/mohamad/Inmind/Robotics-Session5-Ros2/session5_ros2_ws/install/session5_assignment:/home/mohamad/ros2_ws/install/my_robot_controller:/opt/ros/humble /usr/bin/cmake --build /home/mohamad/Inmind/Johnny-Answers-Session11/build/robot_avoidance -- -j4 -l4
[70.797s] DEBUG:colcon.colcon_core.event_handler.log_command:Invoking command in '/home/mohamad/Inmind/Johnny-Answers-Session11/build/robot_avoidance': CMAKE_PREFIX_PATH=${CMAKE_PREFIX_PATH}:/home/mohamad/Inmind/Robotics-Session7-Assignment/Session7_ros2_ws/install/navigation_robot:/home/mohamad/Inmind/Robotics-Session6-Assignment/Session6_ros2_ws/install/session6_assignment:/home/mohamad/Inmind/ros2_ws/install/session5_academy:/home/mohamad/Inmind/Robotics-Session5-Ros2/session5_ros2_ws/install/session5_assignment:/home/mohamad/ros2_ws/install/my_robot_controller:/opt/ros/humble /usr/bin/cmake --install /home/mohamad/Inmind/Johnny-Answers-Session11/build/robot_avoidance
[71.051s] Level 1:colcon.colcon_core.environment:create_environment_scripts_only(robot_avoidance)
[71.059s] DEBUG:colcon.colcon_core.event_handler.log_command:Invoked command in '/home/mohamad/Inmind/Johnny-Answers-Session11/build/robot_avoidance' returned '0': CMAKE_PREFIX_PATH=${CMAKE_PREFIX_PATH}:/home/mohamad/Inmind/Robotics-Session7-Assignment/Session7_ros2_ws/install/navigation_robot:/home/mohamad/Inmind/Robotics-Session6-Assignment/Session6_ros2_ws/install/session6_assignment:/home/mohamad/Inmind/ros2_ws/install/session5_academy:/home/mohamad/Inmind/Robotics-Session5-Ros2/session5_ros2_ws/install/session5_assignment:/home/mohamad/ros2_ws/install/my_robot_controller:/opt/ros/humble /usr/bin/cmake --install /home/mohamad/Inmind/Johnny-Answers-Session11/build/robot_avoidance
[71.070s] Level 1:colcon.colcon_core.environment:checking '/home/mohamad/Inmind/Johnny-Answers-Session11/install/robot_avoidance' for CMake module files
[71.072s] Level 1:colcon.colcon_core.environment:checking '/home/mohamad/Inmind/Johnny-Answers-Session11/install/robot_avoidance' for CMake config files
[71.094s] Level 1:colcon.colcon_core.shell:create_environment_hook('robot_avoidance', 'cmake_prefix_path')
[71.099s] INFO:colcon.colcon_core.shell:Creating environment hook '/home/mohamad/Inmind/Johnny-Answers-Session11/install/robot_avoidance/share/robot_avoidance/hook/cmake_prefix_path.ps1'
[71.104s] INFO:colcon.colcon_core.shell:Creating environment descriptor '/home/mohamad/Inmind/Johnny-Answers-Session11/install/robot_avoidance/share/robot_avoidance/hook/cmake_prefix_path.dsv'
[71.124s] INFO:colcon.colcon_core.shell:Creating environment hook '/home/mohamad/Inmind/Johnny-Answers-Session11/install/robot_avoidance/share/robot_avoidance/hook/cmake_prefix_path.sh'
[71.173s] Level 1:colcon.colcon_core.environment:checking '/home/mohamad/Inmind/Johnny-Answers-Session11/install/robot_avoidance/lib'
[71.174s] Level 1:colcon.colcon_core.environment:checking '/home/mohamad/Inmind/Johnny-Answers-Session11/install/robot_avoidance/bin'
[71.174s] Level 1:colcon.colcon_core.environment:checking '/home/mohamad/Inmind/Johnny-Answers-Session11/install/robot_avoidance/lib/pkgconfig/robot_avoidance.pc'
[71.174s] Level 1:colcon.colcon_core.environment:checking '/home/mohamad/Inmind/Johnny-Answers-Session11/install/robot_avoidance/lib/python3.10/site-packages'
[71.176s] Level 1:colcon.colcon_core.environment:checking '/home/mohamad/Inmind/Johnny-Answers-Session11/install/robot_avoidance/bin'
[71.177s] INFO:colcon.colcon_core.shell:Creating package script '/home/mohamad/Inmind/Johnny-Answers-Session11/install/robot_avoidance/share/robot_avoidance/package.ps1'
[71.179s] INFO:colcon.colcon_core.shell:Creating package descriptor '/home/mohamad/Inmind/Johnny-Answers-Session11/install/robot_avoidance/share/robot_avoidance/package.dsv'
[71.194s] INFO:colcon.colcon_core.shell:Creating package script '/home/mohamad/Inmind/Johnny-Answers-Session11/install/robot_avoidance/share/robot_avoidance/package.sh'
[71.210s] INFO:colcon.colcon_core.shell:Creating package script '/home/mohamad/Inmind/Johnny-Answers-Session11/install/robot_avoidance/share/robot_avoidance/package.bash'
[71.222s] INFO:colcon.colcon_core.shell:Creating package script '/home/mohamad/Inmind/Johnny-Answers-Session11/install/robot_avoidance/share/robot_avoidance/package.zsh'
[71.223s] Level 1:colcon.colcon_core.environment:create_file_with_runtime_dependencies(/home/mohamad/Inmind/Johnny-Answers-Session11/install/robot_avoidance/share/colcon-core/packages/robot_avoidance)
[71.722s] Level 1:colcon.colcon_core.environment:create_environment_scripts_only(robot_avoidance)
[71.722s] Level 1:colcon.colcon_core.environment:checking '/home/mohamad/Inmind/Johnny-Answers-Session11/install/robot_avoidance' for CMake module files
[71.725s] Level 1:colcon.colcon_core.environment:checking '/home/mohamad/Inmind/Johnny-Answers-Session11/install/robot_avoidance' for CMake config files
[71.725s] Level 1:colcon.colcon_core.shell:create_environment_hook('robot_avoidance', 'cmake_prefix_path')
[71.725s] INFO:colcon.colcon_core.shell:Creating environment hook '/home/mohamad/Inmind/Johnny-Answers-Session11/install/robot_avoidance/share/robot_avoidance/hook/cmake_prefix_path.ps1'
[71.735s] INFO:colcon.colcon_core.shell:Creating environment descriptor '/home/mohamad/Inmind/Johnny-Answers-Session11/install/robot_avoidance/share/robot_avoidance/hook/cmake_prefix_path.dsv'
[71.739s] INFO:colcon.colcon_core.shell:Creating environment hook '/home/mohamad/Inmind/Johnny-Answers-Session11/install/robot_avoidance/share/robot_avoidance/hook/cmake_prefix_path.sh'
[71.752s] Level 1:colcon.colcon_core.environment:checking '/home/mohamad/Inmind/Johnny-Answers-Session11/install/robot_avoidance/lib'
[71.753s] Level 1:colcon.colcon_core.environment:checking '/home/mohamad/Inmind/Johnny-Answers-Session11/install/robot_avoidance/bin'
[71.758s] Level 1:colcon.colcon_core.environment:checking '/home/mohamad/Inmind/Johnny-Answers-Session11/install/robot_avoidance/lib/pkgconfig/robot_avoidance.pc'
[71.758s] Level 1:colcon.colcon_core.environment:checking '/home/mohamad/Inmind/Johnny-Answers-Session11/install/robot_avoidance/lib/python3.10/site-packages'
[71.758s] Level 1:colcon.colcon_core.environment:checking '/home/mohamad/Inmind/Johnny-Answers-Session11/install/robot_avoidance/bin'
[71.759s] INFO:colcon.colcon_core.shell:Creating package script '/home/mohamad/Inmind/Johnny-Answers-Session11/install/robot_avoidance/share/robot_avoidance/package.ps1'
[71.764s] INFO:colcon.colcon_core.shell:Creating package descriptor '/home/mohamad/Inmind/Johnny-Answers-Session11/install/robot_avoidance/share/robot_avoidance/package.dsv'
[71.790s] INFO:colcon.colcon_core.shell:Creating package script '/home/mohamad/Inmind/Johnny-Answers-Session11/install/robot_avoidance/share/robot_avoidance/package.sh'
[71.794s] INFO:colcon.colcon_core.shell:Creating package script '/home/mohamad/Inmind/Johnny-Answers-Session11/install/robot_avoidance/share/robot_avoidance/package.bash'
[71.798s] INFO:colcon.colcon_core.shell:Creating package script '/home/mohamad/Inmind/Johnny-Answers-Session11/install/robot_avoidance/share/robot_avoidance/package.zsh'
[71.800s] Level 1:colcon.colcon_core.environment:create_file_with_runtime_dependencies(/home/mohamad/Inmind/Johnny-Answers-Session11/install/robot_avoidance/share/colcon-core/packages/robot_avoidance)
[71.802s] DEBUG:colcon.colcon_parallel_executor.executor.parallel:closing loop
[71.806s] DEBUG:colcon.colcon_parallel_executor.executor.parallel:loop closed
[71.807s] DEBUG:colcon.colcon_parallel_executor.executor.parallel:run_until_complete finished with '0'
[71.807s] DEBUG:colcon.colcon_core.event_reactor:joining thread
[71.850s] INFO:colcon.colcon_core.plugin_system:Skipping extension 'colcon_notification.desktop_notification.terminal_notifier': Not used on non-Darwin systems
[71.850s] INFO:colcon.colcon_core.plugin_system:Skipping extension 'colcon_notification.desktop_notification.win32': Not used on non-Windows systems
[71.850s] INFO:colcon.colcon_notification.desktop_notification:Sending desktop notification using 'notify2'
[71.970s] DEBUG:colcon.colcon_core.event_reactor:joined thread
[71.981s] INFO:colcon.colcon_core.shell:Creating prefix script '/home/mohamad/Inmind/Johnny-Answers-Session11/install/local_setup.ps1'
[72.024s] INFO:colcon.colcon_core.shell:Creating prefix util module '/home/mohamad/Inmind/Johnny-Answers-Session11/install/_local_setup_util_ps1.py'
[72.028s] INFO:colcon.colcon_core.shell:Creating prefix chain script '/home/mohamad/Inmind/Johnny-Answers-Session11/install/setup.ps1'
[72.066s] INFO:colcon.colcon_core.shell:Creating prefix script '/home/mohamad/Inmind/Johnny-Answers-Session11/install/local_setup.sh'
[72.079s] INFO:colcon.colcon_core.shell:Creating prefix util module '/home/mohamad/Inmind/Johnny-Answers-Session11/install/_local_setup_util_sh.py'
[72.095s] INFO:colcon.colcon_core.shell:Creating prefix chain script '/home/mohamad/Inmind/Johnny-Answers-Session11/install/setup.sh'
[72.131s] INFO:colcon.colcon_core.shell:Creating prefix script '/home/mohamad/Inmind/Johnny-Answers-Session11/install/local_setup.bash'
[72.136s] INFO:colcon.colcon_core.shell:Creating prefix chain script '/home/mohamad/Inmind/Johnny-Answers-Session11/install/setup.bash'
[72.142s] INFO:colcon.colcon_core.shell:Creating prefix script '/home/mohamad/Inmind/Johnny-Answers-Session11/install/local_setup.zsh'
[72.144s] INFO:colcon.colcon_core.shell:Creating prefix chain script '/home/mohamad/Inmind/Johnny-Answers-Session11/install/setup.zsh'
