[0.032s] Invoking command in '/home/mohamad/Inmind/Johnny-Answers-Session11/build/robot_avoidance': CMAKE_PREFIX_PATH=${CMAKE_PREFIX_PATH}:/home/mohamad/Inmind/Robotics-Session7-Assignment/Session7_ros2_ws/install/navigation_robot:/home/mohamad/Inmind/Robotics-Session6-Assignment/Session6_ros2_ws/install/session6_assignment:/home/mohamad/Inmind/ros2_ws/install/session5_academy:/home/mohamad/Inmind/Robotics-Session5-Ros2/session5_ros2_ws/install/session5_assignment:/home/mohamad/ros2_ws/install/my_robot_controller:/opt/ros/humble /usr/bin/cmake /home/mohamad/Inmind/Johnny-Answers-Session11/src/robot_avoidance -DCMAKE_INSTALL_PREFIX=/home/mohamad/Inmind/Johnny-Answers-Session11/install/robot_avoidance
[1.396s] -- The C compiler identification is GNU 11.4.0
[1.957s] -- The CXX compiler identification is GNU 11.4.0
[2.067s] -- Detecting C compiler ABI info
[2.433s] -- Detecting C compiler ABI info - done
[2.442s] -- Check for working C compiler: /usr/bin/cc - skipped
[2.445s] -- Detecting C compile features
[2.498s] -- Detecting C compile features - done
[2.514s] -- Detecting CXX compiler ABI info
[2.971s] -- Detecting CXX compiler ABI info - done
[2.980s] -- Check for working CXX compiler: /usr/bin/c++ - skipped
[2.980s] -- Detecting CXX compile features
[2.980s] -- Detecting CXX compile features - done
[3.395s] -- Found ament_cmake: 1.3.9 (/opt/ros/humble/share/ament_cmake/cmake)
[3.875s] -- Found Python3: /usr/bin/python3 (found version "3.10.12") found components: Interpreter 
[4.452s] -- Found rclcpp: 16.0.9 (/opt/ros/humble/share/rclcpp/cmake)
[4.915s] -- Found rosidl_generator_c: 3.1.5 (/opt/ros/humble/share/rosidl_generator_c/cmake)
[4.953s] -- Found rosidl_adapter: 3.1.5 (/opt/ros/humble/share/rosidl_adapter/cmake)
[4.995s] -- Found rosidl_generator_cpp: 3.1.5 (/opt/ros/humble/share/rosidl_generator_cpp/cmake)
[5.125s] -- Using all available rosidl_typesupport_c: rosidl_typesupport_fastrtps_c;rosidl_typesupport_introspection_c
[5.224s] -- Using all available rosidl_typesupport_cpp: rosidl_typesupport_fastrtps_cpp;rosidl_typesupport_introspection_cpp
[5.595s] -- Found rmw_implementation_cmake: 6.1.2 (/opt/ros/humble/share/rmw_implementation_cmake/cmake)
[5.634s] -- Found rmw_fastrtps_cpp: 6.2.6 (/opt/ros/humble/share/rmw_fastrtps_cpp/cmake)
[6.201s] -- Found OpenSSL: /usr/lib/x86_64-linux-gnu/libcrypto.so (found version "3.0.2")  
[6.264s] -- Found FastRTPS: /opt/ros/humble/include  
[6.340s] -- Using RMW implementation 'rmw_fastrtps_cpp' as default
[6.395s] -- Looking for pthread.h
[6.783s] -- Looking for pthread.h - found
[6.783s] -- Performing Test CMAKE_HAVE_LIBC_PTHREAD
[7.015s] -- Performing Test CMAKE_HAVE_LIBC_PTHREAD - Success
[7.017s] -- Found Threads: TRUE  
[7.493s] -- Found sensor_msgs: 4.2.4 (/opt/ros/humble/share/sensor_msgs/cmake)
[7.979s] -- Found visualization_msgs: 4.2.4 (/opt/ros/humble/share/visualization_msgs/cmake)
[8.412s] -- Found nav_msgs: 4.2.4 (/opt/ros/humble/share/nav_msgs/cmake)
[8.706s] -- Found tf2: 0.25.7 (/opt/ros/humble/share/tf2/cmake)
[8.769s] -- Found tf2_geometry_msgs: 0.25.7 (/opt/ros/humble/share/tf2_geometry_msgs/cmake)
[9.070s] -- Found eigen3_cmake_module: 0.1.1 (/opt/ros/humble/share/eigen3_cmake_module/cmake)
[9.073s] -- Found Eigen3: TRUE (found version "3.4.0") 
[9.074s] -- Ensuring Eigen3 include directory is part of orocos-kdl CMake target
[10.226s] -- Found ament_lint_auto: 0.12.11 (/opt/ros/humble/share/ament_lint_auto/cmake)
[10.482s] -- Added test 'cppcheck' to perform static code analysis on C / C++ code
[10.509s] -- Configured cppcheck include dirs: /home/mohamad/Inmind/Johnny-Answers-Session11/src/robot_avoidance/include
[10.510s] -- Configured cppcheck exclude dirs and/or files: 
[10.511s] -- Added test 'flake8' to check Python code syntax and style conventions
[10.523s] -- Added test 'lint_cmake' to check CMake code style
[10.526s] -- Added test 'pep257' to check Python code against some of the docstring style conventions in PEP 257
[10.528s] -- Added test 'uncrustify' to check C / C++ code style
[10.528s] -- Configured uncrustify additional arguments: 
[10.531s] -- Added test 'xmllint' to check XML markup files
[10.543s] -- Configuring done
[10.616s] -- Generating done
[10.624s] -- Build files have been written to: /home/mohamad/Inmind/Johnny-Answers-Session11/build/robot_avoidance
[10.648s] Invoked command in '/home/mohamad/Inmind/Johnny-Answers-Session11/build/robot_avoidance' returned '0': CMAKE_PREFIX_PATH=${CMAKE_PREFIX_PATH}:/home/mohamad/Inmind/Robotics-Session7-Assignment/Session7_ros2_ws/install/navigation_robot:/home/mohamad/Inmind/Robotics-Session6-Assignment/Session6_ros2_ws/install/session6_assignment:/home/mohamad/Inmind/ros2_ws/install/session5_academy:/home/mohamad/Inmind/Robotics-Session5-Ros2/session5_ros2_ws/install/session5_assignment:/home/mohamad/ros2_ws/install/my_robot_controller:/opt/ros/humble /usr/bin/cmake /home/mohamad/Inmind/Johnny-Answers-Session11/src/robot_avoidance -DCMAKE_INSTALL_PREFIX=/home/mohamad/Inmind/Johnny-Answers-Session11/install/robot_avoidance
[10.649s] Invoking command in '/home/mohamad/Inmind/Johnny-Answers-Session11/build/robot_avoidance': CMAKE_PREFIX_PATH=${CMAKE_PREFIX_PATH}:/home/mohamad/Inmind/Robotics-Session7-Assignment/Session7_ros2_ws/install/navigation_robot:/home/mohamad/Inmind/Robotics-Session6-Assignment/Session6_ros2_ws/install/session6_assignment:/home/mohamad/Inmind/ros2_ws/install/session5_academy:/home/mohamad/Inmind/Robotics-Session5-Ros2/session5_ros2_ws/install/session5_assignment:/home/mohamad/ros2_ws/install/my_robot_controller:/opt/ros/humble /usr/bin/cmake --build /home/mohamad/Inmind/Johnny-Answers-Session11/build/robot_avoidance -- -j4 -l4
[10.839s] [ 50%] [32mBuilding CXX object CMakeFiles/avoidance.dir/src/avoidance.cpp.o[0m
[39.625s] [100%] [32m[1mLinking CXX executable avoidance[0m
[42.857s] [100%] Built target avoidance
[42.902s] Invoked command in '/home/mohamad/Inmind/Johnny-Answers-Session11/build/robot_avoidance' returned '0': CMAKE_PREFIX_PATH=${CMAKE_PREFIX_PATH}:/home/mohamad/Inmind/Robotics-Session7-Assignment/Session7_ros2_ws/install/navigation_robot:/home/mohamad/Inmind/Robotics-Session6-Assignment/Session6_ros2_ws/install/session6_assignment:/home/mohamad/Inmind/ros2_ws/install/session5_academy:/home/mohamad/Inmind/Robotics-Session5-Ros2/session5_ros2_ws/install/session5_assignment:/home/mohamad/ros2_ws/install/my_robot_controller:/opt/ros/humble /usr/bin/cmake --build /home/mohamad/Inmind/Johnny-Answers-Session11/build/robot_avoidance -- -j4 -l4
[43.063s] Invoking command in '/home/mohamad/Inmind/Johnny-Answers-Session11/build/robot_avoidance': CMAKE_PREFIX_PATH=${CMAKE_PREFIX_PATH}:/home/mohamad/Inmind/Robotics-Session7-Assignment/Session7_ros2_ws/install/navigation_robot:/home/mohamad/Inmind/Robotics-Session6-Assignment/Session6_ros2_ws/install/session6_assignment:/home/mohamad/Inmind/ros2_ws/install/session5_academy:/home/mohamad/Inmind/Robotics-Session5-Ros2/session5_ros2_ws/install/session5_assignment:/home/mohamad/ros2_ws/install/my_robot_controller:/opt/ros/humble /usr/bin/cmake --install /home/mohamad/Inmind/Johnny-Answers-Session11/build/robot_avoidance
[43.092s] -- Install configuration: ""
[43.093s] -- Installing: /home/mohamad/Inmind/Johnny-Answers-Session11/install/robot_avoidance/lib/robot_avoidance/avoidance
[43.100s] -- Set runtime path of "/home/mohamad/Inmind/Johnny-Answers-Session11/install/robot_avoidance/lib/robot_avoidance/avoidance" to ""
[43.100s] [31mCMake Error at cmake_install.cmake:66 (file):
[43.101s]   file INSTALL cannot find
[43.101s]   "/home/mohamad/Inmind/Johnny-Answers-Session11/src/robot_avoidance/include":
[43.101s]   No such file or directory.
[43.101s] 
[43.101s] [0m
[43.104s] Invoked command in '/home/mohamad/Inmind/Johnny-Answers-Session11/build/robot_avoidance' returned '1': CMAKE_PREFIX_PATH=${CMAKE_PREFIX_PATH}:/home/mohamad/Inmind/Robotics-Session7-Assignment/Session7_ros2_ws/install/navigation_robot:/home/mohamad/Inmind/Robotics-Session6-Assignment/Session6_ros2_ws/install/session6_assignment:/home/mohamad/Inmind/ros2_ws/install/session5_academy:/home/mohamad/Inmind/Robotics-Session5-Ros2/session5_ros2_ws/install/session5_assignment:/home/mohamad/ros2_ws/install/my_robot_controller:/opt/ros/humble /usr/bin/cmake --install /home/mohamad/Inmind/Johnny-Answers-Session11/build/robot_avoidance
