[0.006s] Invoking command in '/home/jhny56/Desktop/Session11/Johnny-Answers-Session11/build/robot_avoidance': CMAKE_PREFIX_PATH=/opt/ros/humble /usr/bin/cmake /home/jhny56/Desktop/Session11/Johnny-Answers-Session11/src/robot_avoidance -DCMAKE_INSTALL_PREFIX=/home/jhny56/Desktop/Session11/Johnny-Answers-Session11/install/robot_avoidance
[0.099s] -- The C compiler identification is GNU 11.4.0
[0.178s] -- The CXX compiler identification is GNU 11.4.0
[0.184s] -- Detecting C compiler ABI info
[0.238s] -- Detecting C compiler ABI info - done
[0.244s] -- Check for working C compiler: /usr/bin/cc - skipped
[0.245s] -- Detecting C compile features
[0.245s] -- Detecting C compile features - done
[0.248s] -- Detecting CXX compiler ABI info
[0.322s] -- Detecting CXX compiler ABI info - done
[0.327s] -- Check for working CXX compiler: /usr/bin/c++ - skipped
[0.327s] -- Detecting CXX compile features
[0.327s] -- Detecting CXX compile features - done
[0.330s] -- Found ament_cmake: 1.3.9 (/opt/ros/humble/share/ament_cmake/cmake)
[0.435s] -- Found Python3: /usr/bin/python3 (found version "3.10.12") found components: Interpreter 
[0.512s] -- Found rclcpp: 16.0.9 (/opt/ros/humble/share/rclcpp/cmake)
[0.548s] -- Found rosidl_generator_c: 3.1.5 (/opt/ros/humble/share/rosidl_generator_c/cmake)
[0.552s] -- Found rosidl_adapter: 3.1.5 (/opt/ros/humble/share/rosidl_adapter/cmake)
[0.560s] -- Found rosidl_generator_cpp: 3.1.5 (/opt/ros/humble/share/rosidl_generator_cpp/cmake)
[0.572s] -- Using all available rosidl_typesupport_c: rosidl_typesupport_fastrtps_c;rosidl_typesupport_introspection_c
[0.590s] -- Using all available rosidl_typesupport_cpp: rosidl_typesupport_fastrtps_cpp;rosidl_typesupport_introspection_cpp
[0.642s] -- Found rmw_implementation_cmake: 6.1.2 (/opt/ros/humble/share/rmw_implementation_cmake/cmake)
[0.645s] -- Found rmw_fastrtps_cpp: 6.2.6 (/opt/ros/humble/share/rmw_fastrtps_cpp/cmake)
[0.712s] -- Found OpenSSL: /usr/lib/x86_64-linux-gnu/libcrypto.so (found version "3.0.2")  
[0.731s] -- Found FastRTPS: /opt/ros/humble/include  
[0.763s] -- Using RMW implementation 'rmw_fastrtps_cpp' as default
[0.770s] -- Looking for pthread.h
[0.821s] -- Looking for pthread.h - found
[0.822s] -- Performing Test CMAKE_HAVE_LIBC_PTHREAD
[0.876s] -- Performing Test CMAKE_HAVE_LIBC_PTHREAD - Success
[0.876s] -- Found Threads: TRUE  
[1.027s] -- Found sensor_msgs: 4.2.4 (/opt/ros/humble/share/sensor_msgs/cmake)
[1.122s] -- Found visualization_msgs: 4.2.4 (/opt/ros/humble/share/visualization_msgs/cmake)
[1.208s] -- Found ament_lint_auto: 0.12.11 (/opt/ros/humble/share/ament_lint_auto/cmake)
[1.262s] -- Added test 'cppcheck' to perform static code analysis on C / C++ code
[1.262s] -- Configured cppcheck include dirs: 
[1.262s] -- Configured cppcheck exclude dirs and/or files: 
[1.262s] -- Added test 'flake8' to check Python code syntax and style conventions
[1.263s] -- Added test 'lint_cmake' to check CMake code style
[1.263s] -- Added test 'pep257' to check Python code against some of the docstring style conventions in PEP 257
[1.263s] -- Added test 'uncrustify' to check C / C++ code style
[1.263s] -- Configured uncrustify additional arguments: 
[1.264s] -- Added test 'xmllint' to check XML markup files
[1.264s] -- Configuring done
[1.266s] [31mCMake Error at CMakeLists.txt:30 (add_executable):
[1.266s]   Cannot find source file:
[1.266s] 
[1.266s]     src/avoidance_node.cpp
[1.266s] 
[1.266s]   Tried extensions .c .C .c++ .cc .cpp .cxx .cu .mpp .m .M .mm .ixx .cppm .h
[1.266s]   .hh .h++ .hm .hpp .hxx .in .txx .f .F .for .f77 .f90 .f95 .f03 .hip .ispc
[1.266s] 
[1.266s] [0m
[1.266s] [31mCMake Error at CMakeLists.txt:30 (add_executable):
[1.266s]   No SOURCES given to target: avoidance_node
[1.267s] 
[1.267s] [0m
[1.267s] [0mCMake Generate step failed.  Build files cannot be regenerated correctly.[0m
[1.272s] Invoked command in '/home/jhny56/Desktop/Session11/Johnny-Answers-Session11/build/robot_avoidance' returned '1': CMAKE_PREFIX_PATH=/opt/ros/humble /usr/bin/cmake /home/jhny56/Desktop/Session11/Johnny-Answers-Session11/src/robot_avoidance -DCMAKE_INSTALL_PREFIX=/home/jhny56/Desktop/Session11/Johnny-Answers-Session11/install/robot_avoidance
