[0.008s] Invoking command in '/home/jhny56/Desktop/Session11Test/GroupRMJ-VFF-Avoidance/build/robot_avoidance': CMAKE_PREFIX_PATH=/opt/ros/humble /usr/bin/cmake --build /home/jhny56/Desktop/Session11Test/GroupRMJ-VFF-Avoidance/build/robot_avoidance -- -j16 -l16
[0.054s] [35m[1mConsolidate compiler generated dependencies of target avoidance[0m
[0.092s] [100%] Built target avoidance
[0.101s] Invoked command in '/home/jhny56/Desktop/Session11Test/GroupRMJ-VFF-Avoidance/build/robot_avoidance' returned '0': CMAKE_PREFIX_PATH=/opt/ros/humble /usr/bin/cmake --build /home/jhny56/Desktop/Session11Test/GroupRMJ-VFF-Avoidance/build/robot_avoidance -- -j16 -l16
[0.138s] Invoking command in '/home/jhny56/Desktop/Session11Test/GroupRMJ-VFF-Avoidance/build/robot_avoidance': CMAKE_PREFIX_PATH=/opt/ros/humble /usr/bin/cmake --install /home/jhny56/Desktop/Session11Test/GroupRMJ-VFF-Avoidance/build/robot_avoidance
[0.146s] -- Install configuration: ""
[0.147s] -- Up-to-date: /home/jhny56/Desktop/Session11Test/GroupRMJ-VFF-Avoidance/install/robot_avoidance/lib/robot_avoidance/avoidance
[0.147s] -- Up-to-date: /home/jhny56/Desktop/Session11Test/GroupRMJ-VFF-Avoidance/install/robot_avoidance/share/robot_avoidance/launch
[0.147s] -- Up-to-date: /home/jhny56/Desktop/Session11Test/GroupRMJ-VFF-Avoidance/install/robot_avoidance/share/robot_avoidance/launch/robot_avoidance_launch.py
[0.147s] -- Up-to-date: /home/jhny56/Desktop/Session11Test/GroupRMJ-VFF-Avoidance/install/robot_avoidance/share/ament_index/resource_index/package_run_dependencies/robot_avoidance
[0.147s] -- Up-to-date: /home/jhny56/Desktop/Session11Test/GroupRMJ-VFF-Avoidance/install/robot_avoidance/share/ament_index/resource_index/parent_prefix_path/robot_avoidance
[0.147s] -- Up-to-date: /home/jhny56/Desktop/Session11Test/GroupRMJ-VFF-Avoidance/install/robot_avoidance/share/robot_avoidance/environment/ament_prefix_path.sh
[0.147s] -- Up-to-date: /home/jhny56/Desktop/Session11Test/GroupRMJ-VFF-Avoidance/install/robot_avoidance/share/robot_avoidance/environment/ament_prefix_path.dsv
[0.147s] -- Up-to-date: /home/jhny56/Desktop/Session11Test/GroupRMJ-VFF-Avoidance/install/robot_avoidance/share/robot_avoidance/environment/path.sh
[0.147s] -- Up-to-date: /home/jhny56/Desktop/Session11Test/GroupRMJ-VFF-Avoidance/install/robot_avoidance/share/robot_avoidance/environment/path.dsv
[0.147s] -- Up-to-date: /home/jhny56/Desktop/Session11Test/GroupRMJ-VFF-Avoidance/install/robot_avoidance/share/robot_avoidance/local_setup.bash
[0.148s] -- Up-to-date: /home/jhny56/Desktop/Session11Test/GroupRMJ-VFF-Avoidance/install/robot_avoidance/share/robot_avoidance/local_setup.sh
[0.148s] -- Up-to-date: /home/jhny56/Desktop/Session11Test/GroupRMJ-VFF-Avoidance/install/robot_avoidance/share/robot_avoidance/local_setup.zsh
[0.148s] -- Up-to-date: /home/jhny56/Desktop/Session11Test/GroupRMJ-VFF-Avoidance/install/robot_avoidance/share/robot_avoidance/local_setup.dsv
[0.148s] -- Installing: /home/jhny56/Desktop/Session11Test/GroupRMJ-VFF-Avoidance/install/robot_avoidance/share/robot_avoidance/package.dsv
[0.148s] -- Up-to-date: /home/jhny56/Desktop/Session11Test/GroupRMJ-VFF-Avoidance/install/robot_avoidance/share/ament_index/resource_index/packages/robot_avoidance
[0.148s] -- Up-to-date: /home/jhny56/Desktop/Session11Test/GroupRMJ-VFF-Avoidance/install/robot_avoidance/share/robot_avoidance/cmake/robot_avoidanceConfig.cmake
[0.148s] -- Up-to-date: /home/jhny56/Desktop/Session11Test/GroupRMJ-VFF-Avoidance/install/robot_avoidance/share/robot_avoidance/cmake/robot_avoidanceConfig-version.cmake
[0.148s] -- Up-to-date: /home/jhny56/Desktop/Session11Test/GroupRMJ-VFF-Avoidance/install/robot_avoidance/share/robot_avoidance/package.xml
[0.150s] Invoked command in '/home/jhny56/Desktop/Session11Test/GroupRMJ-VFF-Avoidance/build/robot_avoidance' returned '0': CMAKE_PREFIX_PATH=/opt/ros/humble /usr/bin/cmake --install /home/jhny56/Desktop/Session11Test/GroupRMJ-VFF-Avoidance/build/robot_avoidance
