[0.013s] Invoking command in '/home/razanhmede/Johnny-Answers-Session11/build/robot_avoidance': CMAKE_PREFIX_PATH=/opt/ros/humble /usr/bin/cmake --build /home/razanhmede/Johnny-Answers-Session11/build/robot_avoidance -- -j4 -l4
[0.144s] -- Found ament_cmake: 1.3.9 (/opt/ros/humble/share/ament_cmake/cmake)
[0.558s] -- Found rclcpp: 16.0.9 (/opt/ros/humble/share/rclcpp/cmake)
[0.793s] -- Found rosidl_generator_c: 3.1.5 (/opt/ros/humble/share/rosidl_generator_c/cmake)
[0.828s] -- Found rosidl_adapter: 3.1.5 (/opt/ros/humble/share/rosidl_adapter/cmake)
[0.844s] -- Found rosidl_generator_cpp: 3.1.5 (/opt/ros/humble/share/rosidl_generator_cpp/cmake)
[0.865s] -- Using all available rosidl_typesupport_c: rosidl_typesupport_fastrtps_c;rosidl_typesupport_introspection_c
[0.905s] -- Using all available rosidl_typesupport_cpp: rosidl_typesupport_fastrtps_cpp;rosidl_typesupport_introspection_cpp
[1.050s] -- Found rmw_implementation_cmake: 6.1.2 (/opt/ros/humble/share/rmw_implementation_cmake/cmake)
[1.054s] -- Found rmw_fastrtps_cpp: 6.2.6 (/opt/ros/humble/share/rmw_fastrtps_cpp/cmake)
[1.278s] -- Using RMW implementation 'rmw_fastrtps_cpp' as default
[1.638s] -- Found sensor_msgs: 4.2.4 (/opt/ros/humble/share/sensor_msgs/cmake)
[1.800s] -- Found visualization_msgs: 4.2.4 (/opt/ros/humble/share/visualization_msgs/cmake)
[1.949s] -- Found nav_msgs: 4.2.4 (/opt/ros/humble/share/nav_msgs/cmake)
[2.058s] -- Found tf2: 0.25.7 (/opt/ros/humble/share/tf2/cmake)
[2.093s] -- Found tf2_geometry_msgs: 0.25.7 (/opt/ros/humble/share/tf2_geometry_msgs/cmake)
[2.137s] -- Found eigen3_cmake_module: 0.1.1 (/opt/ros/humble/share/eigen3_cmake_module/cmake)
[2.142s] -- Ensuring Eigen3 include directory is part of orocos-kdl CMake target
[2.638s] -- Found ament_lint_auto: 0.12.11 (/opt/ros/humble/share/ament_lint_auto/cmake)
[2.780s] -- Added test 'cppcheck' to perform static code analysis on C / C++ code
[2.781s] -- Configured cppcheck include dirs: /home/razanhmede/Johnny-Answers-Session11/src/robot_avoidance/include
[2.781s] -- Configured cppcheck exclude dirs and/or files: 
[2.783s] -- Added test 'flake8' to check Python code syntax and style conventions
[2.784s] -- Added test 'lint_cmake' to check CMake code style
[2.785s] -- Added test 'pep257' to check Python code against some of the docstring style conventions in PEP 257
[2.787s] -- Added test 'uncrustify' to check C / C++ code style
[2.787s] -- Configured uncrustify additional arguments: 
[2.788s] -- Added test 'xmllint' to check XML markup files
[2.789s] -- Configuring done
[2.822s] -- Generating done
[2.825s] -- Build files have been written to: /home/razanhmede/Johnny-Answers-Session11/build/robot_avoidance
[2.854s] [35m[1mConsolidate compiler generated dependencies of target avoidance[0m
[2.878s] [100%] Built target avoidance
[2.891s] Invoked command in '/home/razanhmede/Johnny-Answers-Session11/build/robot_avoidance' returned '0': CMAKE_PREFIX_PATH=/opt/ros/humble /usr/bin/cmake --build /home/razanhmede/Johnny-Answers-Session11/build/robot_avoidance -- -j4 -l4
[2.932s] Invoking command in '/home/razanhmede/Johnny-Answers-Session11/build/robot_avoidance': CMAKE_PREFIX_PATH=/opt/ros/humble /usr/bin/cmake --install /home/razanhmede/Johnny-Answers-Session11/build/robot_avoidance
[2.939s] -- Install configuration: ""
[2.939s] -- Up-to-date: /home/razanhmede/Johnny-Answers-Session11/install/robot_avoidance/lib/robot_avoidance/avoidance
[2.940s] -- Installing: /home/razanhmede/Johnny-Answers-Session11/install/robot_avoidance/share/robot_avoidance/launch
[2.940s] -- Installing: /home/razanhmede/Johnny-Answers-Session11/install/robot_avoidance/share/robot_avoidance/launch/robot_avoidance_launch.py
[2.953s] -- Installing: /home/razanhmede/Johnny-Answers-Session11/install/robot_avoidance/share/ament_index/resource_index/package_run_dependencies/robot_avoidance
[2.955s] -- Installing: /home/razanhmede/Johnny-Answers-Session11/install/robot_avoidance/share/ament_index/resource_index/parent_prefix_path/robot_avoidance
[2.956s] -- Installing: /home/razanhmede/Johnny-Answers-Session11/install/robot_avoidance/share/robot_avoidance/environment/ament_prefix_path.sh
[2.958s] -- Installing: /home/razanhmede/Johnny-Answers-Session11/install/robot_avoidance/share/robot_avoidance/environment/ament_prefix_path.dsv
[2.959s] -- Installing: /home/razanhmede/Johnny-Answers-Session11/install/robot_avoidance/share/robot_avoidance/environment/path.sh
[2.962s] -- Installing: /home/razanhmede/Johnny-Answers-Session11/install/robot_avoidance/share/robot_avoidance/environment/path.dsv
[2.962s] -- Installing: /home/razanhmede/Johnny-Answers-Session11/install/robot_avoidance/share/robot_avoidance/local_setup.bash
[2.962s] -- Installing: /home/razanhmede/Johnny-Answers-Session11/install/robot_avoidance/share/robot_avoidance/local_setup.sh
[2.963s] -- Installing: /home/razanhmede/Johnny-Answers-Session11/install/robot_avoidance/share/robot_avoidance/local_setup.zsh
[2.963s] -- Installing: /home/razanhmede/Johnny-Answers-Session11/install/robot_avoidance/share/robot_avoidance/local_setup.dsv
[2.963s] -- Installing: /home/razanhmede/Johnny-Answers-Session11/install/robot_avoidance/share/robot_avoidance/package.dsv
[2.963s] -- Installing: /home/razanhmede/Johnny-Answers-Session11/install/robot_avoidance/share/ament_index/resource_index/packages/robot_avoidance
[2.963s] -- Installing: /home/razanhmede/Johnny-Answers-Session11/install/robot_avoidance/share/robot_avoidance/cmake/robot_avoidanceConfig.cmake
[2.963s] -- Installing: /home/razanhmede/Johnny-Answers-Session11/install/robot_avoidance/share/robot_avoidance/cmake/robot_avoidanceConfig-version.cmake
[2.963s] -- Installing: /home/razanhmede/Johnny-Answers-Session11/install/robot_avoidance/share/robot_avoidance/package.xml
[2.965s] Invoked command in '/home/razanhmede/Johnny-Answers-Session11/build/robot_avoidance' returned '0': CMAKE_PREFIX_PATH=/opt/ros/humble /usr/bin/cmake --install /home/razanhmede/Johnny-Answers-Session11/build/robot_avoidance
