[0.068s] DEBUG:colcon:Command line arguments: ['/usr/bin/colcon', 'build']
[0.068s] DEBUG:colcon:Parsed command line arguments: Namespace(log_base=None, log_level=None, verb_name='build', build_base='build', install_base='install', merge_install=False, symlink_install=False, test_result_base=None, continue_on_error=False, executor='parallel', parallel_workers=16, event_handlers=None, ignore_user_meta=False, metas=['./colcon.meta'], base_paths=['.'], packages_ignore=None, packages_ignore_regex=None, paths=None, packages_up_to=None, packages_up_to_regex=None, packages_above=None, packages_above_and_dependencies=None, packages_above_depth=None, packages_select_by_dep=None, packages_skip_by_dep=None, packages_skip_up_to=None, packages_select_build_failed=False, packages_skip_build_finished=False, packages_select_test_failures=False, packages_skip_test_passed=False, packages_select=None, packages_skip=None, packages_select_regex=None, packages_skip_regex=None, packages_start=None, packages_end=None, allow_overriding=[], cmake_args=None, cmake_target=None, cmake_target_skip_unavailable=False, cmake_clean_cache=False, cmake_clean_first=False, cmake_force_configure=False, ament_cmake_args=None, catkin_cmake_args=None, catkin_skip_building_tests=False, mixin_files=None, mixin=None, verb_parser=<colcon_mixin.mixin.mixin_argument.MixinArgumentDecorator object at 0x7960fcd46710>, verb_extension=<colcon_core.verb.build.BuildVerb object at 0x7960fcd45ea0>, main=<bound method BuildVerb.main of <colcon_core.verb.build.BuildVerb object at 0x7960fcd45ea0>>, mixin_verb=('build',))
[0.163s] Level 1:colcon.colcon_core.package_discovery:discover_packages(colcon_meta) check parameters
[0.163s] Level 1:colcon.colcon_core.package_discovery:discover_packages(recursive) check parameters
[0.163s] Level 1:colcon.colcon_core.package_discovery:discover_packages(ignore) check parameters
[0.163s] Level 1:colcon.colcon_core.package_discovery:discover_packages(path) check parameters
[0.163s] Level 1:colcon.colcon_core.package_discovery:discover_packages(colcon_meta) discover
[0.163s] Level 1:colcon.colcon_core.package_discovery:discover_packages(recursive) discover
[0.163s] INFO:colcon.colcon_core.package_discovery:Crawling recursively for packages in '/home/jhny56/Desktop/Session11/Johnny-Answers-Session11'
[0.163s] Level 1:colcon.colcon_core.package_identification:_identify(.) by extensions ['ignore', 'ignore_ament_install']
[0.163s] Level 1:colcon.colcon_core.package_identification:_identify(.) by extension 'ignore'
[0.163s] Level 1:colcon.colcon_core.package_identification:_identify(.) by extension 'ignore_ament_install'
[0.163s] Level 1:colcon.colcon_core.package_identification:_identify(.) by extensions ['colcon_pkg']
[0.163s] Level 1:colcon.colcon_core.package_identification:_identify(.) by extension 'colcon_pkg'
[0.163s] Level 1:colcon.colcon_core.package_identification:_identify(.) by extensions ['colcon_meta']
[0.163s] Level 1:colcon.colcon_core.package_identification:_identify(.) by extension 'colcon_meta'
[0.163s] Level 1:colcon.colcon_core.package_identification:_identify(.) by extensions ['ros']
[0.163s] Level 1:colcon.colcon_core.package_identification:_identify(.) by extension 'ros'
[0.171s] Level 1:colcon.colcon_core.package_identification:_identify(.) by extensions ['cmake', 'python']
[0.171s] Level 1:colcon.colcon_core.package_identification:_identify(.) by extension 'cmake'
[0.171s] Level 1:colcon.colcon_core.package_identification:_identify(.) by extension 'python'
[0.171s] Level 1:colcon.colcon_core.package_identification:_identify(.) by extensions ['python_setup_py']
[0.171s] Level 1:colcon.colcon_core.package_identification:_identify(.) by extension 'python_setup_py'
[0.171s] Level 1:colcon.colcon_core.package_identification:_identify(build) by extensions ['ignore', 'ignore_ament_install']
[0.171s] Level 1:colcon.colcon_core.package_identification:_identify(build) by extension 'ignore'
[0.171s] Level 1:colcon.colcon_core.package_identification:_identify(build) ignored
[0.171s] Level 1:colcon.colcon_core.package_identification:_identify(install) by extensions ['ignore', 'ignore_ament_install']
[0.171s] Level 1:colcon.colcon_core.package_identification:_identify(install) by extension 'ignore'
[0.171s] Level 1:colcon.colcon_core.package_identification:_identify(install) ignored
[0.172s] Level 1:colcon.colcon_core.package_identification:_identify(log) by extensions ['ignore', 'ignore_ament_install']
[0.172s] Level 1:colcon.colcon_core.package_identification:_identify(log) by extension 'ignore'
[0.172s] Level 1:colcon.colcon_core.package_identification:_identify(log) ignored
[0.172s] Level 1:colcon.colcon_core.package_identification:_identify(src) by extensions ['ignore', 'ignore_ament_install']
[0.172s] Level 1:colcon.colcon_core.package_identification:_identify(src) by extension 'ignore'
[0.172s] Level 1:colcon.colcon_core.package_identification:_identify(src) by extension 'ignore_ament_install'
[0.172s] Level 1:colcon.colcon_core.package_identification:_identify(src) by extensions ['colcon_pkg']
[0.172s] Level 1:colcon.colcon_core.package_identification:_identify(src) by extension 'colcon_pkg'
[0.172s] Level 1:colcon.colcon_core.package_identification:_identify(src) by extensions ['colcon_meta']
[0.172s] Level 1:colcon.colcon_core.package_identification:_identify(src) by extension 'colcon_meta'
[0.172s] Level 1:colcon.colcon_core.package_identification:_identify(src) by extensions ['ros']
[0.172s] Level 1:colcon.colcon_core.package_identification:_identify(src) by extension 'ros'
[0.172s] Level 1:colcon.colcon_core.package_identification:_identify(src) by extensions ['cmake', 'python']
[0.172s] Level 1:colcon.colcon_core.package_identification:_identify(src) by extension 'cmake'
[0.172s] Level 1:colcon.colcon_core.package_identification:_identify(src) by extension 'python'
[0.172s] Level 1:colcon.colcon_core.package_identification:_identify(src) by extensions ['python_setup_py']
[0.172s] Level 1:colcon.colcon_core.package_identification:_identify(src) by extension 'python_setup_py'
[0.172s] Level 1:colcon.colcon_core.package_identification:_identify(src/robot_avoidance) by extensions ['ignore', 'ignore_ament_install']
[0.172s] Level 1:colcon.colcon_core.package_identification:_identify(src/robot_avoidance) by extension 'ignore'
[0.172s] Level 1:colcon.colcon_core.package_identification:_identify(src/robot_avoidance) by extension 'ignore_ament_install'
[0.172s] Level 1:colcon.colcon_core.package_identification:_identify(src/robot_avoidance) by extensions ['colcon_pkg']
[0.172s] Level 1:colcon.colcon_core.package_identification:_identify(src/robot_avoidance) by extension 'colcon_pkg'
[0.172s] Level 1:colcon.colcon_core.package_identification:_identify(src/robot_avoidance) by extensions ['colcon_meta']
[0.172s] Level 1:colcon.colcon_core.package_identification:_identify(src/robot_avoidance) by extension 'colcon_meta'
[0.172s] Level 1:colcon.colcon_core.package_identification:_identify(src/robot_avoidance) by extensions ['ros']
[0.172s] Level 1:colcon.colcon_core.package_identification:_identify(src/robot_avoidance) by extension 'ros'
[0.174s] DEBUG:colcon.colcon_core.package_identification:Package 'src/robot_avoidance' with type 'ros.ament_cmake' and name 'robot_avoidance'
[0.174s] Level 1:colcon.colcon_core.package_discovery:discover_packages(recursive) using defaults
[0.174s] Level 1:colcon.colcon_core.package_discovery:discover_packages(ignore) discover
[0.174s] Level 1:colcon.colcon_core.package_discovery:discover_packages(ignore) using defaults
[0.174s] Level 1:colcon.colcon_core.package_discovery:discover_packages(path) discover
[0.174s] Level 1:colcon.colcon_core.package_discovery:discover_packages(path) using defaults
[0.187s] Level 1:colcon.colcon_core.package_discovery:discover_packages(prefix_path) check parameters
[0.187s] Level 1:colcon.colcon_core.package_discovery:discover_packages(prefix_path) discover
[0.188s] DEBUG:colcon.colcon_installed_package_information.package_discovery:Found 1 installed packages in /home/jhny56/Desktop/Session11/Johnny-Answers-Session11/install
[0.189s] DEBUG:colcon.colcon_installed_package_information.package_discovery:Found 384 installed packages in /opt/ros/humble
[0.196s] Level 1:colcon.colcon_core.package_discovery:discover_packages(prefix_path) using defaults
[0.223s] Level 5:colcon.colcon_core.verb:set package 'robot_avoidance' build argument 'cmake_args' from command line to 'None'
[0.223s] Level 5:colcon.colcon_core.verb:set package 'robot_avoidance' build argument 'cmake_target' from command line to 'None'
[0.223s] Level 5:colcon.colcon_core.verb:set package 'robot_avoidance' build argument 'cmake_target_skip_unavailable' from command line to 'False'
[0.223s] Level 5:colcon.colcon_core.verb:set package 'robot_avoidance' build argument 'cmake_clean_cache' from command line to 'False'
[0.223s] Level 5:colcon.colcon_core.verb:set package 'robot_avoidance' build argument 'cmake_clean_first' from command line to 'False'
[0.223s] Level 5:colcon.colcon_core.verb:set package 'robot_avoidance' build argument 'cmake_force_configure' from command line to 'False'
[0.223s] Level 5:colcon.colcon_core.verb:set package 'robot_avoidance' build argument 'ament_cmake_args' from command line to 'None'
[0.223s] Level 5:colcon.colcon_core.verb:set package 'robot_avoidance' build argument 'catkin_cmake_args' from command line to 'None'
[0.223s] Level 5:colcon.colcon_core.verb:set package 'robot_avoidance' build argument 'catkin_skip_building_tests' from command line to 'False'
[0.223s] DEBUG:colcon.colcon_core.verb:Building package 'robot_avoidance' with the following arguments: {'ament_cmake_args': None, 'build_base': '/home/jhny56/Desktop/Session11/Johnny-Answers-Session11/build/robot_avoidance', 'catkin_cmake_args': None, 'catkin_skip_building_tests': False, 'cmake_args': None, 'cmake_clean_cache': False, 'cmake_clean_first': False, 'cmake_force_configure': False, 'cmake_target': None, 'cmake_target_skip_unavailable': False, 'install_base': '/home/jhny56/Desktop/Session11/Johnny-Answers-Session11/install/robot_avoidance', 'merge_install': False, 'path': '/home/jhny56/Desktop/Session11/Johnny-Answers-Session11/src/robot_avoidance', 'symlink_install': False, 'test_result_base': None}
[0.223s] INFO:colcon.colcon_core.executor:Executing jobs using 'parallel' executor
[0.224s] DEBUG:colcon.colcon_parallel_executor.executor.parallel:run_until_complete
[0.224s] INFO:colcon.colcon_ros.task.ament_cmake.build:Building ROS package in '/home/jhny56/Desktop/Session11/Johnny-Answers-Session11/src/robot_avoidance' with build type 'ament_cmake'
[0.224s] INFO:colcon.colcon_cmake.task.cmake.build:Building CMake package in '/home/jhny56/Desktop/Session11/Johnny-Answers-Session11/src/robot_avoidance'
[0.225s] INFO:colcon.colcon_core.plugin_system:Skipping extension 'colcon_core.shell.bat': Not used on non-Windows systems
[0.226s] INFO:colcon.colcon_core.shell:Skip shell extension 'powershell' for command environment: Not usable outside of PowerShell
[0.226s] DEBUG:colcon.colcon_core.shell:Skip shell extension 'dsv' for command environment
[0.232s] DEBUG:colcon.colcon_core.event_handler.log_command:Invoking command in '/home/jhny56/Desktop/Session11/Johnny-Answers-Session11/build/robot_avoidance': CMAKE_PREFIX_PATH=${CMAKE_PREFIX_PATH}:/opt/ros/humble /usr/bin/cmake --build /home/jhny56/Desktop/Session11/Johnny-Answers-Session11/build/robot_avoidance -- -j16 -l16
[6.849s] DEBUG:colcon.colcon_core.event_handler.log_command:Invoked command in '/home/jhny56/Desktop/Session11/Johnny-Answers-Session11/build/robot_avoidance' returned '0': CMAKE_PREFIX_PATH=${CMAKE_PREFIX_PATH}:/opt/ros/humble /usr/bin/cmake --build /home/jhny56/Desktop/Session11/Johnny-Answers-Session11/build/robot_avoidance -- -j16 -l16
[6.870s] DEBUG:colcon.colcon_core.event_handler.log_command:Invoking command in '/home/jhny56/Desktop/Session11/Johnny-Answers-Session11/build/robot_avoidance': CMAKE_PREFIX_PATH=${CMAKE_PREFIX_PATH}:/opt/ros/humble /usr/bin/cmake --install /home/jhny56/Desktop/Session11/Johnny-Answers-Session11/build/robot_avoidance
[6.881s] Level 1:colcon.colcon_core.environment:create_environment_scripts_only(robot_avoidance)
[6.882s] DEBUG:colcon.colcon_core.event_handler.log_command:Invoked command in '/home/jhny56/Desktop/Session11/Johnny-Answers-Session11/build/robot_avoidance' returned '0': CMAKE_PREFIX_PATH=${CMAKE_PREFIX_PATH}:/opt/ros/humble /usr/bin/cmake --install /home/jhny56/Desktop/Session11/Johnny-Answers-Session11/build/robot_avoidance
[6.883s] Level 1:colcon.colcon_core.environment:checking '/home/jhny56/Desktop/Session11/Johnny-Answers-Session11/install/robot_avoidance' for CMake module files
[6.883s] Level 1:colcon.colcon_core.environment:checking '/home/jhny56/Desktop/Session11/Johnny-Answers-Session11/install/robot_avoidance' for CMake config files
[6.884s] Level 1:colcon.colcon_core.shell:create_environment_hook('robot_avoidance', 'cmake_prefix_path')
[6.884s] INFO:colcon.colcon_core.shell:Creating environment hook '/home/jhny56/Desktop/Session11/Johnny-Answers-Session11/install/robot_avoidance/share/robot_avoidance/hook/cmake_prefix_path.ps1'
[6.884s] INFO:colcon.colcon_core.shell:Creating environment descriptor '/home/jhny56/Desktop/Session11/Johnny-Answers-Session11/install/robot_avoidance/share/robot_avoidance/hook/cmake_prefix_path.dsv'
[6.885s] INFO:colcon.colcon_core.shell:Creating environment hook '/home/jhny56/Desktop/Session11/Johnny-Answers-Session11/install/robot_avoidance/share/robot_avoidance/hook/cmake_prefix_path.sh'
[6.885s] Level 1:colcon.colcon_core.environment:checking '/home/jhny56/Desktop/Session11/Johnny-Answers-Session11/install/robot_avoidance/lib'
[6.885s] Level 1:colcon.colcon_core.environment:checking '/home/jhny56/Desktop/Session11/Johnny-Answers-Session11/install/robot_avoidance/bin'
[6.885s] Level 1:colcon.colcon_core.environment:checking '/home/jhny56/Desktop/Session11/Johnny-Answers-Session11/install/robot_avoidance/lib/pkgconfig/robot_avoidance.pc'
[6.886s] Level 1:colcon.colcon_core.environment:checking '/home/jhny56/Desktop/Session11/Johnny-Answers-Session11/install/robot_avoidance/lib/python3.10/site-packages'
[6.886s] Level 1:colcon.colcon_core.environment:checking '/home/jhny56/Desktop/Session11/Johnny-Answers-Session11/install/robot_avoidance/bin'
[6.886s] INFO:colcon.colcon_core.shell:Creating package script '/home/jhny56/Desktop/Session11/Johnny-Answers-Session11/install/robot_avoidance/share/robot_avoidance/package.ps1'
[6.886s] INFO:colcon.colcon_core.shell:Creating package descriptor '/home/jhny56/Desktop/Session11/Johnny-Answers-Session11/install/robot_avoidance/share/robot_avoidance/package.dsv'
[6.887s] INFO:colcon.colcon_core.shell:Creating package script '/home/jhny56/Desktop/Session11/Johnny-Answers-Session11/install/robot_avoidance/share/robot_avoidance/package.sh'
[6.887s] INFO:colcon.colcon_core.shell:Creating package script '/home/jhny56/Desktop/Session11/Johnny-Answers-Session11/install/robot_avoidance/share/robot_avoidance/package.bash'
[6.887s] INFO:colcon.colcon_core.shell:Creating package script '/home/jhny56/Desktop/Session11/Johnny-Answers-Session11/install/robot_avoidance/share/robot_avoidance/package.zsh'
[6.888s] Level 1:colcon.colcon_core.environment:create_file_with_runtime_dependencies(/home/jhny56/Desktop/Session11/Johnny-Answers-Session11/install/robot_avoidance/share/colcon-core/packages/robot_avoidance)
[6.907s] Level 1:colcon.colcon_core.environment:create_environment_scripts_only(robot_avoidance)
[6.907s] Level 1:colcon.colcon_core.environment:checking '/home/jhny56/Desktop/Session11/Johnny-Answers-Session11/install/robot_avoidance' for CMake module files
[6.907s] Level 1:colcon.colcon_core.environment:checking '/home/jhny56/Desktop/Session11/Johnny-Answers-Session11/install/robot_avoidance' for CMake config files
[6.908s] Level 1:colcon.colcon_core.shell:create_environment_hook('robot_avoidance', 'cmake_prefix_path')
[6.908s] INFO:colcon.colcon_core.shell:Creating environment hook '/home/jhny56/Desktop/Session11/Johnny-Answers-Session11/install/robot_avoidance/share/robot_avoidance/hook/cmake_prefix_path.ps1'
[6.909s] INFO:colcon.colcon_core.shell:Creating environment descriptor '/home/jhny56/Desktop/Session11/Johnny-Answers-Session11/install/robot_avoidance/share/robot_avoidance/hook/cmake_prefix_path.dsv'
[6.909s] INFO:colcon.colcon_core.shell:Creating environment hook '/home/jhny56/Desktop/Session11/Johnny-Answers-Session11/install/robot_avoidance/share/robot_avoidance/hook/cmake_prefix_path.sh'
[6.910s] Level 1:colcon.colcon_core.environment:checking '/home/jhny56/Desktop/Session11/Johnny-Answers-Session11/install/robot_avoidance/lib'
[6.910s] Level 1:colcon.colcon_core.environment:checking '/home/jhny56/Desktop/Session11/Johnny-Answers-Session11/install/robot_avoidance/bin'
[6.910s] Level 1:colcon.colcon_core.environment:checking '/home/jhny56/Desktop/Session11/Johnny-Answers-Session11/install/robot_avoidance/lib/pkgconfig/robot_avoidance.pc'
[6.910s] Level 1:colcon.colcon_core.environment:checking '/home/jhny56/Desktop/Session11/Johnny-Answers-Session11/install/robot_avoidance/lib/python3.10/site-packages'
[6.911s] Level 1:colcon.colcon_core.environment:checking '/home/jhny56/Desktop/Session11/Johnny-Answers-Session11/install/robot_avoidance/bin'
[6.911s] INFO:colcon.colcon_core.shell:Creating package script '/home/jhny56/Desktop/Session11/Johnny-Answers-Session11/install/robot_avoidance/share/robot_avoidance/package.ps1'
[6.912s] INFO:colcon.colcon_core.shell:Creating package descriptor '/home/jhny56/Desktop/Session11/Johnny-Answers-Session11/install/robot_avoidance/share/robot_avoidance/package.dsv'
[6.912s] INFO:colcon.colcon_core.shell:Creating package script '/home/jhny56/Desktop/Session11/Johnny-Answers-Session11/install/robot_avoidance/share/robot_avoidance/package.sh'
[6.913s] INFO:colcon.colcon_core.shell:Creating package script '/home/jhny56/Desktop/Session11/Johnny-Answers-Session11/install/robot_avoidance/share/robot_avoidance/package.bash'
[6.913s] INFO:colcon.colcon_core.shell:Creating package script '/home/jhny56/Desktop/Session11/Johnny-Answers-Session11/install/robot_avoidance/share/robot_avoidance/package.zsh'
[6.914s] Level 1:colcon.colcon_core.environment:create_file_with_runtime_dependencies(/home/jhny56/Desktop/Session11/Johnny-Answers-Session11/install/robot_avoidance/share/colcon-core/packages/robot_avoidance)
[6.914s] DEBUG:colcon.colcon_parallel_executor.executor.parallel:closing loop
[6.915s] DEBUG:colcon.colcon_parallel_executor.executor.parallel:loop closed
[6.915s] DEBUG:colcon.colcon_parallel_executor.executor.parallel:run_until_complete finished with '0'
[6.915s] DEBUG:colcon.colcon_core.event_reactor:joining thread
[6.922s] INFO:colcon.colcon_core.plugin_system:Skipping extension 'colcon_notification.desktop_notification.terminal_notifier': Not used on non-Darwin systems
[6.922s] INFO:colcon.colcon_core.plugin_system:Skipping extension 'colcon_notification.desktop_notification.win32': Not used on non-Windows systems
[6.922s] INFO:colcon.colcon_notification.desktop_notification:Sending desktop notification using 'notify2'
[6.950s] DEBUG:colcon.colcon_core.event_reactor:joined thread
[6.950s] INFO:colcon.colcon_core.shell:Creating prefix script '/home/jhny56/Desktop/Session11/Johnny-Answers-Session11/install/local_setup.ps1'
[6.951s] INFO:colcon.colcon_core.shell:Creating prefix util module '/home/jhny56/Desktop/Session11/Johnny-Answers-Session11/install/_local_setup_util_ps1.py'
[6.952s] INFO:colcon.colcon_core.shell:Creating prefix chain script '/home/jhny56/Desktop/Session11/Johnny-Answers-Session11/install/setup.ps1'
[6.953s] INFO:colcon.colcon_core.shell:Creating prefix script '/home/jhny56/Desktop/Session11/Johnny-Answers-Session11/install/local_setup.sh'
[6.954s] INFO:colcon.colcon_core.shell:Creating prefix util module '/home/jhny56/Desktop/Session11/Johnny-Answers-Session11/install/_local_setup_util_sh.py'
[6.954s] INFO:colcon.colcon_core.shell:Creating prefix chain script '/home/jhny56/Desktop/Session11/Johnny-Answers-Session11/install/setup.sh'
[6.955s] INFO:colcon.colcon_core.shell:Creating prefix script '/home/jhny56/Desktop/Session11/Johnny-Answers-Session11/install/local_setup.bash'
[6.956s] INFO:colcon.colcon_core.shell:Creating prefix chain script '/home/jhny56/Desktop/Session11/Johnny-Answers-Session11/install/setup.bash'
[6.957s] INFO:colcon.colcon_core.shell:Creating prefix script '/home/jhny56/Desktop/Session11/Johnny-Answers-Session11/install/local_setup.zsh'
[6.958s] INFO:colcon.colcon_core.shell:Creating prefix chain script '/home/jhny56/Desktop/Session11/Johnny-Answers-Session11/install/setup.zsh'
