[35m[1mConsolidate compiler generated dependencies of target avoidance_node[0m
[100%] Built target avoidance_node
-- Install configuration: ""
-- Up-to-date: /home/jhny56/Desktop/Session11/Johnny-Answers-Session11/install/robot_avoidance/lib/robot_avoidance/avoidance_node
-- Up-to-date: /home/jhny56/Desktop/Session11/Johnny-Answers-Session11/install/robot_avoidance/include/
-- Up-to-date: /home/jhny56/Desktop/Session11/Johnny-Answers-Session11/install/robot_avoidance/include//robot_avoidance
-- Up-to-date: /home/jhny56/Desktop/Session11/Johnny-Answers-Session11/install/robot_avoidance/share/robot_avoidance/launch
-- Up-to-date: /home/jhny56/Desktop/Session11/Johnny-Answers-Session11/install/robot_avoidance/share/robot_avoidance/launch/robot_avoidance_launch.py
-- Up-to-date: /home/jhny56/Desktop/Session11/Johnny-Answers-Session11/install/robot_avoidance/share/ament_index/resource_index/package_run_dependencies/robot_avoidance
-- Up-to-date: /home/jhny56/Desktop/Session11/Johnny-Answers-Session11/install/robot_avoidance/share/ament_index/resource_index/parent_prefix_path/robot_avoidance
-- Up-to-date: /home/jhny56/Desktop/Session11/Johnny-Answers-Session11/install/robot_avoidance/share/robot_avoidance/environment/ament_prefix_path.sh
-- Up-to-date: /home/jhny56/Desktop/Session11/Johnny-Answers-Session11/install/robot_avoidance/share/robot_avoidance/environment/ament_prefix_path.dsv
-- Up-to-date: /home/jhny56/Desktop/Session11/Johnny-Answers-Session11/install/robot_avoidance/share/robot_avoidance/environment/path.sh
-- Up-to-date: /home/jhny56/Desktop/Session11/Johnny-Answers-Session11/install/robot_avoidance/share/robot_avoidance/environment/path.dsv
-- Up-to-date: /home/jhny56/Desktop/Session11/Johnny-Answers-Session11/install/robot_avoidance/share/robot_avoidance/local_setup.bash
-- Up-to-date: /home/jhny56/Desktop/Session11/Johnny-Answers-Session11/install/robot_avoidance/share/robot_avoidance/local_setup.sh
-- Up-to-date: /home/jhny56/Desktop/Session11/Johnny-Answers-Session11/install/robot_avoidance/share/robot_avoidance/local_setup.zsh
-- Up-to-date: /home/jhny56/Desktop/Session11/Johnny-Answers-Session11/install/robot_avoidance/share/robot_avoidance/local_setup.dsv
-- Installing: /home/jhny56/Desktop/Session11/Johnny-Answers-Session11/install/robot_avoidance/share/robot_avoidance/package.dsv
-- Up-to-date: /home/jhny56/Desktop/Session11/Johnny-Answers-Session11/install/robot_avoidance/share/ament_index/resource_index/packages/robot_avoidance
-- Up-to-date: /home/jhny56/Desktop/Session11/Johnny-Answers-Session11/install/robot_avoidance/share/robot_avoidance/cmake/robot_avoidanceConfig.cmake
-- Up-to-date: /home/jhny56/Desktop/Session11/Johnny-Answers-Session11/install/robot_avoidance/share/robot_avoidance/cmake/robot_avoidanceConfig-version.cmake
-- Up-to-date: /home/jhny56/Desktop/Session11/Johnny-Answers-Session11/install/robot_avoidance/share/robot_avoidance/package.xml
