[0.007s] Invoking command in '/home/jhny56/Desktop/Session11/Johnny-Answers-Session11/build/robot_avoidance': CMAKE_PREFIX_PATH=${CMAKE_PREFIX_PATH}:/opt/ros/humble /usr/bin/cmake --build /home/jhny56/Desktop/Session11/Johnny-Answers-Session11/build/robot_avoidance -- -j16 -l16
[0.036s] [35m[1mConsolidate compiler generated dependencies of target avoidance[0m
[0.057s] [ 50%] [32mBuilding CXX object CMakeFiles/avoidance.dir/src/avoidance.cpp.o[0m
[1.566s] [01m[K/home/jhny56/Desktop/Session11/Johnny-Answers-Session11/src/robot_avoidance/src/avoidance.cpp:[m[K In member function ‘[01m[Kstd::vector<float> AvoidanceNode::calculate_resultant(const std::vector<float>&, const std::vector<float>&)[m[K’:
[1.566s] [01m[K/home/jhny56/Desktop/Session11/Johnny-Answers-Session11/src/robot_avoidance/src/avoidance.cpp:60:9:[m[K [01;35m[Kwarning: [m[Kunused variable ‘[01m[Klinear_velocity[m[K’ [[01;35m[K]8;;https://gcc.gnu.org/onlinedocs/gcc/Warning-Options.html#index-Wunused-variable-Wunused-variable]8;;[m[K]
[1.567s]    60 |   float [01;35m[Klinear_velocity[m[K = std::sqrt(resultant_x * resultant_x + resultant_y * resultant_y);
[1.567s]       |         [01;35m[K^~~~~~~~~~~~~~~[m[K
[1.567s] [01m[K/home/jhny56/Desktop/Session11/Johnny-Answers-Session11/src/robot_avoidance/src/avoidance.cpp:61:9:[m[K [01;35m[Kwarning: [m[Kunused variable ‘[01m[Kangular_velocity[m[K’ [[01;35m[K]8;;https://gcc.gnu.org/onlinedocs/gcc/Warning-Options.html#index-Wunused-variable-Wunused-variable]8;;[m[K]
[1.567s]    61 |   float [01;35m[Kangular_velocity[m[K = std::atan2(resultant_y, resultant_x);
[1.567s]       |         [01;35m[K^~~~~~~~~~~~~~~~[m[K
[5.647s] [100%] [32m[1mLinking CXX executable avoidance[0m
[5.941s] [100%] Built target avoidance
[5.949s] Invoked command in '/home/jhny56/Desktop/Session11/Johnny-Answers-Session11/build/robot_avoidance' returned '0': CMAKE_PREFIX_PATH=${CMAKE_PREFIX_PATH}:/opt/ros/humble /usr/bin/cmake --build /home/jhny56/Desktop/Session11/Johnny-Answers-Session11/build/robot_avoidance -- -j16 -l16
[5.974s] Invoking command in '/home/jhny56/Desktop/Session11/Johnny-Answers-Session11/build/robot_avoidance': CMAKE_PREFIX_PATH=${CMAKE_PREFIX_PATH}:/opt/ros/humble /usr/bin/cmake --install /home/jhny56/Desktop/Session11/Johnny-Answers-Session11/build/robot_avoidance
[5.980s] -- Install configuration: ""
[5.980s] -- Installing: /home/jhny56/Desktop/Session11/Johnny-Answers-Session11/install/robot_avoidance/lib/robot_avoidance/avoidance
[5.984s] -- Set runtime path of "/home/jhny56/Desktop/Session11/Johnny-Answers-Session11/install/robot_avoidance/lib/robot_avoidance/avoidance" to ""
[5.984s] -- Up-to-date: /home/jhny56/Desktop/Session11/Johnny-Answers-Session11/install/robot_avoidance/include/
[5.985s] -- Up-to-date: /home/jhny56/Desktop/Session11/Johnny-Answers-Session11/install/robot_avoidance/include//robot_avoidance
[5.985s] -- Up-to-date: /home/jhny56/Desktop/Session11/Johnny-Answers-Session11/install/robot_avoidance/share/robot_avoidance/launch
[5.985s] -- Up-to-date: /home/jhny56/Desktop/Session11/Johnny-Answers-Session11/install/robot_avoidance/share/robot_avoidance/launch/robot_avoidance_launch.py
[5.985s] -- Up-to-date: /home/jhny56/Desktop/Session11/Johnny-Answers-Session11/install/robot_avoidance/share/ament_index/resource_index/package_run_dependencies/robot_avoidance
[5.985s] -- Up-to-date: /home/jhny56/Desktop/Session11/Johnny-Answers-Session11/install/robot_avoidance/share/ament_index/resource_index/parent_prefix_path/robot_avoidance
[5.985s] -- Up-to-date: /home/jhny56/Desktop/Session11/Johnny-Answers-Session11/install/robot_avoidance/share/robot_avoidance/environment/ament_prefix_path.sh
[5.985s] -- Up-to-date: /home/jhny56/Desktop/Session11/Johnny-Answers-Session11/install/robot_avoidance/share/robot_avoidance/environment/ament_prefix_path.dsv
[5.985s] -- Up-to-date: /home/jhny56/Desktop/Session11/Johnny-Answers-Session11/install/robot_avoidance/share/robot_avoidance/environment/path.sh
[5.985s] -- Up-to-date: /home/jhny56/Desktop/Session11/Johnny-Answers-Session11/install/robot_avoidance/share/robot_avoidance/environment/path.dsv
[5.985s] -- Up-to-date: /home/jhny56/Desktop/Session11/Johnny-Answers-Session11/install/robot_avoidance/share/robot_avoidance/local_setup.bash
[5.985s] -- Up-to-date: /home/jhny56/Desktop/Session11/Johnny-Answers-Session11/install/robot_avoidance/share/robot_avoidance/local_setup.sh
[5.985s] -- Up-to-date: /home/jhny56/Desktop/Session11/Johnny-Answers-Session11/install/robot_avoidance/share/robot_avoidance/local_setup.zsh
[5.985s] -- Up-to-date: /home/jhny56/Desktop/Session11/Johnny-Answers-Session11/install/robot_avoidance/share/robot_avoidance/local_setup.dsv
[5.985s] -- Installing: /home/jhny56/Desktop/Session11/Johnny-Answers-Session11/install/robot_avoidance/share/robot_avoidance/package.dsv
[5.985s] -- Up-to-date: /home/jhny56/Desktop/Session11/Johnny-Answers-Session11/install/robot_avoidance/share/ament_index/resource_index/packages/robot_avoidance
[5.985s] -- Up-to-date: /home/jhny56/Desktop/Session11/Johnny-Answers-Session11/install/robot_avoidance/share/robot_avoidance/cmake/robot_avoidanceConfig.cmake
[5.985s] -- Up-to-date: /home/jhny56/Desktop/Session11/Johnny-Answers-Session11/install/robot_avoidance/share/robot_avoidance/cmake/robot_avoidanceConfig-version.cmake
[5.985s] -- Up-to-date: /home/jhny56/Desktop/Session11/Johnny-Answers-Session11/install/robot_avoidance/share/robot_avoidance/package.xml
[5.986s] Invoked command in '/home/jhny56/Desktop/Session11/Johnny-Answers-Session11/build/robot_avoidance' returned '0': CMAKE_PREFIX_PATH=${CMAKE_PREFIX_PATH}:/opt/ros/humble /usr/bin/cmake --install /home/jhny56/Desktop/Session11/Johnny-Answers-Session11/build/robot_avoidance
