[0.264s] Invoking command in '/home/mohamad/Inmind/Johnny-Answers-Session11/build/robot_avoidance': CMAKE_PREFIX_PATH=${CMAKE_PREFIX_PATH}:/home/mohamad/Inmind/Robotics-Session7-Assignment/Session7_ros2_ws/install/navigation_robot:/home/mohamad/Inmind/Robotics-Session6-Assignment/Session6_ros2_ws/install/session6_assignment:/home/mohamad/Inmind/ros2_ws/install/session5_academy:/home/mohamad/Inmind/Robotics-Session5-Ros2/session5_ros2_ws/install/session5_assignment:/home/mohamad/ros2_ws/install/my_robot_controller:/opt/ros/humble /usr/bin/cmake --build /home/mohamad/Inmind/Johnny-Answers-Session11/build/robot_avoidance -- -j4 -l4
[2.143s] [35m[1mConsolidate compiler generated dependencies of target avoidance[0m
[2.392s] [ 50%] [32mBuilding CXX object CMakeFiles/avoidance.dir/src/avoidance.cpp.o[0m
[55.315s] [100%] [32m[1mLinking CXX executable avoidance[0m
[59.253s] [100%] Built target avoidance
[59.346s] Invoked command in '/home/mohamad/Inmind/Johnny-Answers-Session11/build/robot_avoidance' returned '0': CMAKE_PREFIX_PATH=${CMAKE_PREFIX_PATH}:/home/mohamad/Inmind/Robotics-Session7-Assignment/Session7_ros2_ws/install/navigation_robot:/home/mohamad/Inmind/Robotics-Session6-Assignment/Session6_ros2_ws/install/session6_assignment:/home/mohamad/Inmind/ros2_ws/install/session5_academy:/home/mohamad/Inmind/Robotics-Session5-Ros2/session5_ros2_ws/install/session5_assignment:/home/mohamad/ros2_ws/install/my_robot_controller:/opt/ros/humble /usr/bin/cmake --build /home/mohamad/Inmind/Johnny-Answers-Session11/build/robot_avoidance -- -j4 -l4
[60.059s] Invoking command in '/home/mohamad/Inmind/Johnny-Answers-Session11/build/robot_avoidance': CMAKE_PREFIX_PATH=${CMAKE_PREFIX_PATH}:/home/mohamad/Inmind/Robotics-Session7-Assignment/Session7_ros2_ws/install/navigation_robot:/home/mohamad/Inmind/Robotics-Session6-Assignment/Session6_ros2_ws/install/session6_assignment:/home/mohamad/Inmind/ros2_ws/install/session5_academy:/home/mohamad/Inmind/Robotics-Session5-Ros2/session5_ros2_ws/install/session5_assignment:/home/mohamad/ros2_ws/install/my_robot_controller:/opt/ros/humble /usr/bin/cmake --install /home/mohamad/Inmind/Johnny-Answers-Session11/build/robot_avoidance
[60.107s] -- Install configuration: ""
[60.115s] -- Installing: /home/mohamad/Inmind/Johnny-Answers-Session11/install/robot_avoidance/lib/robot_avoidance/avoidance
[60.154s] -- Set runtime path of "/home/mohamad/Inmind/Johnny-Answers-Session11/install/robot_avoidance/lib/robot_avoidance/avoidance" to ""
[60.155s] -- Up-to-date: /home/mohamad/Inmind/Johnny-Answers-Session11/install/robot_avoidance/share/robot_avoidance/launch
[60.155s] -- Up-to-date: /home/mohamad/Inmind/Johnny-Answers-Session11/install/robot_avoidance/share/robot_avoidance/launch/robot_avoidance_launch.py
[60.155s] -- Up-to-date: /home/mohamad/Inmind/Johnny-Answers-Session11/install/robot_avoidance/share/ament_index/resource_index/package_run_dependencies/robot_avoidance
[60.155s] -- Up-to-date: /home/mohamad/Inmind/Johnny-Answers-Session11/install/robot_avoidance/share/ament_index/resource_index/parent_prefix_path/robot_avoidance
[60.155s] -- Up-to-date: /home/mohamad/Inmind/Johnny-Answers-Session11/install/robot_avoidance/share/robot_avoidance/environment/ament_prefix_path.sh
[60.155s] -- Up-to-date: /home/mohamad/Inmind/Johnny-Answers-Session11/install/robot_avoidance/share/robot_avoidance/environment/ament_prefix_path.dsv
[60.155s] -- Up-to-date: /home/mohamad/Inmind/Johnny-Answers-Session11/install/robot_avoidance/share/robot_avoidance/environment/path.sh
[60.155s] -- Up-to-date: /home/mohamad/Inmind/Johnny-Answers-Session11/install/robot_avoidance/share/robot_avoidance/environment/path.dsv
[60.155s] -- Up-to-date: /home/mohamad/Inmind/Johnny-Answers-Session11/install/robot_avoidance/share/robot_avoidance/local_setup.bash
[60.155s] -- Up-to-date: /home/mohamad/Inmind/Johnny-Answers-Session11/install/robot_avoidance/share/robot_avoidance/local_setup.sh
[60.156s] -- Up-to-date: /home/mohamad/Inmind/Johnny-Answers-Session11/install/robot_avoidance/share/robot_avoidance/local_setup.zsh
[60.157s] -- Up-to-date: /home/mohamad/Inmind/Johnny-Answers-Session11/install/robot_avoidance/share/robot_avoidance/local_setup.dsv
[60.157s] -- Installing: /home/mohamad/Inmind/Johnny-Answers-Session11/install/robot_avoidance/share/robot_avoidance/package.dsv
[60.157s] -- Up-to-date: /home/mohamad/Inmind/Johnny-Answers-Session11/install/robot_avoidance/share/ament_index/resource_index/packages/robot_avoidance
[60.184s] -- Up-to-date: /home/mohamad/Inmind/Johnny-Answers-Session11/install/robot_avoidance/share/robot_avoidance/cmake/robot_avoidanceConfig.cmake
[60.184s] -- Up-to-date: /home/mohamad/Inmind/Johnny-Answers-Session11/install/robot_avoidance/share/robot_avoidance/cmake/robot_avoidanceConfig-version.cmake
[60.230s] -- Up-to-date: /home/mohamad/Inmind/Johnny-Answers-Session11/install/robot_avoidance/share/robot_avoidance/package.xml
[60.238s] Invoked command in '/home/mohamad/Inmind/Johnny-Answers-Session11/build/robot_avoidance' returned '0': CMAKE_PREFIX_PATH=${CMAKE_PREFIX_PATH}:/home/mohamad/Inmind/Robotics-Session7-Assignment/Session7_ros2_ws/install/navigation_robot:/home/mohamad/Inmind/Robotics-Session6-Assignment/Session6_ros2_ws/install/session6_assignment:/home/mohamad/Inmind/ros2_ws/install/session5_academy:/home/mohamad/Inmind/Robotics-Session5-Ros2/session5_ros2_ws/install/session5_assignment:/home/mohamad/ros2_ws/install/my_robot_controller:/opt/ros/humble /usr/bin/cmake --install /home/mohamad/Inmind/Johnny-Answers-Session11/build/robot_avoidance
