[0.064s] DEBUG:colcon:Command line arguments: ['/usr/bin/colcon', 'build']
[0.064s] DEBUG:colcon:Parsed command line arguments: Namespace(log_base=None, log_level=None, verb_name='build', build_base='build', install_base='install', merge_install=False, symlink_install=False, test_result_base=None, continue_on_error=False, executor='parallel', parallel_workers=16, event_handlers=None, ignore_user_meta=False, metas=['./colcon.meta'], base_paths=['.'], packages_ignore=None, packages_ignore_regex=None, paths=None, packages_up_to=None, packages_up_to_regex=None, packages_above=None, packages_above_and_dependencies=None, packages_above_depth=None, packages_select_by_dep=None, packages_skip_by_dep=None, packages_skip_up_to=None, packages_select_build_failed=False, packages_skip_build_finished=False, packages_select_test_failures=False, packages_skip_test_passed=False, packages_select=None, packages_skip=None, packages_select_regex=None, packages_skip_regex=None, packages_start=None, packages_end=None, allow_overriding=[], cmake_args=None, cmake_target=None, cmake_target_skip_unavailable=False, cmake_clean_cache=False, cmake_clean_first=False, cmake_force_configure=False, ament_cmake_args=None, catkin_cmake_args=None, catkin_skip_building_tests=False, mixin_files=None, mixin=None, verb_parser=<colcon_mixin.mixin.mixin_argument.MixinArgumentDecorator object at 0x75adfda4a7a0>, verb_extension=<colcon_core.verb.build.BuildVerb object at 0x75adfda49f30>, main=<bound method BuildVerb.main of <colcon_core.verb.build.BuildVerb object at 0x75adfda49f30>>, mixin_verb=('build',))
[0.155s] Level 1:colcon.colcon_core.package_discovery:discover_packages(colcon_meta) check parameters
[0.155s] Level 1:colcon.colcon_core.package_discovery:discover_packages(recursive) check parameters
[0.155s] Level 1:colcon.colcon_core.package_discovery:discover_packages(ignore) check parameters
[0.155s] Level 1:colcon.colcon_core.package_discovery:discover_packages(path) check parameters
[0.155s] Level 1:colcon.colcon_core.package_discovery:discover_packages(colcon_meta) discover
[0.155s] Level 1:colcon.colcon_core.package_discovery:discover_packages(recursive) discover
[0.155s] INFO:colcon.colcon_core.package_discovery:Crawling recursively for packages in '/home/jhny56/Desktop/Session11Test/GroupRMJ-VFF-Avoidance'
[0.155s] Level 1:colcon.colcon_core.package_identification:_identify(.) by extensions ['ignore', 'ignore_ament_install']
[0.156s] Level 1:colcon.colcon_core.package_identification:_identify(.) by extension 'ignore'
[0.156s] Level 1:colcon.colcon_core.package_identification:_identify(.) by extension 'ignore_ament_install'
[0.156s] Level 1:colcon.colcon_core.package_identification:_identify(.) by extensions ['colcon_pkg']
[0.156s] Level 1:colcon.colcon_core.package_identification:_identify(.) by extension 'colcon_pkg'
[0.156s] Level 1:colcon.colcon_core.package_identification:_identify(.) by extensions ['colcon_meta']
[0.156s] Level 1:colcon.colcon_core.package_identification:_identify(.) by extension 'colcon_meta'
[0.156s] Level 1:colcon.colcon_core.package_identification:_identify(.) by extensions ['ros']
[0.156s] Level 1:colcon.colcon_core.package_identification:_identify(.) by extension 'ros'
[0.163s] Level 1:colcon.colcon_core.package_identification:_identify(.) by extensions ['cmake', 'python']
[0.163s] Level 1:colcon.colcon_core.package_identification:_identify(.) by extension 'cmake'
[0.163s] Level 1:colcon.colcon_core.package_identification:_identify(.) by extension 'python'
[0.163s] Level 1:colcon.colcon_core.package_identification:_identify(.) by extensions ['python_setup_py']
[0.163s] Level 1:colcon.colcon_core.package_identification:_identify(.) by extension 'python_setup_py'
[0.163s] Level 1:colcon.colcon_core.package_identification:_identify(build) by extensions ['ignore', 'ignore_ament_install']
[0.163s] Level 1:colcon.colcon_core.package_identification:_identify(build) by extension 'ignore'
[0.163s] Level 1:colcon.colcon_core.package_identification:_identify(build) ignored
[0.163s] Level 1:colcon.colcon_core.package_identification:_identify(install) by extensions ['ignore', 'ignore_ament_install']
[0.163s] Level 1:colcon.colcon_core.package_identification:_identify(install) by extension 'ignore'
[0.163s] Level 1:colcon.colcon_core.package_identification:_identify(install) ignored
[0.163s] Level 1:colcon.colcon_core.package_identification:_identify(log) by extensions ['ignore', 'ignore_ament_install']
[0.163s] Level 1:colcon.colcon_core.package_identification:_identify(log) by extension 'ignore'
[0.163s] Level 1:colcon.colcon_core.package_identification:_identify(log) ignored
[0.163s] Level 1:colcon.colcon_core.package_identification:_identify(src) by extensions ['ignore', 'ignore_ament_install']
[0.163s] Level 1:colcon.colcon_core.package_identification:_identify(src) by extension 'ignore'
[0.163s] Level 1:colcon.colcon_core.package_identification:_identify(src) by extension 'ignore_ament_install'
[0.163s] Level 1:colcon.colcon_core.package_identification:_identify(src) by extensions ['colcon_pkg']
[0.163s] Level 1:colcon.colcon_core.package_identification:_identify(src) by extension 'colcon_pkg'
[0.163s] Level 1:colcon.colcon_core.package_identification:_identify(src) by extensions ['colcon_meta']
[0.163s] Level 1:colcon.colcon_core.package_identification:_identify(src) by extension 'colcon_meta'
[0.163s] Level 1:colcon.colcon_core.package_identification:_identify(src) by extensions ['ros']
[0.163s] Level 1:colcon.colcon_core.package_identification:_identify(src) by extension 'ros'
[0.164s] Level 1:colcon.colcon_core.package_identification:_identify(src) by extensions ['cmake', 'python']
[0.164s] Level 1:colcon.colcon_core.package_identification:_identify(src) by extension 'cmake'
[0.164s] Level 1:colcon.colcon_core.package_identification:_identify(src) by extension 'python'
[0.164s] Level 1:colcon.colcon_core.package_identification:_identify(src) by extensions ['python_setup_py']
[0.164s] Level 1:colcon.colcon_core.package_identification:_identify(src) by extension 'python_setup_py'
[0.164s] Level 1:colcon.colcon_core.package_identification:_identify(src/robot_avoidance) by extensions ['ignore', 'ignore_ament_install']
[0.164s] Level 1:colcon.colcon_core.package_identification:_identify(src/robot_avoidance) by extension 'ignore'
[0.164s] Level 1:colcon.colcon_core.package_identification:_identify(src/robot_avoidance) by extension 'ignore_ament_install'
[0.164s] Level 1:colcon.colcon_core.package_identification:_identify(src/robot_avoidance) by extensions ['colcon_pkg']
[0.164s] Level 1:colcon.colcon_core.package_identification:_identify(src/robot_avoidance) by extension 'colcon_pkg'
[0.164s] Level 1:colcon.colcon_core.package_identification:_identify(src/robot_avoidance) by extensions ['colcon_meta']
[0.164s] Level 1:colcon.colcon_core.package_identification:_identify(src/robot_avoidance) by extension 'colcon_meta'
[0.164s] Level 1:colcon.colcon_core.package_identification:_identify(src/robot_avoidance) by extensions ['ros']
[0.164s] Level 1:colcon.colcon_core.package_identification:_identify(src/robot_avoidance) by extension 'ros'
[0.166s] DEBUG:colcon.colcon_core.package_identification:Package 'src/robot_avoidance' with type 'ros.ament_cmake' and name 'robot_avoidance'
[0.166s] Level 1:colcon.colcon_core.package_discovery:discover_packages(recursive) using defaults
[0.166s] Level 1:colcon.colcon_core.package_discovery:discover_packages(ignore) discover
[0.166s] Level 1:colcon.colcon_core.package_discovery:discover_packages(ignore) using defaults
[0.166s] Level 1:colcon.colcon_core.package_discovery:discover_packages(path) discover
[0.166s] Level 1:colcon.colcon_core.package_discovery:discover_packages(path) using defaults
[0.178s] Level 1:colcon.colcon_core.package_discovery:discover_packages(prefix_path) check parameters
[0.178s] Level 1:colcon.colcon_core.package_discovery:discover_packages(prefix_path) discover
[0.179s] DEBUG:colcon.colcon_installed_package_information.package_discovery:Found 384 installed packages in /opt/ros/humble
[0.186s] Level 1:colcon.colcon_core.package_discovery:discover_packages(prefix_path) using defaults
[0.212s] Level 5:colcon.colcon_core.verb:set package 'robot_avoidance' build argument 'cmake_args' from command line to 'None'
[0.212s] Level 5:colcon.colcon_core.verb:set package 'robot_avoidance' build argument 'cmake_target' from command line to 'None'
[0.212s] Level 5:colcon.colcon_core.verb:set package 'robot_avoidance' build argument 'cmake_target_skip_unavailable' from command line to 'False'
[0.212s] Level 5:colcon.colcon_core.verb:set package 'robot_avoidance' build argument 'cmake_clean_cache' from command line to 'False'
[0.212s] Level 5:colcon.colcon_core.verb:set package 'robot_avoidance' build argument 'cmake_clean_first' from command line to 'False'
[0.212s] Level 5:colcon.colcon_core.verb:set package 'robot_avoidance' build argument 'cmake_force_configure' from command line to 'False'
[0.212s] Level 5:colcon.colcon_core.verb:set package 'robot_avoidance' build argument 'ament_cmake_args' from command line to 'None'
[0.212s] Level 5:colcon.colcon_core.verb:set package 'robot_avoidance' build argument 'catkin_cmake_args' from command line to 'None'
[0.212s] Level 5:colcon.colcon_core.verb:set package 'robot_avoidance' build argument 'catkin_skip_building_tests' from command line to 'False'
[0.213s] DEBUG:colcon.colcon_core.verb:Building package 'robot_avoidance' with the following arguments: {'ament_cmake_args': None, 'build_base': '/home/jhny56/Desktop/Session11Test/GroupRMJ-VFF-Avoidance/build/robot_avoidance', 'catkin_cmake_args': None, 'catkin_skip_building_tests': False, 'cmake_args': None, 'cmake_clean_cache': False, 'cmake_clean_first': False, 'cmake_force_configure': False, 'cmake_target': None, 'cmake_target_skip_unavailable': False, 'install_base': '/home/jhny56/Desktop/Session11Test/GroupRMJ-VFF-Avoidance/install/robot_avoidance', 'merge_install': False, 'path': '/home/jhny56/Desktop/Session11Test/GroupRMJ-VFF-Avoidance/src/robot_avoidance', 'symlink_install': False, 'test_result_base': None}
[0.213s] INFO:colcon.colcon_core.executor:Executing jobs using 'parallel' executor
[0.213s] DEBUG:colcon.colcon_parallel_executor.executor.parallel:run_until_complete
[0.214s] INFO:colcon.colcon_ros.task.ament_cmake.build:Building ROS package in '/home/jhny56/Desktop/Session11Test/GroupRMJ-VFF-Avoidance/src/robot_avoidance' with build type 'ament_cmake'
[0.214s] INFO:colcon.colcon_cmake.task.cmake.build:Building CMake package in '/home/jhny56/Desktop/Session11Test/GroupRMJ-VFF-Avoidance/src/robot_avoidance'
[0.215s] INFO:colcon.colcon_core.plugin_system:Skipping extension 'colcon_core.shell.bat': Not used on non-Windows systems
[0.215s] INFO:colcon.colcon_core.shell:Skip shell extension 'powershell' for command environment: Not usable outside of PowerShell
[0.215s] DEBUG:colcon.colcon_core.shell:Skip shell extension 'dsv' for command environment
[0.219s] DEBUG:colcon.colcon_core.event_handler.log_command:Invoking command in '/home/jhny56/Desktop/Session11Test/GroupRMJ-VFF-Avoidance/build/robot_avoidance': CMAKE_PREFIX_PATH=/opt/ros/humble /usr/bin/cmake /home/jhny56/Desktop/Session11Test/GroupRMJ-VFF-Avoidance/src/robot_avoidance -DCMAKE_INSTALL_PREFIX=/home/jhny56/Desktop/Session11Test/GroupRMJ-VFF-Avoidance/install/robot_avoidance
[1.621s] DEBUG:colcon.colcon_core.event_handler.log_command:Invoked command in '/home/jhny56/Desktop/Session11Test/GroupRMJ-VFF-Avoidance/build/robot_avoidance' returned '0': CMAKE_PREFIX_PATH=/opt/ros/humble /usr/bin/cmake /home/jhny56/Desktop/Session11Test/GroupRMJ-VFF-Avoidance/src/robot_avoidance -DCMAKE_INSTALL_PREFIX=/home/jhny56/Desktop/Session11Test/GroupRMJ-VFF-Avoidance/install/robot_avoidance
[1.622s] DEBUG:colcon.colcon_core.event_handler.log_command:Invoking command in '/home/jhny56/Desktop/Session11Test/GroupRMJ-VFF-Avoidance/build/robot_avoidance': CMAKE_PREFIX_PATH=/opt/ros/humble /usr/bin/cmake --build /home/jhny56/Desktop/Session11Test/GroupRMJ-VFF-Avoidance/build/robot_avoidance -- -j16 -l16
[9.317s] DEBUG:colcon.colcon_core.event_handler.log_command:Invoked command in '/home/jhny56/Desktop/Session11Test/GroupRMJ-VFF-Avoidance/build/robot_avoidance' returned '0': CMAKE_PREFIX_PATH=/opt/ros/humble /usr/bin/cmake --build /home/jhny56/Desktop/Session11Test/GroupRMJ-VFF-Avoidance/build/robot_avoidance -- -j16 -l16
[9.345s] DEBUG:colcon.colcon_core.event_handler.log_command:Invoking command in '/home/jhny56/Desktop/Session11Test/GroupRMJ-VFF-Avoidance/build/robot_avoidance': CMAKE_PREFIX_PATH=/opt/ros/humble /usr/bin/cmake --install /home/jhny56/Desktop/Session11Test/GroupRMJ-VFF-Avoidance/build/robot_avoidance
[9.361s] Level 1:colcon.colcon_core.environment:create_environment_scripts_only(robot_avoidance)
[9.361s] DEBUG:colcon.colcon_core.event_handler.log_command:Invoked command in '/home/jhny56/Desktop/Session11Test/GroupRMJ-VFF-Avoidance/build/robot_avoidance' returned '0': CMAKE_PREFIX_PATH=/opt/ros/humble /usr/bin/cmake --install /home/jhny56/Desktop/Session11Test/GroupRMJ-VFF-Avoidance/build/robot_avoidance
[9.363s] Level 1:colcon.colcon_core.environment:checking '/home/jhny56/Desktop/Session11Test/GroupRMJ-VFF-Avoidance/install/robot_avoidance' for CMake module files
[9.364s] Level 1:colcon.colcon_core.environment:checking '/home/jhny56/Desktop/Session11Test/GroupRMJ-VFF-Avoidance/install/robot_avoidance' for CMake config files
[9.364s] Level 1:colcon.colcon_core.shell:create_environment_hook('robot_avoidance', 'cmake_prefix_path')
[9.364s] INFO:colcon.colcon_core.shell:Creating environment hook '/home/jhny56/Desktop/Session11Test/GroupRMJ-VFF-Avoidance/install/robot_avoidance/share/robot_avoidance/hook/cmake_prefix_path.ps1'
[9.365s] INFO:colcon.colcon_core.shell:Creating environment descriptor '/home/jhny56/Desktop/Session11Test/GroupRMJ-VFF-Avoidance/install/robot_avoidance/share/robot_avoidance/hook/cmake_prefix_path.dsv'
[9.365s] INFO:colcon.colcon_core.shell:Creating environment hook '/home/jhny56/Desktop/Session11Test/GroupRMJ-VFF-Avoidance/install/robot_avoidance/share/robot_avoidance/hook/cmake_prefix_path.sh'
[9.366s] Level 1:colcon.colcon_core.environment:checking '/home/jhny56/Desktop/Session11Test/GroupRMJ-VFF-Avoidance/install/robot_avoidance/lib'
[9.366s] Level 1:colcon.colcon_core.environment:checking '/home/jhny56/Desktop/Session11Test/GroupRMJ-VFF-Avoidance/install/robot_avoidance/bin'
[9.366s] Level 1:colcon.colcon_core.environment:checking '/home/jhny56/Desktop/Session11Test/GroupRMJ-VFF-Avoidance/install/robot_avoidance/lib/pkgconfig/robot_avoidance.pc'
[9.367s] Level 1:colcon.colcon_core.environment:checking '/home/jhny56/Desktop/Session11Test/GroupRMJ-VFF-Avoidance/install/robot_avoidance/lib/python3.10/site-packages'
[9.367s] Level 1:colcon.colcon_core.environment:checking '/home/jhny56/Desktop/Session11Test/GroupRMJ-VFF-Avoidance/install/robot_avoidance/bin'
[9.367s] INFO:colcon.colcon_core.shell:Creating package script '/home/jhny56/Desktop/Session11Test/GroupRMJ-VFF-Avoidance/install/robot_avoidance/share/robot_avoidance/package.ps1'
[9.368s] INFO:colcon.colcon_core.shell:Creating package descriptor '/home/jhny56/Desktop/Session11Test/GroupRMJ-VFF-Avoidance/install/robot_avoidance/share/robot_avoidance/package.dsv'
[9.369s] INFO:colcon.colcon_core.shell:Creating package script '/home/jhny56/Desktop/Session11Test/GroupRMJ-VFF-Avoidance/install/robot_avoidance/share/robot_avoidance/package.sh'
[9.369s] INFO:colcon.colcon_core.shell:Creating package script '/home/jhny56/Desktop/Session11Test/GroupRMJ-VFF-Avoidance/install/robot_avoidance/share/robot_avoidance/package.bash'
[9.370s] INFO:colcon.colcon_core.shell:Creating package script '/home/jhny56/Desktop/Session11Test/GroupRMJ-VFF-Avoidance/install/robot_avoidance/share/robot_avoidance/package.zsh'
[9.371s] Level 1:colcon.colcon_core.environment:create_file_with_runtime_dependencies(/home/jhny56/Desktop/Session11Test/GroupRMJ-VFF-Avoidance/install/robot_avoidance/share/colcon-core/packages/robot_avoidance)
[9.402s] Level 1:colcon.colcon_core.environment:create_environment_scripts_only(robot_avoidance)
[9.403s] Level 1:colcon.colcon_core.environment:checking '/home/jhny56/Desktop/Session11Test/GroupRMJ-VFF-Avoidance/install/robot_avoidance' for CMake module files
[9.403s] Level 1:colcon.colcon_core.environment:checking '/home/jhny56/Desktop/Session11Test/GroupRMJ-VFF-Avoidance/install/robot_avoidance' for CMake config files
[9.404s] Level 1:colcon.colcon_core.shell:create_environment_hook('robot_avoidance', 'cmake_prefix_path')
[9.404s] INFO:colcon.colcon_core.shell:Creating environment hook '/home/jhny56/Desktop/Session11Test/GroupRMJ-VFF-Avoidance/install/robot_avoidance/share/robot_avoidance/hook/cmake_prefix_path.ps1'
[9.404s] INFO:colcon.colcon_core.shell:Creating environment descriptor '/home/jhny56/Desktop/Session11Test/GroupRMJ-VFF-Avoidance/install/robot_avoidance/share/robot_avoidance/hook/cmake_prefix_path.dsv'
[9.405s] INFO:colcon.colcon_core.shell:Creating environment hook '/home/jhny56/Desktop/Session11Test/GroupRMJ-VFF-Avoidance/install/robot_avoidance/share/robot_avoidance/hook/cmake_prefix_path.sh'
[9.405s] Level 1:colcon.colcon_core.environment:checking '/home/jhny56/Desktop/Session11Test/GroupRMJ-VFF-Avoidance/install/robot_avoidance/lib'
[9.405s] Level 1:colcon.colcon_core.environment:checking '/home/jhny56/Desktop/Session11Test/GroupRMJ-VFF-Avoidance/install/robot_avoidance/bin'
[9.405s] Level 1:colcon.colcon_core.environment:checking '/home/jhny56/Desktop/Session11Test/GroupRMJ-VFF-Avoidance/install/robot_avoidance/lib/pkgconfig/robot_avoidance.pc'
[9.406s] Level 1:colcon.colcon_core.environment:checking '/home/jhny56/Desktop/Session11Test/GroupRMJ-VFF-Avoidance/install/robot_avoidance/lib/python3.10/site-packages'
[9.406s] Level 1:colcon.colcon_core.environment:checking '/home/jhny56/Desktop/Session11Test/GroupRMJ-VFF-Avoidance/install/robot_avoidance/bin'
[9.406s] INFO:colcon.colcon_core.shell:Creating package script '/home/jhny56/Desktop/Session11Test/GroupRMJ-VFF-Avoidance/install/robot_avoidance/share/robot_avoidance/package.ps1'
[9.407s] INFO:colcon.colcon_core.shell:Creating package descriptor '/home/jhny56/Desktop/Session11Test/GroupRMJ-VFF-Avoidance/install/robot_avoidance/share/robot_avoidance/package.dsv'
[9.407s] INFO:colcon.colcon_core.shell:Creating package script '/home/jhny56/Desktop/Session11Test/GroupRMJ-VFF-Avoidance/install/robot_avoidance/share/robot_avoidance/package.sh'
[9.408s] INFO:colcon.colcon_core.shell:Creating package script '/home/jhny56/Desktop/Session11Test/GroupRMJ-VFF-Avoidance/install/robot_avoidance/share/robot_avoidance/package.bash'
[9.408s] INFO:colcon.colcon_core.shell:Creating package script '/home/jhny56/Desktop/Session11Test/GroupRMJ-VFF-Avoidance/install/robot_avoidance/share/robot_avoidance/package.zsh'
[9.409s] Level 1:colcon.colcon_core.environment:create_file_with_runtime_dependencies(/home/jhny56/Desktop/Session11Test/GroupRMJ-VFF-Avoidance/install/robot_avoidance/share/colcon-core/packages/robot_avoidance)
[9.409s] DEBUG:colcon.colcon_parallel_executor.executor.parallel:closing loop
[9.409s] DEBUG:colcon.colcon_parallel_executor.executor.parallel:loop closed
[9.409s] DEBUG:colcon.colcon_parallel_executor.executor.parallel:run_until_complete finished with '0'
[9.409s] DEBUG:colcon.colcon_core.event_reactor:joining thread
[9.415s] INFO:colcon.colcon_core.plugin_system:Skipping extension 'colcon_notification.desktop_notification.terminal_notifier': Not used on non-Darwin systems
[9.415s] INFO:colcon.colcon_core.plugin_system:Skipping extension 'colcon_notification.desktop_notification.win32': Not used on non-Windows systems
[9.415s] INFO:colcon.colcon_notification.desktop_notification:Sending desktop notification using 'notify2'
[9.433s] DEBUG:colcon.colcon_core.event_reactor:joined thread
[9.434s] INFO:colcon.colcon_core.shell:Creating prefix script '/home/jhny56/Desktop/Session11Test/GroupRMJ-VFF-Avoidance/install/local_setup.ps1'
[9.435s] INFO:colcon.colcon_core.shell:Creating prefix util module '/home/jhny56/Desktop/Session11Test/GroupRMJ-VFF-Avoidance/install/_local_setup_util_ps1.py'
[9.436s] INFO:colcon.colcon_core.shell:Creating prefix chain script '/home/jhny56/Desktop/Session11Test/GroupRMJ-VFF-Avoidance/install/setup.ps1'
[9.438s] INFO:colcon.colcon_core.shell:Creating prefix script '/home/jhny56/Desktop/Session11Test/GroupRMJ-VFF-Avoidance/install/local_setup.sh'
[9.438s] INFO:colcon.colcon_core.shell:Creating prefix util module '/home/jhny56/Desktop/Session11Test/GroupRMJ-VFF-Avoidance/install/_local_setup_util_sh.py'
[9.439s] INFO:colcon.colcon_core.shell:Creating prefix chain script '/home/jhny56/Desktop/Session11Test/GroupRMJ-VFF-Avoidance/install/setup.sh'
[9.440s] INFO:colcon.colcon_core.shell:Creating prefix script '/home/jhny56/Desktop/Session11Test/GroupRMJ-VFF-Avoidance/install/local_setup.bash'
[9.440s] INFO:colcon.colcon_core.shell:Creating prefix chain script '/home/jhny56/Desktop/Session11Test/GroupRMJ-VFF-Avoidance/install/setup.bash'
[9.441s] INFO:colcon.colcon_core.shell:Creating prefix script '/home/jhny56/Desktop/Session11Test/GroupRMJ-VFF-Avoidance/install/local_setup.zsh'
[9.442s] INFO:colcon.colcon_core.shell:Creating prefix chain script '/home/jhny56/Desktop/Session11Test/GroupRMJ-VFF-Avoidance/install/setup.zsh'
