[0.227s] DEBUG:colcon:Command line arguments: ['/usr/bin/colcon', 'build']
[0.227s] DEBUG:colcon:Parsed command line arguments: Namespace(log_base=None, log_level=None, verb_name='build', build_base='build', install_base='install', merge_install=False, symlink_install=False, test_result_base=None, continue_on_error=False, executor='parallel', parallel_workers=4, event_handlers=None, ignore_user_meta=False, metas=['./colcon.meta'], base_paths=['.'], packages_ignore=None, packages_ignore_regex=None, paths=None, packages_up_to=None, packages_up_to_regex=None, packages_above=None, packages_above_and_dependencies=None, packages_above_depth=None, packages_select_by_dep=None, packages_skip_by_dep=None, packages_skip_up_to=None, packages_select_build_failed=False, packages_skip_build_finished=False, packages_select_test_failures=False, packages_skip_test_passed=False, packages_select=None, packages_skip=None, packages_select_regex=None, packages_skip_regex=None, packages_start=None, packages_end=None, allow_overriding=[], cmake_args=None, cmake_target=None, cmake_target_skip_unavailable=False, cmake_clean_cache=False, cmake_clean_first=False, cmake_force_configure=False, ament_cmake_args=None, catkin_cmake_args=None, catkin_skip_building_tests=False, mixin_files=None, mixin=None, verb_parser=<colcon_mixin.mixin.mixin_argument.MixinArgumentDecorator object at 0x7f596c736620>, verb_extension=<colcon_core.verb.build.BuildVerb object at 0x7f596c8bfe80>, main=<bound method BuildVerb.main of <colcon_core.verb.build.BuildVerb object at 0x7f596c8bfe80>>, mixin_verb=('build',))
[0.503s] Level 1:colcon.colcon_core.package_discovery:discover_packages(colcon_meta) check parameters
[0.503s] Level 1:colcon.colcon_core.package_discovery:discover_packages(recursive) check parameters
[0.503s] Level 1:colcon.colcon_core.package_discovery:discover_packages(ignore) check parameters
[0.503s] Level 1:colcon.colcon_core.package_discovery:discover_packages(path) check parameters
[0.503s] Level 1:colcon.colcon_core.package_discovery:discover_packages(colcon_meta) discover
[0.503s] Level 1:colcon.colcon_core.package_discovery:discover_packages(recursive) discover
[0.503s] INFO:colcon.colcon_core.package_discovery:Crawling recursively for packages in '/home/razanhmede/Johnny-Answers-Session11'
[0.504s] Level 1:colcon.colcon_core.package_identification:_identify(.) by extensions ['ignore', 'ignore_ament_install']
[0.504s] Level 1:colcon.colcon_core.package_identification:_identify(.) by extension 'ignore'
[0.504s] Level 1:colcon.colcon_core.package_identification:_identify(.) by extension 'ignore_ament_install'
[0.504s] Level 1:colcon.colcon_core.package_identification:_identify(.) by extensions ['colcon_pkg']
[0.504s] Level 1:colcon.colcon_core.package_identification:_identify(.) by extension 'colcon_pkg'
[0.504s] Level 1:colcon.colcon_core.package_identification:_identify(.) by extensions ['colcon_meta']
[0.504s] Level 1:colcon.colcon_core.package_identification:_identify(.) by extension 'colcon_meta'
[0.504s] Level 1:colcon.colcon_core.package_identification:_identify(.) by extensions ['ros']
[0.504s] Level 1:colcon.colcon_core.package_identification:_identify(.) by extension 'ros'
[0.519s] Level 1:colcon.colcon_core.package_identification:_identify(.) by extensions ['cmake', 'python']
[0.519s] Level 1:colcon.colcon_core.package_identification:_identify(.) by extension 'cmake'
[0.519s] Level 1:colcon.colcon_core.package_identification:_identify(.) by extension 'python'
[0.519s] Level 1:colcon.colcon_core.package_identification:_identify(.) by extensions ['python_setup_py']
[0.519s] Level 1:colcon.colcon_core.package_identification:_identify(.) by extension 'python_setup_py'
[0.520s] Level 1:colcon.colcon_core.package_identification:_identify(build) by extensions ['ignore', 'ignore_ament_install']
[0.520s] Level 1:colcon.colcon_core.package_identification:_identify(build) by extension 'ignore'
[0.520s] Level 1:colcon.colcon_core.package_identification:_identify(build) ignored
[0.520s] Level 1:colcon.colcon_core.package_identification:_identify(install) by extensions ['ignore', 'ignore_ament_install']
[0.520s] Level 1:colcon.colcon_core.package_identification:_identify(install) by extension 'ignore'
[0.520s] Level 1:colcon.colcon_core.package_identification:_identify(install) ignored
[0.520s] Level 1:colcon.colcon_core.package_identification:_identify(log) by extensions ['ignore', 'ignore_ament_install']
[0.521s] Level 1:colcon.colcon_core.package_identification:_identify(log) by extension 'ignore'
[0.521s] Level 1:colcon.colcon_core.package_identification:_identify(log) ignored
[0.521s] Level 1:colcon.colcon_core.package_identification:_identify(src) by extensions ['ignore', 'ignore_ament_install']
[0.521s] Level 1:colcon.colcon_core.package_identification:_identify(src) by extension 'ignore'
[0.521s] Level 1:colcon.colcon_core.package_identification:_identify(src) by extension 'ignore_ament_install'
[0.521s] Level 1:colcon.colcon_core.package_identification:_identify(src) by extensions ['colcon_pkg']
[0.521s] Level 1:colcon.colcon_core.package_identification:_identify(src) by extension 'colcon_pkg'
[0.521s] Level 1:colcon.colcon_core.package_identification:_identify(src) by extensions ['colcon_meta']
[0.521s] Level 1:colcon.colcon_core.package_identification:_identify(src) by extension 'colcon_meta'
[0.521s] Level 1:colcon.colcon_core.package_identification:_identify(src) by extensions ['ros']
[0.521s] Level 1:colcon.colcon_core.package_identification:_identify(src) by extension 'ros'
[0.522s] Level 1:colcon.colcon_core.package_identification:_identify(src) by extensions ['cmake', 'python']
[0.522s] Level 1:colcon.colcon_core.package_identification:_identify(src) by extension 'cmake'
[0.522s] Level 1:colcon.colcon_core.package_identification:_identify(src) by extension 'python'
[0.522s] Level 1:colcon.colcon_core.package_identification:_identify(src) by extensions ['python_setup_py']
[0.522s] Level 1:colcon.colcon_core.package_identification:_identify(src) by extension 'python_setup_py'
[0.522s] Level 1:colcon.colcon_core.package_identification:_identify(src/robot_avoidance) by extensions ['ignore', 'ignore_ament_install']
[0.522s] Level 1:colcon.colcon_core.package_identification:_identify(src/robot_avoidance) by extension 'ignore'
[0.522s] Level 1:colcon.colcon_core.package_identification:_identify(src/robot_avoidance) by extension 'ignore_ament_install'
[0.522s] Level 1:colcon.colcon_core.package_identification:_identify(src/robot_avoidance) by extensions ['colcon_pkg']
[0.522s] Level 1:colcon.colcon_core.package_identification:_identify(src/robot_avoidance) by extension 'colcon_pkg'
[0.522s] Level 1:colcon.colcon_core.package_identification:_identify(src/robot_avoidance) by extensions ['colcon_meta']
[0.522s] Level 1:colcon.colcon_core.package_identification:_identify(src/robot_avoidance) by extension 'colcon_meta'
[0.522s] Level 1:colcon.colcon_core.package_identification:_identify(src/robot_avoidance) by extensions ['ros']
[0.522s] Level 1:colcon.colcon_core.package_identification:_identify(src/robot_avoidance) by extension 'ros'
[0.526s] DEBUG:colcon.colcon_core.package_identification:Package 'src/robot_avoidance' with type 'ros.ament_cmake' and name 'robot_avoidance'
[0.526s] Level 1:colcon.colcon_core.package_discovery:discover_packages(recursive) using defaults
[0.526s] Level 1:colcon.colcon_core.package_discovery:discover_packages(ignore) discover
[0.526s] Level 1:colcon.colcon_core.package_discovery:discover_packages(ignore) using defaults
[0.526s] Level 1:colcon.colcon_core.package_discovery:discover_packages(path) discover
[0.526s] Level 1:colcon.colcon_core.package_discovery:discover_packages(path) using defaults
[0.558s] Level 1:colcon.colcon_core.package_discovery:discover_packages(prefix_path) check parameters
[0.559s] Level 1:colcon.colcon_core.package_discovery:discover_packages(prefix_path) discover
[0.570s] DEBUG:colcon.colcon_installed_package_information.package_discovery:Found 1 installed packages in /home/razanhmede/Johnny-Answers-Session11/install
[0.572s] DEBUG:colcon.colcon_installed_package_information.package_discovery:Found 377 installed packages in /opt/ros/humble
[0.588s] Level 1:colcon.colcon_core.package_discovery:discover_packages(prefix_path) using defaults
[0.671s] Level 5:colcon.colcon_core.verb:set package 'robot_avoidance' build argument 'cmake_args' from command line to 'None'
[0.671s] Level 5:colcon.colcon_core.verb:set package 'robot_avoidance' build argument 'cmake_target' from command line to 'None'
[0.672s] Level 5:colcon.colcon_core.verb:set package 'robot_avoidance' build argument 'cmake_target_skip_unavailable' from command line to 'False'
[0.672s] Level 5:colcon.colcon_core.verb:set package 'robot_avoidance' build argument 'cmake_clean_cache' from command line to 'False'
[0.672s] Level 5:colcon.colcon_core.verb:set package 'robot_avoidance' build argument 'cmake_clean_first' from command line to 'False'
[0.672s] Level 5:colcon.colcon_core.verb:set package 'robot_avoidance' build argument 'cmake_force_configure' from command line to 'False'
[0.672s] Level 5:colcon.colcon_core.verb:set package 'robot_avoidance' build argument 'ament_cmake_args' from command line to 'None'
[0.672s] Level 5:colcon.colcon_core.verb:set package 'robot_avoidance' build argument 'catkin_cmake_args' from command line to 'None'
[0.673s] Level 5:colcon.colcon_core.verb:set package 'robot_avoidance' build argument 'catkin_skip_building_tests' from command line to 'False'
[0.673s] DEBUG:colcon.colcon_core.verb:Building package 'robot_avoidance' with the following arguments: {'ament_cmake_args': None, 'build_base': '/home/razanhmede/Johnny-Answers-Session11/build/robot_avoidance', 'catkin_cmake_args': None, 'catkin_skip_building_tests': False, 'cmake_args': None, 'cmake_clean_cache': False, 'cmake_clean_first': False, 'cmake_force_configure': False, 'cmake_target': None, 'cmake_target_skip_unavailable': False, 'install_base': '/home/razanhmede/Johnny-Answers-Session11/install/robot_avoidance', 'merge_install': False, 'path': '/home/razanhmede/Johnny-Answers-Session11/src/robot_avoidance', 'symlink_install': False, 'test_result_base': None}
[0.673s] INFO:colcon.colcon_core.executor:Executing jobs using 'parallel' executor
[0.675s] DEBUG:colcon.colcon_parallel_executor.executor.parallel:run_until_complete
[0.675s] INFO:colcon.colcon_ros.task.ament_cmake.build:Building ROS package in '/home/razanhmede/Johnny-Answers-Session11/src/robot_avoidance' with build type 'ament_cmake'
[0.675s] INFO:colcon.colcon_cmake.task.cmake.build:Building CMake package in '/home/razanhmede/Johnny-Answers-Session11/src/robot_avoidance'
[0.677s] INFO:colcon.colcon_core.plugin_system:Skipping extension 'colcon_core.shell.bat': Not used on non-Windows systems
[0.678s] INFO:colcon.colcon_core.shell:Skip shell extension 'powershell' for command environment: Not usable outside of PowerShell
[0.678s] DEBUG:colcon.colcon_core.shell:Skip shell extension 'dsv' for command environment
[0.713s] DEBUG:colcon.colcon_core.event_handler.log_command:Invoking command in '/home/razanhmede/Johnny-Answers-Session11/build/robot_avoidance': CMAKE_PREFIX_PATH=${CMAKE_PREFIX_PATH}:/opt/ros/humble /usr/bin/cmake --build /home/razanhmede/Johnny-Answers-Session11/build/robot_avoidance -- -j4 -l4
[28.532s] DEBUG:colcon.colcon_core.event_handler.log_command:Invoked command in '/home/razanhmede/Johnny-Answers-Session11/build/robot_avoidance' returned '0': CMAKE_PREFIX_PATH=${CMAKE_PREFIX_PATH}:/opt/ros/humble /usr/bin/cmake --build /home/razanhmede/Johnny-Answers-Session11/build/robot_avoidance -- -j4 -l4
[28.689s] DEBUG:colcon.colcon_core.event_handler.log_command:Invoking command in '/home/razanhmede/Johnny-Answers-Session11/build/robot_avoidance': CMAKE_PREFIX_PATH=${CMAKE_PREFIX_PATH}:/opt/ros/humble /usr/bin/cmake --install /home/razanhmede/Johnny-Answers-Session11/build/robot_avoidance
[28.790s] Level 1:colcon.colcon_core.environment:create_environment_scripts_only(robot_avoidance)
[28.790s] DEBUG:colcon.colcon_core.event_handler.log_command:Invoked command in '/home/razanhmede/Johnny-Answers-Session11/build/robot_avoidance' returned '0': CMAKE_PREFIX_PATH=${CMAKE_PREFIX_PATH}:/opt/ros/humble /usr/bin/cmake --install /home/razanhmede/Johnny-Answers-Session11/build/robot_avoidance
[28.799s] Level 1:colcon.colcon_core.environment:checking '/home/razanhmede/Johnny-Answers-Session11/install/robot_avoidance' for CMake module files
[28.800s] Level 1:colcon.colcon_core.environment:checking '/home/razanhmede/Johnny-Answers-Session11/install/robot_avoidance' for CMake config files
[28.801s] Level 1:colcon.colcon_core.shell:create_environment_hook('robot_avoidance', 'cmake_prefix_path')
[28.802s] INFO:colcon.colcon_core.shell:Creating environment hook '/home/razanhmede/Johnny-Answers-Session11/install/robot_avoidance/share/robot_avoidance/hook/cmake_prefix_path.ps1'
[28.804s] INFO:colcon.colcon_core.shell:Creating environment descriptor '/home/razanhmede/Johnny-Answers-Session11/install/robot_avoidance/share/robot_avoidance/hook/cmake_prefix_path.dsv'
[28.805s] INFO:colcon.colcon_core.shell:Creating environment hook '/home/razanhmede/Johnny-Answers-Session11/install/robot_avoidance/share/robot_avoidance/hook/cmake_prefix_path.sh'
[28.806s] Level 1:colcon.colcon_core.environment:checking '/home/razanhmede/Johnny-Answers-Session11/install/robot_avoidance/lib'
[28.806s] Level 1:colcon.colcon_core.environment:checking '/home/razanhmede/Johnny-Answers-Session11/install/robot_avoidance/bin'
[28.806s] Level 1:colcon.colcon_core.environment:checking '/home/razanhmede/Johnny-Answers-Session11/install/robot_avoidance/lib/pkgconfig/robot_avoidance.pc'
[28.807s] Level 1:colcon.colcon_core.environment:checking '/home/razanhmede/Johnny-Answers-Session11/install/robot_avoidance/lib/python3.10/site-packages'
[28.807s] Level 1:colcon.colcon_core.environment:checking '/home/razanhmede/Johnny-Answers-Session11/install/robot_avoidance/bin'
[28.809s] INFO:colcon.colcon_core.shell:Creating package script '/home/razanhmede/Johnny-Answers-Session11/install/robot_avoidance/share/robot_avoidance/package.ps1'
[28.810s] INFO:colcon.colcon_core.shell:Creating package descriptor '/home/razanhmede/Johnny-Answers-Session11/install/robot_avoidance/share/robot_avoidance/package.dsv'
[28.812s] INFO:colcon.colcon_core.shell:Creating package script '/home/razanhmede/Johnny-Answers-Session11/install/robot_avoidance/share/robot_avoidance/package.sh'
[28.813s] INFO:colcon.colcon_core.shell:Creating package script '/home/razanhmede/Johnny-Answers-Session11/install/robot_avoidance/share/robot_avoidance/package.bash'
[28.815s] INFO:colcon.colcon_core.shell:Creating package script '/home/razanhmede/Johnny-Answers-Session11/install/robot_avoidance/share/robot_avoidance/package.zsh'
[28.824s] Level 1:colcon.colcon_core.environment:create_file_with_runtime_dependencies(/home/razanhmede/Johnny-Answers-Session11/install/robot_avoidance/share/colcon-core/packages/robot_avoidance)
[28.978s] Level 1:colcon.colcon_core.environment:create_environment_scripts_only(robot_avoidance)
[28.978s] Level 1:colcon.colcon_core.environment:checking '/home/razanhmede/Johnny-Answers-Session11/install/robot_avoidance' for CMake module files
[28.979s] Level 1:colcon.colcon_core.environment:checking '/home/razanhmede/Johnny-Answers-Session11/install/robot_avoidance' for CMake config files
[28.979s] Level 1:colcon.colcon_core.shell:create_environment_hook('robot_avoidance', 'cmake_prefix_path')
[28.979s] INFO:colcon.colcon_core.shell:Creating environment hook '/home/razanhmede/Johnny-Answers-Session11/install/robot_avoidance/share/robot_avoidance/hook/cmake_prefix_path.ps1'
[28.980s] INFO:colcon.colcon_core.shell:Creating environment descriptor '/home/razanhmede/Johnny-Answers-Session11/install/robot_avoidance/share/robot_avoidance/hook/cmake_prefix_path.dsv'
[28.997s] INFO:colcon.colcon_core.shell:Creating environment hook '/home/razanhmede/Johnny-Answers-Session11/install/robot_avoidance/share/robot_avoidance/hook/cmake_prefix_path.sh'
[28.999s] Level 1:colcon.colcon_core.environment:checking '/home/razanhmede/Johnny-Answers-Session11/install/robot_avoidance/lib'
[28.999s] Level 1:colcon.colcon_core.environment:checking '/home/razanhmede/Johnny-Answers-Session11/install/robot_avoidance/bin'
[28.999s] Level 1:colcon.colcon_core.environment:checking '/home/razanhmede/Johnny-Answers-Session11/install/robot_avoidance/lib/pkgconfig/robot_avoidance.pc'
[29.000s] Level 1:colcon.colcon_core.environment:checking '/home/razanhmede/Johnny-Answers-Session11/install/robot_avoidance/lib/python3.10/site-packages'
[29.000s] Level 1:colcon.colcon_core.environment:checking '/home/razanhmede/Johnny-Answers-Session11/install/robot_avoidance/bin'
[29.006s] INFO:colcon.colcon_core.shell:Creating package script '/home/razanhmede/Johnny-Answers-Session11/install/robot_avoidance/share/robot_avoidance/package.ps1'
[29.008s] INFO:colcon.colcon_core.shell:Creating package descriptor '/home/razanhmede/Johnny-Answers-Session11/install/robot_avoidance/share/robot_avoidance/package.dsv'
[29.010s] INFO:colcon.colcon_core.shell:Creating package script '/home/razanhmede/Johnny-Answers-Session11/install/robot_avoidance/share/robot_avoidance/package.sh'
[29.011s] INFO:colcon.colcon_core.shell:Creating package script '/home/razanhmede/Johnny-Answers-Session11/install/robot_avoidance/share/robot_avoidance/package.bash'
[29.014s] INFO:colcon.colcon_core.shell:Creating package script '/home/razanhmede/Johnny-Answers-Session11/install/robot_avoidance/share/robot_avoidance/package.zsh'
[29.015s] Level 1:colcon.colcon_core.environment:create_file_with_runtime_dependencies(/home/razanhmede/Johnny-Answers-Session11/install/robot_avoidance/share/colcon-core/packages/robot_avoidance)
[29.022s] DEBUG:colcon.colcon_parallel_executor.executor.parallel:closing loop
[29.034s] DEBUG:colcon.colcon_parallel_executor.executor.parallel:loop closed
[29.034s] DEBUG:colcon.colcon_parallel_executor.executor.parallel:run_until_complete finished with '0'
[29.034s] DEBUG:colcon.colcon_core.event_reactor:joining thread
[29.042s] INFO:colcon.colcon_core.plugin_system:Skipping extension 'colcon_notification.desktop_notification.terminal_notifier': Not used on non-Darwin systems
[29.042s] INFO:colcon.colcon_core.plugin_system:Skipping extension 'colcon_notification.desktop_notification.win32': Not used on non-Windows systems
[29.043s] INFO:colcon.colcon_notification.desktop_notification:Sending desktop notification using 'notify2'
[29.064s] DEBUG:colcon.colcon_core.event_reactor:joined thread
[29.065s] INFO:colcon.colcon_core.shell:Creating prefix script '/home/razanhmede/Johnny-Answers-Session11/install/local_setup.ps1'
[29.067s] INFO:colcon.colcon_core.shell:Creating prefix util module '/home/razanhmede/Johnny-Answers-Session11/install/_local_setup_util_ps1.py'
[29.070s] INFO:colcon.colcon_core.shell:Creating prefix chain script '/home/razanhmede/Johnny-Answers-Session11/install/setup.ps1'
[29.071s] INFO:colcon.colcon_core.shell:Creating prefix script '/home/razanhmede/Johnny-Answers-Session11/install/local_setup.sh'
[29.085s] INFO:colcon.colcon_core.shell:Creating prefix util module '/home/razanhmede/Johnny-Answers-Session11/install/_local_setup_util_sh.py'
[29.086s] INFO:colcon.colcon_core.shell:Creating prefix chain script '/home/razanhmede/Johnny-Answers-Session11/install/setup.sh'
[29.089s] INFO:colcon.colcon_core.shell:Creating prefix script '/home/razanhmede/Johnny-Answers-Session11/install/local_setup.bash'
[29.090s] INFO:colcon.colcon_core.shell:Creating prefix chain script '/home/razanhmede/Johnny-Answers-Session11/install/setup.bash'
[29.092s] INFO:colcon.colcon_core.shell:Creating prefix script '/home/razanhmede/Johnny-Answers-Session11/install/local_setup.zsh'
[29.092s] INFO:colcon.colcon_core.shell:Creating prefix chain script '/home/razanhmede/Johnny-Answers-Session11/install/setup.zsh'
