[0.265s] Invoking command in '/home/mohamad/Inmind/Johnny-Answers-Session11/build/robot_avoidance': CMAKE_PREFIX_PATH=${CMAKE_PREFIX_PATH}:/home/mohamad/Inmind/Robotics-Session7-Assignment/Session7_ros2_ws/install/navigation_robot:/home/mohamad/Inmind/Robotics-Session6-Assignment/Session6_ros2_ws/install/session6_assignment:/home/mohamad/Inmind/ros2_ws/install/session5_academy:/home/mohamad/Inmind/Robotics-Session5-Ros2/session5_ros2_ws/install/session5_assignment:/home/mohamad/ros2_ws/install/my_robot_controller:/opt/ros/humble /usr/bin/cmake --build /home/mohamad/Inmind/Johnny-Answers-Session11/build/robot_avoidance -- -j4 -l4
[1.422s] -- Found ament_cmake: 1.3.9 (/opt/ros/humble/share/ament_cmake/cmake)
[1.937s] -- Found rclcpp: 16.0.9 (/opt/ros/humble/share/rclcpp/cmake)
[2.291s] -- Found rosidl_generator_c: 3.1.5 (/opt/ros/humble/share/rosidl_generator_c/cmake)
[2.313s] -- Found rosidl_adapter: 3.1.5 (/opt/ros/humble/share/rosidl_adapter/cmake)
[2.354s] -- Found rosidl_generator_cpp: 3.1.5 (/opt/ros/humble/share/rosidl_generator_cpp/cmake)
[2.425s] -- Using all available rosidl_typesupport_c: rosidl_typesupport_fastrtps_c;rosidl_typesupport_introspection_c
[2.499s] -- Using all available rosidl_typesupport_cpp: rosidl_typesupport_fastrtps_cpp;rosidl_typesupport_introspection_cpp
[2.735s] -- Found rmw_implementation_cmake: 6.1.2 (/opt/ros/humble/share/rmw_implementation_cmake/cmake)
[2.744s] -- Found rmw_fastrtps_cpp: 6.2.6 (/opt/ros/humble/share/rmw_fastrtps_cpp/cmake)
[3.110s] -- Using RMW implementation 'rmw_fastrtps_cpp' as default
[3.557s] -- Found sensor_msgs: 4.2.4 (/opt/ros/humble/share/sensor_msgs/cmake)
[3.774s] -- Found visualization_msgs: 4.2.4 (/opt/ros/humble/share/visualization_msgs/cmake)
[3.992s] -- Found nav_msgs: 4.2.4 (/opt/ros/humble/share/nav_msgs/cmake)
[4.108s] -- Found tf2: 0.25.7 (/opt/ros/humble/share/tf2/cmake)
[4.161s] -- Found tf2_geometry_msgs: 0.25.7 (/opt/ros/humble/share/tf2_geometry_msgs/cmake)
[4.235s] -- Found eigen3_cmake_module: 0.1.1 (/opt/ros/humble/share/eigen3_cmake_module/cmake)
[4.238s] -- Ensuring Eigen3 include directory is part of orocos-kdl CMake target
[4.978s] -- Found ament_lint_auto: 0.12.11 (/opt/ros/humble/share/ament_lint_auto/cmake)
[5.205s] -- Added test 'cppcheck' to perform static code analysis on C / C++ code
[5.207s] -- Configured cppcheck include dirs: /home/mohamad/Inmind/Johnny-Answers-Session11/src/robot_avoidance/include
[5.207s] -- Configured cppcheck exclude dirs and/or files: 
[5.209s] -- Added test 'flake8' to check Python code syntax and style conventions
[5.210s] -- Added test 'lint_cmake' to check CMake code style
[5.211s] -- Added test 'pep257' to check Python code against some of the docstring style conventions in PEP 257
[5.213s] -- Added test 'uncrustify' to check C / C++ code style
[5.213s] -- Configured uncrustify additional arguments: 
[5.214s] -- Added test 'xmllint' to check XML markup files
[5.220s] -- Configuring done
[5.424s] -- Generating done
[5.427s] -- Build files have been written to: /home/mohamad/Inmind/Johnny-Answers-Session11/build/robot_avoidance
[5.500s] [ 50%] [32mBuilding CXX object CMakeFiles/avoidance.dir/src/avoidance_vff_main.cpp.o[0m
[5.711s] [01m[K/home/mohamad/Inmind/Johnny-Answers-Session11/src/robot_avoidance/src/avoidance_vff_main.cpp:1:10:[m[K [01;31m[Kfatal error: [m[Kavoidance.hpp: No such file or directory
[5.711s]     1 | #include [01;31m[K"avoidance.hpp"[m[K
[5.711s]       |          [01;31m[K^~~~~~~~~~~~~~~[m[K
[5.711s] compilation terminated.
[5.751s] gmake[2]: *** [CMakeFiles/avoidance.dir/build.make:76: CMakeFiles/avoidance.dir/src/avoidance_vff_main.cpp.o] Error 1
[5.752s] gmake[1]: *** [CMakeFiles/Makefile2:137: CMakeFiles/avoidance.dir/all] Error 2
[5.752s] gmake: *** [Makefile:146: all] Error 2
[5.758s] Invoked command in '/home/mohamad/Inmind/Johnny-Answers-Session11/build/robot_avoidance' returned '2': CMAKE_PREFIX_PATH=${CMAKE_PREFIX_PATH}:/home/mohamad/Inmind/Robotics-Session7-Assignment/Session7_ros2_ws/install/navigation_robot:/home/mohamad/Inmind/Robotics-Session6-Assignment/Session6_ros2_ws/install/session6_assignment:/home/mohamad/Inmind/ros2_ws/install/session5_academy:/home/mohamad/Inmind/Robotics-Session5-Ros2/session5_ros2_ws/install/session5_assignment:/home/mohamad/ros2_ws/install/my_robot_controller:/opt/ros/humble /usr/bin/cmake --build /home/mohamad/Inmind/Johnny-Answers-Session11/build/robot_avoidance -- -j4 -l4
