[5.372s] DEBUG:colcon:Command line arguments: ['/usr/bin/colcon', 'build']
[5.373s] DEBUG:colcon:Parsed command line arguments: Namespace(log_base=None, log_level=None, verb_name='build', build_base='build', install_base='install', merge_install=False, symlink_install=False, test_result_base=None, continue_on_error=False, executor='parallel', parallel_workers=4, event_handlers=None, ignore_user_meta=False, metas=['./colcon.meta'], base_paths=['.'], packages_ignore=None, packages_ignore_regex=None, paths=None, packages_up_to=None, packages_up_to_regex=None, packages_above=None, packages_above_and_dependencies=None, packages_above_depth=None, packages_select_by_dep=None, packages_skip_by_dep=None, packages_skip_up_to=None, packages_select_build_failed=False, packages_skip_build_finished=False, packages_select_test_failures=False, packages_skip_test_passed=False, packages_select=None, packages_skip=None, packages_select_regex=None, packages_skip_regex=None, packages_start=None, packages_end=None, allow_overriding=[], cmake_args=None, cmake_target=None, cmake_target_skip_unavailable=False, cmake_clean_cache=False, cmake_clean_first=False, cmake_force_configure=False, ament_cmake_args=None, catkin_cmake_args=None, catkin_skip_building_tests=False, mixin_files=None, mixin=None, verb_parser=<colcon_mixin.mixin.mixin_argument.MixinArgumentDecorator object at 0x797772942650>, verb_extension=<colcon_core.verb.build.BuildVerb object at 0x797772acbeb0>, main=<bound method BuildVerb.main of <colcon_core.verb.build.BuildVerb object at 0x797772acbeb0>>, mixin_verb=('build',))
[9.227s] Level 1:colcon.colcon_core.package_discovery:discover_packages(colcon_meta) check parameters
[9.228s] Level 1:colcon.colcon_core.package_discovery:discover_packages(recursive) check parameters
[9.228s] Level 1:colcon.colcon_core.package_discovery:discover_packages(ignore) check parameters
[9.228s] Level 1:colcon.colcon_core.package_discovery:discover_packages(path) check parameters
[9.228s] Level 1:colcon.colcon_core.package_discovery:discover_packages(colcon_meta) discover
[9.228s] Level 1:colcon.colcon_core.package_discovery:discover_packages(recursive) discover
[9.228s] INFO:colcon.colcon_core.package_discovery:Crawling recursively for packages in '/home/razanhmede/Johnny-Answers-Session11'
[9.228s] Level 1:colcon.colcon_core.package_identification:_identify(.) by extensions ['ignore', 'ignore_ament_install']
[9.228s] Level 1:colcon.colcon_core.package_identification:_identify(.) by extension 'ignore'
[9.228s] Level 1:colcon.colcon_core.package_identification:_identify(.) by extension 'ignore_ament_install'
[9.228s] Level 1:colcon.colcon_core.package_identification:_identify(.) by extensions ['colcon_pkg']
[9.228s] Level 1:colcon.colcon_core.package_identification:_identify(.) by extension 'colcon_pkg'
[9.228s] Level 1:colcon.colcon_core.package_identification:_identify(.) by extensions ['colcon_meta']
[9.228s] Level 1:colcon.colcon_core.package_identification:_identify(.) by extension 'colcon_meta'
[9.228s] Level 1:colcon.colcon_core.package_identification:_identify(.) by extensions ['ros']
[9.228s] Level 1:colcon.colcon_core.package_identification:_identify(.) by extension 'ros'
[9.269s] Level 1:colcon.colcon_core.package_identification:_identify(.) by extensions ['cmake', 'python']
[9.269s] Level 1:colcon.colcon_core.package_identification:_identify(.) by extension 'cmake'
[9.269s] Level 1:colcon.colcon_core.package_identification:_identify(.) by extension 'python'
[9.269s] Level 1:colcon.colcon_core.package_identification:_identify(.) by extensions ['python_setup_py']
[9.269s] Level 1:colcon.colcon_core.package_identification:_identify(.) by extension 'python_setup_py'
[9.269s] Level 1:colcon.colcon_core.package_identification:_identify(build) by extensions ['ignore', 'ignore_ament_install']
[9.269s] Level 1:colcon.colcon_core.package_identification:_identify(build) by extension 'ignore'
[9.269s] Level 1:colcon.colcon_core.package_identification:_identify(build) ignored
[9.269s] Level 1:colcon.colcon_core.package_identification:_identify(install) by extensions ['ignore', 'ignore_ament_install']
[9.270s] Level 1:colcon.colcon_core.package_identification:_identify(install) by extension 'ignore'
[9.270s] Level 1:colcon.colcon_core.package_identification:_identify(install) ignored
[9.270s] Level 1:colcon.colcon_core.package_identification:_identify(log) by extensions ['ignore', 'ignore_ament_install']
[9.270s] Level 1:colcon.colcon_core.package_identification:_identify(log) by extension 'ignore'
[9.270s] Level 1:colcon.colcon_core.package_identification:_identify(log) ignored
[9.270s] Level 1:colcon.colcon_core.package_identification:_identify(src) by extensions ['ignore', 'ignore_ament_install']
[9.270s] Level 1:colcon.colcon_core.package_identification:_identify(src) by extension 'ignore'
[9.270s] Level 1:colcon.colcon_core.package_identification:_identify(src) by extension 'ignore_ament_install'
[9.270s] Level 1:colcon.colcon_core.package_identification:_identify(src) by extensions ['colcon_pkg']
[9.270s] Level 1:colcon.colcon_core.package_identification:_identify(src) by extension 'colcon_pkg'
[9.270s] Level 1:colcon.colcon_core.package_identification:_identify(src) by extensions ['colcon_meta']
[9.270s] Level 1:colcon.colcon_core.package_identification:_identify(src) by extension 'colcon_meta'
[9.270s] Level 1:colcon.colcon_core.package_identification:_identify(src) by extensions ['ros']
[9.270s] Level 1:colcon.colcon_core.package_identification:_identify(src) by extension 'ros'
[9.270s] Level 1:colcon.colcon_core.package_identification:_identify(src) by extensions ['cmake', 'python']
[9.270s] Level 1:colcon.colcon_core.package_identification:_identify(src) by extension 'cmake'
[9.270s] Level 1:colcon.colcon_core.package_identification:_identify(src) by extension 'python'
[9.270s] Level 1:colcon.colcon_core.package_identification:_identify(src) by extensions ['python_setup_py']
[9.270s] Level 1:colcon.colcon_core.package_identification:_identify(src) by extension 'python_setup_py'
[9.271s] Level 1:colcon.colcon_core.package_identification:_identify(src/robot_avoidance) by extensions ['ignore', 'ignore_ament_install']
[9.271s] Level 1:colcon.colcon_core.package_identification:_identify(src/robot_avoidance) by extension 'ignore'
[9.271s] Level 1:colcon.colcon_core.package_identification:_identify(src/robot_avoidance) by extension 'ignore_ament_install'
[9.271s] Level 1:colcon.colcon_core.package_identification:_identify(src/robot_avoidance) by extensions ['colcon_pkg']
[9.271s] Level 1:colcon.colcon_core.package_identification:_identify(src/robot_avoidance) by extension 'colcon_pkg'
[9.271s] Level 1:colcon.colcon_core.package_identification:_identify(src/robot_avoidance) by extensions ['colcon_meta']
[9.271s] Level 1:colcon.colcon_core.package_identification:_identify(src/robot_avoidance) by extension 'colcon_meta'
[9.271s] Level 1:colcon.colcon_core.package_identification:_identify(src/robot_avoidance) by extensions ['ros']
[9.271s] Level 1:colcon.colcon_core.package_identification:_identify(src/robot_avoidance) by extension 'ros'
[9.300s] DEBUG:colcon.colcon_core.package_identification:Package 'src/robot_avoidance' with type 'ros.ament_cmake' and name 'robot_avoidance'
[9.300s] Level 1:colcon.colcon_core.package_discovery:discover_packages(recursive) using defaults
[9.300s] Level 1:colcon.colcon_core.package_discovery:discover_packages(ignore) discover
[9.300s] Level 1:colcon.colcon_core.package_discovery:discover_packages(ignore) using defaults
[9.300s] Level 1:colcon.colcon_core.package_discovery:discover_packages(path) discover
[9.300s] Level 1:colcon.colcon_core.package_discovery:discover_packages(path) using defaults
[9.502s] Level 1:colcon.colcon_core.package_discovery:discover_packages(prefix_path) check parameters
[9.502s] Level 1:colcon.colcon_core.package_discovery:discover_packages(prefix_path) discover
[9.510s] DEBUG:colcon.colcon_installed_package_information.package_discovery:Found 377 installed packages in /opt/ros/humble
[9.524s] Level 1:colcon.colcon_core.package_discovery:discover_packages(prefix_path) using defaults
[9.605s] Level 5:colcon.colcon_core.verb:set package 'robot_avoidance' build argument 'cmake_args' from command line to 'None'
[9.605s] Level 5:colcon.colcon_core.verb:set package 'robot_avoidance' build argument 'cmake_target' from command line to 'None'
[9.605s] Level 5:colcon.colcon_core.verb:set package 'robot_avoidance' build argument 'cmake_target_skip_unavailable' from command line to 'False'
[9.606s] Level 5:colcon.colcon_core.verb:set package 'robot_avoidance' build argument 'cmake_clean_cache' from command line to 'False'
[9.606s] Level 5:colcon.colcon_core.verb:set package 'robot_avoidance' build argument 'cmake_clean_first' from command line to 'False'
[9.606s] Level 5:colcon.colcon_core.verb:set package 'robot_avoidance' build argument 'cmake_force_configure' from command line to 'False'
[9.606s] Level 5:colcon.colcon_core.verb:set package 'robot_avoidance' build argument 'ament_cmake_args' from command line to 'None'
[9.606s] Level 5:colcon.colcon_core.verb:set package 'robot_avoidance' build argument 'catkin_cmake_args' from command line to 'None'
[9.606s] Level 5:colcon.colcon_core.verb:set package 'robot_avoidance' build argument 'catkin_skip_building_tests' from command line to 'False'
[9.606s] DEBUG:colcon.colcon_core.verb:Building package 'robot_avoidance' with the following arguments: {'ament_cmake_args': None, 'build_base': '/home/razanhmede/Johnny-Answers-Session11/build/robot_avoidance', 'catkin_cmake_args': None, 'catkin_skip_building_tests': False, 'cmake_args': None, 'cmake_clean_cache': False, 'cmake_clean_first': False, 'cmake_force_configure': False, 'cmake_target': None, 'cmake_target_skip_unavailable': False, 'install_base': '/home/razanhmede/Johnny-Answers-Session11/install/robot_avoidance', 'merge_install': False, 'path': '/home/razanhmede/Johnny-Answers-Session11/src/robot_avoidance', 'symlink_install': False, 'test_result_base': None}
[9.607s] INFO:colcon.colcon_core.executor:Executing jobs using 'parallel' executor
[9.608s] DEBUG:colcon.colcon_parallel_executor.executor.parallel:run_until_complete
[9.608s] INFO:colcon.colcon_ros.task.ament_cmake.build:Building ROS package in '/home/razanhmede/Johnny-Answers-Session11/src/robot_avoidance' with build type 'ament_cmake'
[9.609s] INFO:colcon.colcon_cmake.task.cmake.build:Building CMake package in '/home/razanhmede/Johnny-Answers-Session11/src/robot_avoidance'
[9.619s] INFO:colcon.colcon_core.plugin_system:Skipping extension 'colcon_core.shell.bat': Not used on non-Windows systems
[9.619s] INFO:colcon.colcon_core.shell:Skip shell extension 'powershell' for command environment: Not usable outside of PowerShell
[9.619s] DEBUG:colcon.colcon_core.shell:Skip shell extension 'dsv' for command environment
[9.640s] DEBUG:colcon.colcon_core.event_handler.log_command:Invoking command in '/home/razanhmede/Johnny-Answers-Session11/build/robot_avoidance': CMAKE_PREFIX_PATH=/opt/ros/humble /usr/bin/cmake /home/razanhmede/Johnny-Answers-Session11/src/robot_avoidance -DCMAKE_INSTALL_PREFIX=/home/razanhmede/Johnny-Answers-Session11/install/robot_avoidance
[15.908s] DEBUG:colcon.colcon_core.event_handler.log_command:Invoked command in '/home/razanhmede/Johnny-Answers-Session11/build/robot_avoidance' returned '0': CMAKE_PREFIX_PATH=/opt/ros/humble /usr/bin/cmake /home/razanhmede/Johnny-Answers-Session11/src/robot_avoidance -DCMAKE_INSTALL_PREFIX=/home/razanhmede/Johnny-Answers-Session11/install/robot_avoidance
[15.911s] DEBUG:colcon.colcon_core.event_handler.log_command:Invoking command in '/home/razanhmede/Johnny-Answers-Session11/build/robot_avoidance': CMAKE_PREFIX_PATH=/opt/ros/humble /usr/bin/cmake --build /home/razanhmede/Johnny-Answers-Session11/build/robot_avoidance -- -j4 -l4
[24.762s] DEBUG:colcon.colcon_core.event_handler.log_command:Invoked command in '/home/razanhmede/Johnny-Answers-Session11/build/robot_avoidance' returned '2': CMAKE_PREFIX_PATH=/opt/ros/humble /usr/bin/cmake --build /home/razanhmede/Johnny-Answers-Session11/build/robot_avoidance -- -j4 -l4
[24.796s] Level 1:colcon.colcon_core.environment:create_environment_scripts_only(robot_avoidance)
[24.894s] Level 1:colcon.colcon_core.environment:checking '/home/razanhmede/Johnny-Answers-Session11/install/robot_avoidance' for CMake module files
[24.895s] Level 1:colcon.colcon_core.environment:checking '/home/razanhmede/Johnny-Answers-Session11/install/robot_avoidance' for CMake config files
[24.896s] Level 1:colcon.colcon_core.environment:checking '/home/razanhmede/Johnny-Answers-Session11/install/robot_avoidance/bin'
[24.896s] Level 1:colcon.colcon_core.environment:checking '/home/razanhmede/Johnny-Answers-Session11/install/robot_avoidance/lib/pkgconfig/robot_avoidance.pc'
[24.897s] Level 1:colcon.colcon_core.environment:checking '/home/razanhmede/Johnny-Answers-Session11/install/robot_avoidance/lib/python3.10/site-packages'
[24.897s] Level 1:colcon.colcon_core.environment:checking '/home/razanhmede/Johnny-Answers-Session11/install/robot_avoidance/bin'
[24.897s] INFO:colcon.colcon_core.shell:Creating package script '/home/razanhmede/Johnny-Answers-Session11/install/robot_avoidance/share/robot_avoidance/package.ps1'
[24.912s] INFO:colcon.colcon_core.shell:Creating package descriptor '/home/razanhmede/Johnny-Answers-Session11/install/robot_avoidance/share/robot_avoidance/package.dsv'
[24.927s] INFO:colcon.colcon_core.shell:Creating package script '/home/razanhmede/Johnny-Answers-Session11/install/robot_avoidance/share/robot_avoidance/package.sh'
[24.930s] INFO:colcon.colcon_core.shell:Creating package script '/home/razanhmede/Johnny-Answers-Session11/install/robot_avoidance/share/robot_avoidance/package.bash'
[24.933s] INFO:colcon.colcon_core.shell:Creating package script '/home/razanhmede/Johnny-Answers-Session11/install/robot_avoidance/share/robot_avoidance/package.zsh'
[24.936s] Level 1:colcon.colcon_core.environment:create_file_with_runtime_dependencies(/home/razanhmede/Johnny-Answers-Session11/install/robot_avoidance/share/colcon-core/packages/robot_avoidance)
[24.949s] DEBUG:colcon.colcon_parallel_executor.executor.parallel:closing loop
[24.949s] DEBUG:colcon.colcon_parallel_executor.executor.parallel:loop closed
[24.949s] DEBUG:colcon.colcon_parallel_executor.executor.parallel:run_until_complete finished with '2'
[24.950s] DEBUG:colcon.colcon_core.event_reactor:joining thread
[25.003s] INFO:colcon.colcon_core.plugin_system:Skipping extension 'colcon_notification.desktop_notification.terminal_notifier': Not used on non-Darwin systems
[25.004s] INFO:colcon.colcon_core.plugin_system:Skipping extension 'colcon_notification.desktop_notification.win32': Not used on non-Windows systems
[25.004s] INFO:colcon.colcon_notification.desktop_notification:Sending desktop notification using 'notify2'
[25.092s] DEBUG:colcon.colcon_core.event_reactor:joined thread
[25.093s] INFO:colcon.colcon_core.shell:Creating prefix script '/home/razanhmede/Johnny-Answers-Session11/install/local_setup.ps1'
[25.107s] INFO:colcon.colcon_core.shell:Creating prefix util module '/home/razanhmede/Johnny-Answers-Session11/install/_local_setup_util_ps1.py'
[25.116s] INFO:colcon.colcon_core.shell:Creating prefix chain script '/home/razanhmede/Johnny-Answers-Session11/install/setup.ps1'
[25.129s] INFO:colcon.colcon_core.shell:Creating prefix script '/home/razanhmede/Johnny-Answers-Session11/install/local_setup.sh'
[25.142s] INFO:colcon.colcon_core.shell:Creating prefix util module '/home/razanhmede/Johnny-Answers-Session11/install/_local_setup_util_sh.py'
[25.143s] INFO:colcon.colcon_core.shell:Creating prefix chain script '/home/razanhmede/Johnny-Answers-Session11/install/setup.sh'
[25.151s] INFO:colcon.colcon_core.shell:Creating prefix script '/home/razanhmede/Johnny-Answers-Session11/install/local_setup.bash'
[25.159s] INFO:colcon.colcon_core.shell:Creating prefix chain script '/home/razanhmede/Johnny-Answers-Session11/install/setup.bash'
[25.172s] INFO:colcon.colcon_core.shell:Creating prefix script '/home/razanhmede/Johnny-Answers-Session11/install/local_setup.zsh'
[25.187s] INFO:colcon.colcon_core.shell:Creating prefix chain script '/home/razanhmede/Johnny-Answers-Session11/install/setup.zsh'
