[0.051s] Invoking command in '/home/razanhmede/Johnny-Answers-Session11/build/robot_avoidance': CMAKE_PREFIX_PATH=${CMAKE_PREFIX_PATH}:/opt/ros/humble /usr/bin/cmake --build /home/razanhmede/Johnny-Answers-Session11/build/robot_avoidance -- -j4 -l4
[0.066s] [35m[1mConsolidate compiler generated dependencies of target avoidance[0m
[0.087s] [ 50%] [32mBuilding CXX object CMakeFiles/avoidance.dir/src/avoidance.cpp.o[0m
[18.231s] [100%] [32m[1mLinking CXX executable avoidance[0m
[20.440s] [100%] Built target avoidance
[20.488s] Invoked command in '/home/razanhmede/Johnny-Answers-Session11/build/robot_avoidance' returned '0': CMAKE_PREFIX_PATH=${CMAKE_PREFIX_PATH}:/opt/ros/humble /usr/bin/cmake --build /home/razanhmede/Johnny-Answers-Session11/build/robot_avoidance -- -j4 -l4
[20.707s] Invoking command in '/home/razanhmede/Johnny-Answers-Session11/build/robot_avoidance': CMAKE_PREFIX_PATH=${CMAKE_PREFIX_PATH}:/opt/ros/humble /usr/bin/cmake --install /home/razanhmede/Johnny-Answers-Session11/build/robot_avoidance
[20.755s] -- Install configuration: ""
[20.756s] -- Installing: /home/razanhmede/Johnny-Answers-Session11/install/robot_avoidance/lib/robot_avoidance/avoidance
[20.814s] -- Set runtime path of "/home/razanhmede/Johnny-Answers-Session11/install/robot_avoidance/lib/robot_avoidance/avoidance" to ""
[20.814s] -- Up-to-date: /home/razanhmede/Johnny-Answers-Session11/install/robot_avoidance/share/robot_avoidance/launch
[20.814s] -- Up-to-date: /home/razanhmede/Johnny-Answers-Session11/install/robot_avoidance/share/robot_avoidance/launch/robot_avoidance_launch.py
[20.815s] -- Up-to-date: /home/razanhmede/Johnny-Answers-Session11/install/robot_avoidance/share/ament_index/resource_index/package_run_dependencies/robot_avoidance
[20.815s] -- Up-to-date: /home/razanhmede/Johnny-Answers-Session11/install/robot_avoidance/share/ament_index/resource_index/parent_prefix_path/robot_avoidance
[20.815s] -- Up-to-date: /home/razanhmede/Johnny-Answers-Session11/install/robot_avoidance/share/robot_avoidance/environment/ament_prefix_path.sh
[20.815s] -- Up-to-date: /home/razanhmede/Johnny-Answers-Session11/install/robot_avoidance/share/robot_avoidance/environment/ament_prefix_path.dsv
[20.818s] -- Up-to-date: /home/razanhmede/Johnny-Answers-Session11/install/robot_avoidance/share/robot_avoidance/environment/path.sh
[20.818s] -- Up-to-date: /home/razanhmede/Johnny-Answers-Session11/install/robot_avoidance/share/robot_avoidance/environment/path.dsv
[20.818s] -- Up-to-date: /home/razanhmede/Johnny-Answers-Session11/install/robot_avoidance/share/robot_avoidance/local_setup.bash
[20.818s] -- Up-to-date: /home/razanhmede/Johnny-Answers-Session11/install/robot_avoidance/share/robot_avoidance/local_setup.sh
[20.818s] -- Up-to-date: /home/razanhmede/Johnny-Answers-Session11/install/robot_avoidance/share/robot_avoidance/local_setup.zsh
[20.818s] -- Up-to-date: /home/razanhmede/Johnny-Answers-Session11/install/robot_avoidance/share/robot_avoidance/local_setup.dsv
[20.818s] -- Installing: /home/razanhmede/Johnny-Answers-Session11/install/robot_avoidance/share/robot_avoidance/package.dsv
[20.820s] -- Up-to-date: /home/razanhmede/Johnny-Answers-Session11/install/robot_avoidance/share/ament_index/resource_index/packages/robot_avoidance
[20.833s] -- Up-to-date: /home/razanhmede/Johnny-Answers-Session11/install/robot_avoidance/share/robot_avoidance/cmake/robot_avoidanceConfig.cmake
[20.834s] -- Up-to-date: /home/razanhmede/Johnny-Answers-Session11/install/robot_avoidance/share/robot_avoidance/cmake/robot_avoidanceConfig-version.cmake
[20.834s] -- Up-to-date: /home/razanhmede/Johnny-Answers-Session11/install/robot_avoidance/share/robot_avoidance/package.xml
[20.840s] Invoked command in '/home/razanhmede/Johnny-Answers-Session11/build/robot_avoidance' returned '0': CMAKE_PREFIX_PATH=${CMAKE_PREFIX_PATH}:/opt/ros/humble /usr/bin/cmake --install /home/razanhmede/Johnny-Answers-Session11/build/robot_avoidance
