[2.639s] DEBUG:colcon:Command line arguments: ['/usr/bin/colcon', 'build']
[2.639s] DEBUG:colcon:Parsed command line arguments: Namespace(log_base=None, log_level=None, verb_name='build', build_base='build', install_base='install', merge_install=False, symlink_install=False, test_result_base=None, continue_on_error=False, executor='parallel', parallel_workers=4, event_handlers=None, ignore_user_meta=False, metas=['./colcon.meta'], base_paths=['.'], packages_ignore=None, packages_ignore_regex=None, paths=None, packages_up_to=None, packages_up_to_regex=None, packages_above=None, packages_above_and_dependencies=None, packages_above_depth=None, packages_select_by_dep=None, packages_skip_by_dep=None, packages_skip_up_to=None, packages_select_build_failed=False, packages_skip_build_finished=False, packages_select_test_failures=False, packages_skip_test_passed=False, packages_select=None, packages_skip=None, packages_select_regex=None, packages_skip_regex=None, packages_start=None, packages_end=None, allow_overriding=[], cmake_args=None, cmake_target=None, cmake_target_skip_unavailable=False, cmake_clean_cache=False, cmake_clean_first=False, cmake_force_configure=False, ament_cmake_args=None, catkin_cmake_args=None, catkin_skip_building_tests=False, verb_parser=<colcon_defaults.argument_parser.defaults.DefaultArgumentsDecorator object at 0x746d01c293c0>, verb_extension=<colcon_core.verb.build.BuildVerb object at 0x746d01c28e80>, main=<bound method BuildVerb.main of <colcon_core.verb.build.BuildVerb object at 0x746d01c28e80>>)
[10.783s] Level 1:colcon.colcon_core.package_discovery:discover_packages(colcon_meta) check parameters
[10.792s] Level 1:colcon.colcon_core.package_discovery:discover_packages(recursive) check parameters
[10.792s] Level 1:colcon.colcon_core.package_discovery:discover_packages(ignore) check parameters
[10.792s] Level 1:colcon.colcon_core.package_discovery:discover_packages(path) check parameters
[10.792s] Level 1:colcon.colcon_core.package_discovery:discover_packages(colcon_meta) discover
[10.792s] Level 1:colcon.colcon_core.package_discovery:discover_packages(recursive) discover
[10.792s] INFO:colcon.colcon_core.package_discovery:Crawling recursively for packages in '/home/mohamad/Inmind/Johnny-Answers-Session11'
[10.792s] Level 1:colcon.colcon_core.package_identification:_identify(.) by extensions ['ignore', 'ignore_ament_install']
[10.792s] Level 1:colcon.colcon_core.package_identification:_identify(.) by extension 'ignore'
[10.792s] Level 1:colcon.colcon_core.package_identification:_identify(.) by extension 'ignore_ament_install'
[10.792s] Level 1:colcon.colcon_core.package_identification:_identify(.) by extensions ['colcon_pkg']
[10.792s] Level 1:colcon.colcon_core.package_identification:_identify(.) by extension 'colcon_pkg'
[10.792s] Level 1:colcon.colcon_core.package_identification:_identify(.) by extensions ['colcon_meta']
[10.792s] Level 1:colcon.colcon_core.package_identification:_identify(.) by extension 'colcon_meta'
[10.792s] Level 1:colcon.colcon_core.package_identification:_identify(.) by extensions ['ros']
[10.797s] Level 1:colcon.colcon_core.package_identification:_identify(.) by extension 'ros'
[10.895s] Level 1:colcon.colcon_core.package_identification:_identify(.) by extensions ['cmake', 'python']
[10.895s] Level 1:colcon.colcon_core.package_identification:_identify(.) by extension 'cmake'
[10.895s] Level 1:colcon.colcon_core.package_identification:_identify(.) by extension 'python'
[10.895s] Level 1:colcon.colcon_core.package_identification:_identify(.) by extensions ['python_setup_py']
[10.895s] Level 1:colcon.colcon_core.package_identification:_identify(.) by extension 'python_setup_py'
[10.895s] Level 1:colcon.colcon_core.package_identification:_identify(build) by extensions ['ignore', 'ignore_ament_install']
[10.895s] Level 1:colcon.colcon_core.package_identification:_identify(build) by extension 'ignore'
[10.895s] Level 1:colcon.colcon_core.package_identification:_identify(build) ignored
[10.895s] Level 1:colcon.colcon_core.package_identification:_identify(install) by extensions ['ignore', 'ignore_ament_install']
[10.896s] Level 1:colcon.colcon_core.package_identification:_identify(install) by extension 'ignore'
[10.896s] Level 1:colcon.colcon_core.package_identification:_identify(install) ignored
[10.896s] Level 1:colcon.colcon_core.package_identification:_identify(log) by extensions ['ignore', 'ignore_ament_install']
[10.896s] Level 1:colcon.colcon_core.package_identification:_identify(log) by extension 'ignore'
[10.896s] Level 1:colcon.colcon_core.package_identification:_identify(log) ignored
[10.896s] Level 1:colcon.colcon_core.package_identification:_identify(src) by extensions ['ignore', 'ignore_ament_install']
[10.896s] Level 1:colcon.colcon_core.package_identification:_identify(src) by extension 'ignore'
[10.896s] Level 1:colcon.colcon_core.package_identification:_identify(src) by extension 'ignore_ament_install'
[10.896s] Level 1:colcon.colcon_core.package_identification:_identify(src) by extensions ['colcon_pkg']
[10.897s] Level 1:colcon.colcon_core.package_identification:_identify(src) by extension 'colcon_pkg'
[10.897s] Level 1:colcon.colcon_core.package_identification:_identify(src) by extensions ['colcon_meta']
[10.897s] Level 1:colcon.colcon_core.package_identification:_identify(src) by extension 'colcon_meta'
[10.897s] Level 1:colcon.colcon_core.package_identification:_identify(src) by extensions ['ros']
[10.897s] Level 1:colcon.colcon_core.package_identification:_identify(src) by extension 'ros'
[10.898s] Level 1:colcon.colcon_core.package_identification:_identify(src) by extensions ['cmake', 'python']
[10.898s] Level 1:colcon.colcon_core.package_identification:_identify(src) by extension 'cmake'
[10.898s] Level 1:colcon.colcon_core.package_identification:_identify(src) by extension 'python'
[10.898s] Level 1:colcon.colcon_core.package_identification:_identify(src) by extensions ['python_setup_py']
[10.898s] Level 1:colcon.colcon_core.package_identification:_identify(src) by extension 'python_setup_py'
[10.898s] Level 1:colcon.colcon_core.package_identification:_identify(src/robot_avoidance) by extensions ['ignore', 'ignore_ament_install']
[10.898s] Level 1:colcon.colcon_core.package_identification:_identify(src/robot_avoidance) by extension 'ignore'
[10.898s] Level 1:colcon.colcon_core.package_identification:_identify(src/robot_avoidance) by extension 'ignore_ament_install'
[10.898s] Level 1:colcon.colcon_core.package_identification:_identify(src/robot_avoidance) by extensions ['colcon_pkg']
[10.898s] Level 1:colcon.colcon_core.package_identification:_identify(src/robot_avoidance) by extension 'colcon_pkg'
[10.899s] Level 1:colcon.colcon_core.package_identification:_identify(src/robot_avoidance) by extensions ['colcon_meta']
[10.899s] Level 1:colcon.colcon_core.package_identification:_identify(src/robot_avoidance) by extension 'colcon_meta'
[10.899s] Level 1:colcon.colcon_core.package_identification:_identify(src/robot_avoidance) by extensions ['ros']
[10.899s] Level 1:colcon.colcon_core.package_identification:_identify(src/robot_avoidance) by extension 'ros'
[10.936s] DEBUG:colcon.colcon_core.package_identification:Package 'src/robot_avoidance' with type 'ros.ament_cmake' and name 'robot_avoidance'
[10.936s] Level 1:colcon.colcon_core.package_discovery:discover_packages(recursive) using defaults
[10.937s] Level 1:colcon.colcon_core.package_discovery:discover_packages(ignore) discover
[10.937s] Level 1:colcon.colcon_core.package_discovery:discover_packages(ignore) using defaults
[10.937s] Level 1:colcon.colcon_core.package_discovery:discover_packages(path) discover
[10.937s] Level 1:colcon.colcon_core.package_discovery:discover_packages(path) using defaults
[11.356s] Level 1:colcon.colcon_core.package_discovery:discover_packages(prefix_path) check parameters
[11.356s] Level 1:colcon.colcon_core.package_discovery:discover_packages(prefix_path) discover
[11.925s] DEBUG:colcon.colcon_installed_package_information.package_discovery:Found 1 installed packages in /home/mohamad/Inmind/Johnny-Answers-Session11/install
[11.930s] DEBUG:colcon.colcon_installed_package_information.package_discovery:Found 2 installed packages in /home/mohamad/Inmind/Robotics-Session9-Assignment/Session9_ros2_ws/install
[11.930s] DEBUG:colcon.colcon_installed_package_information.package_discovery:Found 2 installed packages in /home/mohamad/Inmind/Robotics-Session7-Assignment/Session7_ros2_ws/install
[11.931s] DEBUG:colcon.colcon_installed_package_information.package_discovery:Found 2 installed packages in /home/mohamad/Inmind/Robotics-Session6-Assignment/Session6_ros2_ws/install
[11.932s] DEBUG:colcon.colcon_installed_package_information.package_discovery:Found 1 installed packages in /home/mohamad/Inmind/Robotics-Session5-Ros2/session5_ros2_ws/install
[11.932s] DEBUG:colcon.colcon_installed_package_information.package_discovery:Found 1 installed packages in /home/mohamad/Inmind/ros2_ws/install
[11.935s] DEBUG:colcon.colcon_installed_package_information.package_discovery:Found 1 installed packages in /home/mohamad/ros2_ws/install
[11.957s] DEBUG:colcon.colcon_installed_package_information.package_discovery:Found 337 installed packages in /opt/ros/humble
[11.967s] Level 1:colcon.colcon_core.package_discovery:discover_packages(prefix_path) using defaults
[12.904s] Level 5:colcon.colcon_core.verb:set package 'robot_avoidance' build argument 'cmake_args' from command line to 'None'
[12.908s] Level 5:colcon.colcon_core.verb:set package 'robot_avoidance' build argument 'cmake_target' from command line to 'None'
[12.908s] Level 5:colcon.colcon_core.verb:set package 'robot_avoidance' build argument 'cmake_target_skip_unavailable' from command line to 'False'
[12.909s] Level 5:colcon.colcon_core.verb:set package 'robot_avoidance' build argument 'cmake_clean_cache' from command line to 'False'
[12.909s] Level 5:colcon.colcon_core.verb:set package 'robot_avoidance' build argument 'cmake_clean_first' from command line to 'False'
[12.909s] Level 5:colcon.colcon_core.verb:set package 'robot_avoidance' build argument 'cmake_force_configure' from command line to 'False'
[12.909s] Level 5:colcon.colcon_core.verb:set package 'robot_avoidance' build argument 'ament_cmake_args' from command line to 'None'
[12.909s] Level 5:colcon.colcon_core.verb:set package 'robot_avoidance' build argument 'catkin_cmake_args' from command line to 'None'
[12.909s] Level 5:colcon.colcon_core.verb:set package 'robot_avoidance' build argument 'catkin_skip_building_tests' from command line to 'False'
[12.909s] DEBUG:colcon.colcon_core.verb:Building package 'robot_avoidance' with the following arguments: {'ament_cmake_args': None, 'build_base': '/home/mohamad/Inmind/Johnny-Answers-Session11/build/robot_avoidance', 'catkin_cmake_args': None, 'catkin_skip_building_tests': False, 'cmake_args': None, 'cmake_clean_cache': False, 'cmake_clean_first': False, 'cmake_force_configure': False, 'cmake_target': None, 'cmake_target_skip_unavailable': False, 'install_base': '/home/mohamad/Inmind/Johnny-Answers-Session11/install/robot_avoidance', 'merge_install': False, 'path': '/home/mohamad/Inmind/Johnny-Answers-Session11/src/robot_avoidance', 'symlink_install': False, 'test_result_base': None}
[12.909s] INFO:colcon.colcon_core.executor:Executing jobs using 'parallel' executor
[12.910s] DEBUG:colcon.colcon_parallel_executor.executor.parallel:run_until_complete
[12.910s] INFO:colcon.colcon_ros.task.ament_cmake.build:Building ROS package in '/home/mohamad/Inmind/Johnny-Answers-Session11/src/robot_avoidance' with build type 'ament_cmake'
[12.910s] INFO:colcon.colcon_cmake.task.cmake.build:Building CMake package in '/home/mohamad/Inmind/Johnny-Answers-Session11/src/robot_avoidance'
[13.057s] INFO:colcon.colcon_core.plugin_system:Skipping extension 'colcon_core.shell.bat': Not used on non-Windows systems
[13.060s] INFO:colcon.colcon_core.shell:Skip shell extension 'powershell' for command environment: Not usable outside of PowerShell
[13.060s] DEBUG:colcon.colcon_core.shell:Skip shell extension 'dsv' for command environment
[13.375s] DEBUG:colcon.colcon_core.event_handler.log_command:Invoking command in '/home/mohamad/Inmind/Johnny-Answers-Session11/build/robot_avoidance': CMAKE_PREFIX_PATH=${CMAKE_PREFIX_PATH}:/home/mohamad/Inmind/Robotics-Session7-Assignment/Session7_ros2_ws/install/navigation_robot:/home/mohamad/Inmind/Robotics-Session6-Assignment/Session6_ros2_ws/install/session6_assignment:/home/mohamad/Inmind/ros2_ws/install/session5_academy:/home/mohamad/Inmind/Robotics-Session5-Ros2/session5_ros2_ws/install/session5_assignment:/home/mohamad/ros2_ws/install/my_robot_controller:/opt/ros/humble /usr/bin/cmake --build /home/mohamad/Inmind/Johnny-Answers-Session11/build/robot_avoidance -- -j4 -l4
[69.436s] DEBUG:colcon.colcon_core.event_handler.log_command:Invoked command in '/home/mohamad/Inmind/Johnny-Answers-Session11/build/robot_avoidance' returned '0': CMAKE_PREFIX_PATH=${CMAKE_PREFIX_PATH}:/home/mohamad/Inmind/Robotics-Session7-Assignment/Session7_ros2_ws/install/navigation_robot:/home/mohamad/Inmind/Robotics-Session6-Assignment/Session6_ros2_ws/install/session6_assignment:/home/mohamad/Inmind/ros2_ws/install/session5_academy:/home/mohamad/Inmind/Robotics-Session5-Ros2/session5_ros2_ws/install/session5_assignment:/home/mohamad/ros2_ws/install/my_robot_controller:/opt/ros/humble /usr/bin/cmake --build /home/mohamad/Inmind/Johnny-Answers-Session11/build/robot_avoidance -- -j4 -l4
[70.336s] DEBUG:colcon.colcon_core.event_handler.log_command:Invoking command in '/home/mohamad/Inmind/Johnny-Answers-Session11/build/robot_avoidance': CMAKE_PREFIX_PATH=${CMAKE_PREFIX_PATH}:/home/mohamad/Inmind/Robotics-Session7-Assignment/Session7_ros2_ws/install/navigation_robot:/home/mohamad/Inmind/Robotics-Session6-Assignment/Session6_ros2_ws/install/session6_assignment:/home/mohamad/Inmind/ros2_ws/install/session5_academy:/home/mohamad/Inmind/Robotics-Session5-Ros2/session5_ros2_ws/install/session5_assignment:/home/mohamad/ros2_ws/install/my_robot_controller:/opt/ros/humble /usr/bin/cmake --install /home/mohamad/Inmind/Johnny-Answers-Session11/build/robot_avoidance
[70.639s] Level 1:colcon.colcon_core.environment:create_environment_scripts_only(robot_avoidance)
[70.643s] DEBUG:colcon.colcon_core.event_handler.log_command:Invoked command in '/home/mohamad/Inmind/Johnny-Answers-Session11/build/robot_avoidance' returned '0': CMAKE_PREFIX_PATH=${CMAKE_PREFIX_PATH}:/home/mohamad/Inmind/Robotics-Session7-Assignment/Session7_ros2_ws/install/navigation_robot:/home/mohamad/Inmind/Robotics-Session6-Assignment/Session6_ros2_ws/install/session6_assignment:/home/mohamad/Inmind/ros2_ws/install/session5_academy:/home/mohamad/Inmind/Robotics-Session5-Ros2/session5_ros2_ws/install/session5_assignment:/home/mohamad/ros2_ws/install/my_robot_controller:/opt/ros/humble /usr/bin/cmake --install /home/mohamad/Inmind/Johnny-Answers-Session11/build/robot_avoidance
[71.555s] Level 1:colcon.colcon_core.environment:checking '/home/mohamad/Inmind/Johnny-Answers-Session11/install/robot_avoidance' for CMake module files
[71.603s] Level 1:colcon.colcon_core.environment:checking '/home/mohamad/Inmind/Johnny-Answers-Session11/install/robot_avoidance' for CMake config files
[71.617s] Level 1:colcon.colcon_core.shell:create_environment_hook('robot_avoidance', 'cmake_prefix_path')
[71.618s] INFO:colcon.colcon_core.shell:Creating environment hook '/home/mohamad/Inmind/Johnny-Answers-Session11/install/robot_avoidance/share/robot_avoidance/hook/cmake_prefix_path.ps1'
[71.716s] INFO:colcon.colcon_core.shell:Creating environment descriptor '/home/mohamad/Inmind/Johnny-Answers-Session11/install/robot_avoidance/share/robot_avoidance/hook/cmake_prefix_path.dsv'
[71.767s] INFO:colcon.colcon_core.shell:Creating environment hook '/home/mohamad/Inmind/Johnny-Answers-Session11/install/robot_avoidance/share/robot_avoidance/hook/cmake_prefix_path.sh'
[71.792s] Level 1:colcon.colcon_core.environment:checking '/home/mohamad/Inmind/Johnny-Answers-Session11/install/robot_avoidance/lib'
[71.806s] Level 1:colcon.colcon_core.environment:checking '/home/mohamad/Inmind/Johnny-Answers-Session11/install/robot_avoidance/bin'
[71.811s] Level 1:colcon.colcon_core.environment:checking '/home/mohamad/Inmind/Johnny-Answers-Session11/install/robot_avoidance/lib/pkgconfig/robot_avoidance.pc'
[71.811s] Level 1:colcon.colcon_core.environment:checking '/home/mohamad/Inmind/Johnny-Answers-Session11/install/robot_avoidance/lib/python3.10/site-packages'
[71.811s] Level 1:colcon.colcon_core.environment:checking '/home/mohamad/Inmind/Johnny-Answers-Session11/install/robot_avoidance/bin'
[71.812s] INFO:colcon.colcon_core.shell:Creating package script '/home/mohamad/Inmind/Johnny-Answers-Session11/install/robot_avoidance/share/robot_avoidance/package.ps1'
[71.849s] INFO:colcon.colcon_core.shell:Creating package descriptor '/home/mohamad/Inmind/Johnny-Answers-Session11/install/robot_avoidance/share/robot_avoidance/package.dsv'
[71.872s] INFO:colcon.colcon_core.shell:Creating package script '/home/mohamad/Inmind/Johnny-Answers-Session11/install/robot_avoidance/share/robot_avoidance/package.sh'
[71.887s] INFO:colcon.colcon_core.shell:Creating package script '/home/mohamad/Inmind/Johnny-Answers-Session11/install/robot_avoidance/share/robot_avoidance/package.bash'
[71.913s] INFO:colcon.colcon_core.shell:Creating package script '/home/mohamad/Inmind/Johnny-Answers-Session11/install/robot_avoidance/share/robot_avoidance/package.zsh'
[72.001s] Level 1:colcon.colcon_core.environment:create_file_with_runtime_dependencies(/home/mohamad/Inmind/Johnny-Answers-Session11/install/robot_avoidance/share/colcon-core/packages/robot_avoidance)
[72.560s] Level 1:colcon.colcon_core.environment:create_environment_scripts_only(robot_avoidance)
[72.571s] Level 1:colcon.colcon_core.environment:checking '/home/mohamad/Inmind/Johnny-Answers-Session11/install/robot_avoidance' for CMake module files
[72.572s] Level 1:colcon.colcon_core.environment:checking '/home/mohamad/Inmind/Johnny-Answers-Session11/install/robot_avoidance' for CMake config files
[72.572s] Level 1:colcon.colcon_core.shell:create_environment_hook('robot_avoidance', 'cmake_prefix_path')
[72.572s] INFO:colcon.colcon_core.shell:Creating environment hook '/home/mohamad/Inmind/Johnny-Answers-Session11/install/robot_avoidance/share/robot_avoidance/hook/cmake_prefix_path.ps1'
[72.574s] INFO:colcon.colcon_core.shell:Creating environment descriptor '/home/mohamad/Inmind/Johnny-Answers-Session11/install/robot_avoidance/share/robot_avoidance/hook/cmake_prefix_path.dsv'
[72.574s] INFO:colcon.colcon_core.shell:Creating environment hook '/home/mohamad/Inmind/Johnny-Answers-Session11/install/robot_avoidance/share/robot_avoidance/hook/cmake_prefix_path.sh'
[72.575s] Level 1:colcon.colcon_core.environment:checking '/home/mohamad/Inmind/Johnny-Answers-Session11/install/robot_avoidance/lib'
[72.575s] Level 1:colcon.colcon_core.environment:checking '/home/mohamad/Inmind/Johnny-Answers-Session11/install/robot_avoidance/bin'
[72.575s] Level 1:colcon.colcon_core.environment:checking '/home/mohamad/Inmind/Johnny-Answers-Session11/install/robot_avoidance/lib/pkgconfig/robot_avoidance.pc'
[72.576s] Level 1:colcon.colcon_core.environment:checking '/home/mohamad/Inmind/Johnny-Answers-Session11/install/robot_avoidance/lib/python3.10/site-packages'
[72.576s] Level 1:colcon.colcon_core.environment:checking '/home/mohamad/Inmind/Johnny-Answers-Session11/install/robot_avoidance/bin'
[72.577s] INFO:colcon.colcon_core.shell:Creating package script '/home/mohamad/Inmind/Johnny-Answers-Session11/install/robot_avoidance/share/robot_avoidance/package.ps1'
[72.579s] INFO:colcon.colcon_core.shell:Creating package descriptor '/home/mohamad/Inmind/Johnny-Answers-Session11/install/robot_avoidance/share/robot_avoidance/package.dsv'
[72.582s] INFO:colcon.colcon_core.shell:Creating package script '/home/mohamad/Inmind/Johnny-Answers-Session11/install/robot_avoidance/share/robot_avoidance/package.sh'
[72.588s] INFO:colcon.colcon_core.shell:Creating package script '/home/mohamad/Inmind/Johnny-Answers-Session11/install/robot_avoidance/share/robot_avoidance/package.bash'
[72.599s] INFO:colcon.colcon_core.shell:Creating package script '/home/mohamad/Inmind/Johnny-Answers-Session11/install/robot_avoidance/share/robot_avoidance/package.zsh'
[72.614s] Level 1:colcon.colcon_core.environment:create_file_with_runtime_dependencies(/home/mohamad/Inmind/Johnny-Answers-Session11/install/robot_avoidance/share/colcon-core/packages/robot_avoidance)
[72.627s] DEBUG:colcon.colcon_parallel_executor.executor.parallel:closing loop
[72.637s] DEBUG:colcon.colcon_parallel_executor.executor.parallel:loop closed
[72.637s] DEBUG:colcon.colcon_parallel_executor.executor.parallel:run_until_complete finished with '0'
[72.640s] DEBUG:colcon.colcon_core.event_reactor:joining thread
[73.347s] INFO:colcon.colcon_core.plugin_system:Skipping extension 'colcon_notification.desktop_notification.terminal_notifier': Not used on non-Darwin systems
[73.350s] INFO:colcon.colcon_core.plugin_system:Skipping extension 'colcon_notification.desktop_notification.win32': Not used on non-Windows systems
[73.350s] INFO:colcon.colcon_notification.desktop_notification:Sending desktop notification using 'notify2'
[74.033s] DEBUG:colcon.colcon_core.event_reactor:joined thread
[74.042s] INFO:colcon.colcon_core.shell:Creating prefix script '/home/mohamad/Inmind/Johnny-Answers-Session11/install/local_setup.ps1'
[74.065s] INFO:colcon.colcon_core.shell:Creating prefix util module '/home/mohamad/Inmind/Johnny-Answers-Session11/install/_local_setup_util_ps1.py'
[74.101s] INFO:colcon.colcon_core.shell:Creating prefix chain script '/home/mohamad/Inmind/Johnny-Answers-Session11/install/setup.ps1'
[74.471s] INFO:colcon.colcon_core.shell:Creating prefix script '/home/mohamad/Inmind/Johnny-Answers-Session11/install/local_setup.sh'
[74.476s] INFO:colcon.colcon_core.shell:Creating prefix util module '/home/mohamad/Inmind/Johnny-Answers-Session11/install/_local_setup_util_sh.py'
[74.478s] INFO:colcon.colcon_core.shell:Creating prefix chain script '/home/mohamad/Inmind/Johnny-Answers-Session11/install/setup.sh'
[74.528s] INFO:colcon.colcon_core.shell:Creating prefix script '/home/mohamad/Inmind/Johnny-Answers-Session11/install/local_setup.bash'
[74.554s] INFO:colcon.colcon_core.shell:Creating prefix chain script '/home/mohamad/Inmind/Johnny-Answers-Session11/install/setup.bash'
[74.571s] INFO:colcon.colcon_core.shell:Creating prefix script '/home/mohamad/Inmind/Johnny-Answers-Session11/install/local_setup.zsh'
[74.596s] INFO:colcon.colcon_core.shell:Creating prefix chain script '/home/mohamad/Inmind/Johnny-Answers-Session11/install/setup.zsh'
