[0.504s] Invoking command in '/home/mohamad/Inmind/Johnny-Answers-Session11/build/robot_avoidance': CMAKE_PREFIX_PATH=${CMAKE_PREFIX_PATH}:/home/mohamad/Inmind/Robotics-Session7-Assignment/Session7_ros2_ws/install/navigation_robot:/home/mohamad/Inmind/Robotics-Session6-Assignment/Session6_ros2_ws/install/session6_assignment:/home/mohamad/Inmind/ros2_ws/install/session5_academy:/home/mohamad/Inmind/Robotics-Session5-Ros2/session5_ros2_ws/install/session5_assignment:/home/mohamad/ros2_ws/install/my_robot_controller:/opt/ros/humble /usr/bin/cmake --build /home/mohamad/Inmind/Johnny-Answers-Session11/build/robot_avoidance -- -j4 -l4
[2.436s] [35m[1mConsolidate compiler generated dependencies of target avoidance[0m
[2.620s] [ 50%] [32mBuilding CXX object CMakeFiles/avoidance.dir/src/avoidance.cpp.o[0m
[70.464s] [100%] [32m[1mLinking CXX executable avoidance[0m
[78.559s] [100%] Built target avoidance
[79.209s] Invoked command in '/home/mohamad/Inmind/Johnny-Answers-Session11/build/robot_avoidance' returned '0': CMAKE_PREFIX_PATH=${CMAKE_PREFIX_PATH}:/home/mohamad/Inmind/Robotics-Session7-Assignment/Session7_ros2_ws/install/navigation_robot:/home/mohamad/Inmind/Robotics-Session6-Assignment/Session6_ros2_ws/install/session6_assignment:/home/mohamad/Inmind/ros2_ws/install/session5_academy:/home/mohamad/Inmind/Robotics-Session5-Ros2/session5_ros2_ws/install/session5_assignment:/home/mohamad/ros2_ws/install/my_robot_controller:/opt/ros/humble /usr/bin/cmake --build /home/mohamad/Inmind/Johnny-Answers-Session11/build/robot_avoidance -- -j4 -l4
[81.145s] Invoking command in '/home/mohamad/Inmind/Johnny-Answers-Session11/build/robot_avoidance': CMAKE_PREFIX_PATH=${CMAKE_PREFIX_PATH}:/home/mohamad/Inmind/Robotics-Session7-Assignment/Session7_ros2_ws/install/navigation_robot:/home/mohamad/Inmind/Robotics-Session6-Assignment/Session6_ros2_ws/install/session6_assignment:/home/mohamad/Inmind/ros2_ws/install/session5_academy:/home/mohamad/Inmind/Robotics-Session5-Ros2/session5_ros2_ws/install/session5_assignment:/home/mohamad/ros2_ws/install/my_robot_controller:/opt/ros/humble /usr/bin/cmake --install /home/mohamad/Inmind/Johnny-Answers-Session11/build/robot_avoidance
[81.266s] -- Install configuration: ""
[81.267s] -- Installing: /home/mohamad/Inmind/Johnny-Answers-Session11/install/robot_avoidance/lib/robot_avoidance/avoidance
[81.863s] -- Set runtime path of "/home/mohamad/Inmind/Johnny-Answers-Session11/install/robot_avoidance/lib/robot_avoidance/avoidance" to ""
[81.863s] -- Up-to-date: /home/mohamad/Inmind/Johnny-Answers-Session11/install/robot_avoidance/share/robot_avoidance/launch
[81.863s] -- Up-to-date: /home/mohamad/Inmind/Johnny-Answers-Session11/install/robot_avoidance/share/robot_avoidance/launch/robot_avoidance_launch.py
[81.864s] -- Up-to-date: /home/mohamad/Inmind/Johnny-Answers-Session11/install/robot_avoidance/share/ament_index/resource_index/package_run_dependencies/robot_avoidance
[81.864s] -- Up-to-date: /home/mohamad/Inmind/Johnny-Answers-Session11/install/robot_avoidance/share/ament_index/resource_index/parent_prefix_path/robot_avoidance
[81.864s] -- Up-to-date: /home/mohamad/Inmind/Johnny-Answers-Session11/install/robot_avoidance/share/robot_avoidance/environment/ament_prefix_path.sh
[81.864s] -- Up-to-date: /home/mohamad/Inmind/Johnny-Answers-Session11/install/robot_avoidance/share/robot_avoidance/environment/ament_prefix_path.dsv
[81.864s] -- Up-to-date: /home/mohamad/Inmind/Johnny-Answers-Session11/install/robot_avoidance/share/robot_avoidance/environment/path.sh
[81.865s] -- Up-to-date: /home/mohamad/Inmind/Johnny-Answers-Session11/install/robot_avoidance/share/robot_avoidance/environment/path.dsv
[81.865s] -- Up-to-date: /home/mohamad/Inmind/Johnny-Answers-Session11/install/robot_avoidance/share/robot_avoidance/local_setup.bash
[81.875s] -- Up-to-date: /home/mohamad/Inmind/Johnny-Answers-Session11/install/robot_avoidance/share/robot_avoidance/local_setup.sh
[81.875s] -- Up-to-date: /home/mohamad/Inmind/Johnny-Answers-Session11/install/robot_avoidance/share/robot_avoidance/local_setup.zsh
[81.875s] -- Up-to-date: /home/mohamad/Inmind/Johnny-Answers-Session11/install/robot_avoidance/share/robot_avoidance/local_setup.dsv
[81.875s] -- Installing: /home/mohamad/Inmind/Johnny-Answers-Session11/install/robot_avoidance/share/robot_avoidance/package.dsv
[81.875s] -- Up-to-date: /home/mohamad/Inmind/Johnny-Answers-Session11/install/robot_avoidance/share/ament_index/resource_index/packages/robot_avoidance
[81.875s] -- Up-to-date: /home/mohamad/Inmind/Johnny-Answers-Session11/install/robot_avoidance/share/robot_avoidance/cmake/robot_avoidanceConfig.cmake
[81.875s] -- Up-to-date: /home/mohamad/Inmind/Johnny-Answers-Session11/install/robot_avoidance/share/robot_avoidance/cmake/robot_avoidanceConfig-version.cmake
[81.876s] -- Up-to-date: /home/mohamad/Inmind/Johnny-Answers-Session11/install/robot_avoidance/share/robot_avoidance/package.xml
[81.928s] Invoked command in '/home/mohamad/Inmind/Johnny-Answers-Session11/build/robot_avoidance' returned '0': CMAKE_PREFIX_PATH=${CMAKE_PREFIX_PATH}:/home/mohamad/Inmind/Robotics-Session7-Assignment/Session7_ros2_ws/install/navigation_robot:/home/mohamad/Inmind/Robotics-Session6-Assignment/Session6_ros2_ws/install/session6_assignment:/home/mohamad/Inmind/ros2_ws/install/session5_academy:/home/mohamad/Inmind/Robotics-Session5-Ros2/session5_ros2_ws/install/session5_assignment:/home/mohamad/ros2_ws/install/my_robot_controller:/opt/ros/humble /usr/bin/cmake --install /home/mohamad/Inmind/Johnny-Answers-Session11/build/robot_avoidance
