[0.008s] Invoking command in '/home/jhny56/Desktop/Session11Test/GroupRMJ-VFF-Avoidance/build/robot_avoidance': CMAKE_PREFIX_PATH=/opt/ros/humble /usr/bin/cmake --build /home/jhny56/Desktop/Session11Test/GroupRMJ-VFF-Avoidance/build/robot_avoidance -- -j16 -l16
[0.102s] [ 50%] [32mBuilding CXX object CMakeFiles/avoidance.dir/src/avoidance_vff_main.cpp.o[0m
[6.100s] [100%] [32m[1mLinking CXX executable avoidance[0m
[6.423s] [100%] Built target avoidance
[6.431s] Invoked command in '/home/jhny56/Desktop/Session11Test/GroupRMJ-VFF-Avoidance/build/robot_avoidance' returned '0': CMAKE_PREFIX_PATH=/opt/ros/humble /usr/bin/cmake --build /home/jhny56/Desktop/Session11Test/GroupRMJ-VFF-Avoidance/build/robot_avoidance -- -j16 -l16
[6.457s] Invoking command in '/home/jhny56/Desktop/Session11Test/GroupRMJ-VFF-Avoidance/build/robot_avoidance': CMAKE_PREFIX_PATH=/opt/ros/humble /usr/bin/cmake --install /home/jhny56/Desktop/Session11Test/GroupRMJ-VFF-Avoidance/build/robot_avoidance
[6.467s] -- Install configuration: ""
[6.467s] -- Installing: /home/jhny56/Desktop/Session11Test/GroupRMJ-VFF-Avoidance/install/robot_avoidance/lib/robot_avoidance/avoidance
[6.475s] -- Set runtime path of "/home/jhny56/Desktop/Session11Test/GroupRMJ-VFF-Avoidance/install/robot_avoidance/lib/robot_avoidance/avoidance" to ""
[6.475s] -- Up-to-date: /home/jhny56/Desktop/Session11Test/GroupRMJ-VFF-Avoidance/install/robot_avoidance/share/robot_avoidance/launch
[6.475s] -- Up-to-date: /home/jhny56/Desktop/Session11Test/GroupRMJ-VFF-Avoidance/install/robot_avoidance/share/robot_avoidance/launch/robot_avoidance_launch.py
[6.475s] -- Up-to-date: /home/jhny56/Desktop/Session11Test/GroupRMJ-VFF-Avoidance/install/robot_avoidance/share/ament_index/resource_index/package_run_dependencies/robot_avoidance
[6.476s] -- Up-to-date: /home/jhny56/Desktop/Session11Test/GroupRMJ-VFF-Avoidance/install/robot_avoidance/share/ament_index/resource_index/parent_prefix_path/robot_avoidance
[6.476s] -- Up-to-date: /home/jhny56/Desktop/Session11Test/GroupRMJ-VFF-Avoidance/install/robot_avoidance/share/robot_avoidance/environment/ament_prefix_path.sh
[6.476s] -- Up-to-date: /home/jhny56/Desktop/Session11Test/GroupRMJ-VFF-Avoidance/install/robot_avoidance/share/robot_avoidance/environment/ament_prefix_path.dsv
[6.476s] -- Up-to-date: /home/jhny56/Desktop/Session11Test/GroupRMJ-VFF-Avoidance/install/robot_avoidance/share/robot_avoidance/environment/path.sh
[6.476s] -- Up-to-date: /home/jhny56/Desktop/Session11Test/GroupRMJ-VFF-Avoidance/install/robot_avoidance/share/robot_avoidance/environment/path.dsv
[6.476s] -- Up-to-date: /home/jhny56/Desktop/Session11Test/GroupRMJ-VFF-Avoidance/install/robot_avoidance/share/robot_avoidance/local_setup.bash
[6.476s] -- Up-to-date: /home/jhny56/Desktop/Session11Test/GroupRMJ-VFF-Avoidance/install/robot_avoidance/share/robot_avoidance/local_setup.sh
[6.476s] -- Up-to-date: /home/jhny56/Desktop/Session11Test/GroupRMJ-VFF-Avoidance/install/robot_avoidance/share/robot_avoidance/local_setup.zsh
[6.476s] -- Up-to-date: /home/jhny56/Desktop/Session11Test/GroupRMJ-VFF-Avoidance/install/robot_avoidance/share/robot_avoidance/local_setup.dsv
[6.476s] -- Installing: /home/jhny56/Desktop/Session11Test/GroupRMJ-VFF-Avoidance/install/robot_avoidance/share/robot_avoidance/package.dsv
[6.476s] -- Up-to-date: /home/jhny56/Desktop/Session11Test/GroupRMJ-VFF-Avoidance/install/robot_avoidance/share/ament_index/resource_index/packages/robot_avoidance
[6.476s] -- Up-to-date: /home/jhny56/Desktop/Session11Test/GroupRMJ-VFF-Avoidance/install/robot_avoidance/share/robot_avoidance/cmake/robot_avoidanceConfig.cmake
[6.476s] -- Up-to-date: /home/jhny56/Desktop/Session11Test/GroupRMJ-VFF-Avoidance/install/robot_avoidance/share/robot_avoidance/cmake/robot_avoidanceConfig-version.cmake
[6.477s] -- Up-to-date: /home/jhny56/Desktop/Session11Test/GroupRMJ-VFF-Avoidance/install/robot_avoidance/share/robot_avoidance/package.xml
[6.479s] Invoked command in '/home/jhny56/Desktop/Session11Test/GroupRMJ-VFF-Avoidance/build/robot_avoidance' returned '0': CMAKE_PREFIX_PATH=/opt/ros/humble /usr/bin/cmake --install /home/jhny56/Desktop/Session11Test/GroupRMJ-VFF-Avoidance/build/robot_avoidance
